000 (33244129.032.000) 09/23 16:20:41 Job submitted from host: <131.225.188.57:9618?addrs=131.225.188.57-9618&noUDP&sock=5995_a65b_3>
...
001 (33244129.032.000) 09/23 16:25:58 Job executing on host: <131.225.205.193:9618?addrs=131.225.205.193-9618&noUDP&sock=7288_8a50_3>
...
006 (33244129.032.000) 09/23 16:26:07 Image size of job updated: 8
	8  -  MemoryUsage of job (MB)
	8380  -  ResidentSetSize of job (KB)
...
006 (33244129.032.000) 09/23 16:27:08 Image size of job updated: 300
	300  -  MemoryUsage of job (MB)
	307564  -  ResidentSetSize of job (KB)
...
006 (33244129.032.000) 09/23 16:28:08 Image size of job updated: 314
	314  -  MemoryUsage of job (MB)
	322040  -  ResidentSetSize of job (KB)
...
006 (33244129.032.000) 09/23 16:29:09 Image size of job updated: 331
	331  -  MemoryUsage of job (MB)
	339904  -  ResidentSetSize of job (KB)
...
006 (33244129.032.000) 09/23 16:29:49 Image size of job updated: 343
	343  -  MemoryUsage of job (MB)
	351332  -  ResidentSetSize of job (KB)
...
005 (33244129.032.000) 09/23 16:29:50 Job terminated.
	(1) Normal termination (return value 0)
		Usr 0 00:03:23, Sys 0 00:00:06  -  Run Remote Usage
		Usr 0 00:00:00, Sys 0 00:00:00  -  Run Local Usage
		Usr 0 00:03:23, Sys 0 00:00:06  -  Total Remote Usage
		Usr 0 00:00:00, Sys 0 00:00:00  -  Total Local Usage
	30795  -  Run Bytes Sent By Job
	11537867  -  Run Bytes Received By Job
	30795  -  Total Bytes Sent By Job
	11537867  -  Total Bytes Received By Job
	Partitionable Resources :    Usage  Request Allocated 
	   Cpus                 :     0.00        1         1 
	   Disk (KB)            : 11322       12500   1617936 
	   Memory (MB)          :   343        2048      2048 
...
