000 (33244129.013.000) 09/23 16:20:40 Job submitted from host: <131.225.188.57:9618?addrs=131.225.188.57-9618&noUDP&sock=5995_a65b_3>
...
001 (33244129.013.000) 09/23 16:25:20 Job executing on host: <131.225.206.231:9618?addrs=131.225.206.231-9618&noUDP&sock=4552_df32_3>
...
006 (33244129.013.000) 09/23 16:25:28 Image size of job updated: 19
	19  -  MemoryUsage of job (MB)
	19848  -  ResidentSetSize of job (KB)
...
006 (33244129.013.000) 09/23 16:26:29 Image size of job updated: 309
	309  -  MemoryUsage of job (MB)
	317008  -  ResidentSetSize of job (KB)
...
006 (33244129.013.000) 09/23 16:27:30 Image size of job updated: 327
	327  -  MemoryUsage of job (MB)
	335180  -  ResidentSetSize of job (KB)
...
006 (33244129.013.000) 09/23 16:28:05 Image size of job updated: 342
	342  -  MemoryUsage of job (MB)
	350812  -  ResidentSetSize of job (KB)
...
005 (33244129.013.000) 09/23 16:28:06 Job terminated.
	(1) Normal termination (return value 0)
		Usr 0 00:02:22, Sys 0 00:00:04  -  Run Remote Usage
		Usr 0 00:00:00, Sys 0 00:00:00  -  Run Local Usage
		Usr 0 00:02:22, Sys 0 00:00:04  -  Total Remote Usage
		Usr 0 00:00:00, Sys 0 00:00:00  -  Total Local Usage
	24503  -  Run Bytes Sent By Job
	11537867  -  Run Bytes Received By Job
	24503  -  Total Bytes Sent By Job
	11537867  -  Total Bytes Received By Job
	Partitionable Resources :    Usage  Request Allocated 
	   Cpus                 :        0        1         1 
	   Disk (KB)            :    11312    12500    318616 
	   Memory (MB)          :      342     2048      2048 
...
