000 (33244129.020.000) 09/23 16:20:40 Job submitted from host: <131.225.188.57:9618?addrs=131.225.188.57-9618&noUDP&sock=5995_a65b_3>
...
001 (33244129.020.000) 09/23 16:25:43 Job executing on host: <131.225.191.176:9618?addrs=131.225.191.176-9618&noUDP&sock=4589_4033_3>
...
006 (33244129.020.000) 09/23 16:25:52 Image size of job updated: 9
	9  -  MemoryUsage of job (MB)
	9524  -  ResidentSetSize of job (KB)
...
006 (33244129.020.000) 09/23 16:26:52 Image size of job updated: 302
	302  -  MemoryUsage of job (MB)
	310040  -  ResidentSetSize of job (KB)
...
006 (33244129.020.000) 09/23 16:27:53 Image size of job updated: 321
	321  -  MemoryUsage of job (MB)
	329184  -  ResidentSetSize of job (KB)
...
006 (33244129.020.000) 09/23 16:28:45 Image size of job updated: 344
	344  -  MemoryUsage of job (MB)
	352912  -  ResidentSetSize of job (KB)
...
005 (33244129.020.000) 09/23 16:28:47 Job terminated.
	(1) Normal termination (return value 0)
		Usr 0 00:02:26, Sys 0 00:00:03  -  Run Remote Usage
		Usr 0 00:00:00, Sys 0 00:00:00  -  Run Local Usage
		Usr 0 00:02:26, Sys 0 00:00:03  -  Total Remote Usage
		Usr 0 00:00:00, Sys 0 00:00:00  -  Total Local Usage
	20090  -  Run Bytes Sent By Job
	11537867  -  Run Bytes Received By Job
	20090  -  Total Bytes Sent By Job
	11537867  -  Total Bytes Received By Job
	Partitionable Resources :    Usage  Request Allocated 
	   Cpus                 :     0.00        1         1 
	   Disk (KB)            : 11308       12500    306864 
	   Memory (MB)          :   344        2048      2048 
...
