000 (33244129.024.000) 09/23 16:20:40 Job submitted from host: <131.225.188.57:9618?addrs=131.225.188.57-9618&noUDP&sock=5995_a65b_3>
...
001 (33244129.024.000) 09/23 16:25:44 Job executing on host: <131.225.206.159:9618?addrs=131.225.206.159-9618&noUDP&sock=4545_1208_3>
...
006 (33244129.024.000) 09/23 16:25:53 Image size of job updated: 1
	0  -  MemoryUsage of job (MB)
	820  -  ResidentSetSize of job (KB)
...
006 (33244129.024.000) 09/23 16:26:53 Image size of job updated: 307
	307  -  MemoryUsage of job (MB)
	315272  -  ResidentSetSize of job (KB)
...
006 (33244129.024.000) 09/23 16:27:53 Image size of job updated: 326
	326  -  MemoryUsage of job (MB)
	334532  -  ResidentSetSize of job (KB)
...
006 (33244129.024.000) 09/23 16:28:32 Image size of job updated: 341
	341  -  MemoryUsage of job (MB)
	350092  -  ResidentSetSize of job (KB)
...
005 (33244129.024.000) 09/23 16:28:33 Job terminated.
	(1) Normal termination (return value 0)
		Usr 0 00:02:20, Sys 0 00:00:04  -  Run Remote Usage
		Usr 0 00:00:00, Sys 0 00:00:00  -  Run Local Usage
		Usr 0 00:02:20, Sys 0 00:00:04  -  Total Remote Usage
		Usr 0 00:00:00, Sys 0 00:00:00  -  Total Local Usage
	23567  -  Run Bytes Sent By Job
	11537867  -  Run Bytes Received By Job
	23567  -  Total Bytes Sent By Job
	11537867  -  Total Bytes Received By Job
	Partitionable Resources :    Usage  Request Allocated 
	   Cpus                 :     0.00        1         1 
	   Disk (KB)            : 11311       12500    315579 
	   Memory (MB)          :   341        2048      2048 
...
