Mon Sep 23 21:26:10 UTC 2019
CMSSW_10_2_13.tgz
_condor_stderr
_condor_stdout
card_rhalphabet_all_2016_floatZ.root
condor_exec.exe
docker_stderror
runjob.sh
tmp
var
x509up_u51467
Resetting caches
Done: ProjectRename
Execute with git status/log:
On branch deco
Your branch is up to date with 'origin/deco'.

nothing to commit (use -u to show untracked files)
commit dc006892e1fe57e608869cd5db512c039a22a0a6
Author: Martin <ka_hei_martin_kwok@brown.edu>
Date:   Mon Sep 23 13:53:29 2019 -0500

    Fix copy output
 <<< Combine >>> 
Will use saturated models to compute goodness of fit for a binned likelihood
>>> method used is GoodnessOfFit
>>> random number generator seed is 123456
Set Range of Parameter r To : (-20,20)
Set Default Value of Parameter r_z To : 1

 --- GoodnessOfFit --- 
Best fit test statistic: 134.915
Done in 0.16 min (cpu), 0.17 min (real)
 <<< Combine >>> 
Will use saturated models to compute goodness of fit for a binned likelihood
>>> method used is GoodnessOfFit
>>> random number generator seed is 36
Set Range of Parameter r To : (-20,20)
Set Default Value of Parameter r_z To : 1
Generate toy 1/10

 --- GoodnessOfFit --- 
Best fit test statistic: 125.543
Done in 0.14 min (cpu), 0.14 min (real)
Generate toy 2/10

 --- GoodnessOfFit --- 
Best fit test statistic: 118.723
Done in 0.15 min (cpu), 0.15 min (real)
Generate toy 3/10

 --- GoodnessOfFit --- 
Best fit test statistic: 111.284
Done in 0.17 min (cpu), 0.17 min (real)
Generate toy 4/10

 --- GoodnessOfFit --- 
Best fit test statistic: 100.12
Done in 0.16 min (cpu), 0.16 min (real)
Generate toy 5/10

 --- GoodnessOfFit --- 
Best fit test statistic: 131.473
Done in 0.17 min (cpu), 0.17 min (real)
Generate toy 6/10

 --- GoodnessOfFit --- 
Best fit test statistic: 106.122
Done in 0.19 min (cpu), 0.19 min (real)
Generate toy 7/10

 --- GoodnessOfFit --- 
Best fit test statistic: 125.252
Done in 0.19 min (cpu), 0.19 min (real)
Generate toy 8/10

 --- GoodnessOfFit --- 
Best fit test statistic: 139.161
Done in 0.20 min (cpu), 0.20 min (real)
Generate toy 9/10

 --- GoodnessOfFit --- 
Best fit test statistic: 126.411
Done in 0.20 min (cpu), 0.20 min (real)
Generate toy 10/10

 --- GoodnessOfFit --- 
Best fit test statistic: 127.819
Done in 0.22 min (cpu), 0.22 min (real)
mean   expected limit: r < 121.191 +/- 3.81599 @ 95%CL (10 toyMC)
median expected limit: r < 125.398 @ 95%CL (10 toyMC)
   68% expected band : 106.122 < r < 139.161
   95% expected band : 100.12 < r < 139.161
combine -M GoodnessOfFit /storage/local/data1/condor/execute/dir_10199/card_rhalphabet_all_2016_floatZ.root  --setParameterRange r=-20,20 --setParameters r_z=1 --algorithm saturated -n card_rhalphabet_all_2016_floatZ --freezeParameters r_z --redefineSignalPOIs r
cp higgsCombinecard_rhalphabet_all_2016_floatZ.GoodnessOfFit.mH120.root /storage/local/data1/condor/execute/dir_10199//goodbase_36.root
combine -M GoodnessOfFit /storage/local/data1/condor/execute/dir_10199/card_rhalphabet_all_2016_floatZ.root  --setParameterRange r=-20,20 --setParameters r_z=1 -s 36 -t 10 --toysFrequentist --algorithm saturated -n card_rhalphabet_all_2016_floatZ --freezeParameters r_z --redefineSignalPOIs r
cp higgsCombinecard_rhalphabet_all_2016_floatZ.GoodnessOfFit.mH120.36.root /storage/local/data1/condor/execute/dir_10199//goodtoys_36.root
GoodnessOfFit p-value 0.9
 FCN=7.1402 FROM MINOS     STATUS=SUCCESSFUL     24 CALLS        1349 TOTAL
                     EDM=1.81016e-09    STRATEGY= 1      ERROR MATRIX ACCURATE 
  EXT PARAMETER                                   STEP         FIRST   
  NO.   NAME      VALUE            ERROR          SIZE      DERIVATIVE 
   1  p0           3.41654e+01   1.08041e+01  -8.28246e-06  -3.82054e-08
   2  p1           1.21435e+02   4.90791e+00   4.90791e+00   1.00129e-11
                               ERR DEF= 0.5
Inside /storage/local/data1/condor/execute/dir_10199:
CMSSW_10_2_13
CMSSW_10_2_13.tgz
_condor_stderr
_condor_stdout
card_rhalphabet_all_2016_floatZ.root
condor_exec.exe
docker_stderror
goodbase_36.root
goodness_saturated_card_rhalphabet_all_2016_floatZ.C
goodness_saturated_card_rhalphabet_all_2016_floatZ.pdf
goodtoys_36.root
runjob.sh
tmp
var
x509up_u51467
DELETING...
CMSSW_10_2_13.tgz
_condor_stderr
_condor_stdout
card_rhalphabet_all_2016_floatZ.root
condor_exec.exe
docker_stderror
goodbase_36.root
goodtoys_36.root
runjob.sh
tmp
var
x509up_u51467
Mon Sep 23 21:28:56 UTC 2019
