Mon Sep 23 21:25:19 UTC 2019
CMSSW_10_2_13.tgz
_condor_stderr
_condor_stdout
card_rhalphabet_all_2016_floatZ.root
condor_exec.exe
docker_stderror
runjob.sh
tmp
var
x509up_u51467
Resetting caches
Done: ProjectRename
Execute with git status/log:
On branch deco
Your branch is up to date with 'origin/deco'.

nothing to commit (use -u to show untracked files)
commit dc006892e1fe57e608869cd5db512c039a22a0a6
Author: Martin <ka_hei_martin_kwok@brown.edu>
Date:   Mon Sep 23 13:53:29 2019 -0500

    Fix copy output
 <<< Combine >>> 
Will use saturated models to compute goodness of fit for a binned likelihood
>>> method used is GoodnessOfFit
>>> random number generator seed is 123456
Set Range of Parameter r To : (-20,20)
Set Default Value of Parameter r_z To : 1

 --- GoodnessOfFit --- 
Best fit test statistic: 134.915
Done in 0.21 min (cpu), 0.21 min (real)
 <<< Combine >>> 
Will use saturated models to compute goodness of fit for a binned likelihood
>>> method used is GoodnessOfFit
>>> random number generator seed is 12
Set Range of Parameter r To : (-20,20)
Set Default Value of Parameter r_z To : 1
Generate toy 1/10

 --- GoodnessOfFit --- 
Best fit test statistic: 110.335
Done in 0.17 min (cpu), 0.17 min (real)
Generate toy 2/10

 --- GoodnessOfFit --- 
Best fit test statistic: 99.9854
Done in 0.20 min (cpu), 0.20 min (real)
Generate toy 3/10

 --- GoodnessOfFit --- 
Best fit test statistic: 149.444
Done in 0.21 min (cpu), 0.21 min (real)
Generate toy 4/10

 --- GoodnessOfFit --- 
Best fit test statistic: 145.807
Done in 0.21 min (cpu), 0.21 min (real)
Generate toy 5/10

 --- GoodnessOfFit --- 
Best fit test statistic: 112.946
Done in 0.22 min (cpu), 0.22 min (real)
Generate toy 6/10

 --- GoodnessOfFit --- 
Best fit test statistic: 128.188
Done in 0.24 min (cpu), 0.24 min (real)
Generate toy 7/10

 --- GoodnessOfFit --- 
Best fit test statistic: 115.298
Done in 0.22 min (cpu), 0.22 min (real)
Generate toy 8/10

 --- GoodnessOfFit --- 
Best fit test statistic: 90.1417
Done in 0.24 min (cpu), 0.24 min (real)
Generate toy 9/10

 --- GoodnessOfFit --- 
Best fit test statistic: 94.0437
Done in 0.26 min (cpu), 0.26 min (real)
Generate toy 10/10

 --- GoodnessOfFit --- 
Best fit test statistic: 145.626
Done in 0.25 min (cpu), 0.25 min (real)
mean   expected limit: r < 119.182 +/- 6.97701 @ 95%CL (10 toyMC)
median expected limit: r < 114.122 @ 95%CL (10 toyMC)
   68% expected band : 94.0437 < r < 149.444
   95% expected band : 90.1417 < r < 149.444
combine -M GoodnessOfFit /storage/local/data1/condor/execute/dir_20626/card_rhalphabet_all_2016_floatZ.root  --setParameterRange r=-20,20 --setParameters r_z=1 --algorithm saturated -n card_rhalphabet_all_2016_floatZ --freezeParameters r_z --redefineSignalPOIs r
cp higgsCombinecard_rhalphabet_all_2016_floatZ.GoodnessOfFit.mH120.root /storage/local/data1/condor/execute/dir_20626//goodbase_12.root
combine -M GoodnessOfFit /storage/local/data1/condor/execute/dir_20626/card_rhalphabet_all_2016_floatZ.root  --setParameterRange r=-20,20 --setParameters r_z=1 -s 12 -t 10 --toysFrequentist --algorithm saturated -n card_rhalphabet_all_2016_floatZ --freezeParameters r_z --redefineSignalPOIs r
cp higgsCombinecard_rhalphabet_all_2016_floatZ.GoodnessOfFit.mH120.12.root /storage/local/data1/condor/execute/dir_20626//goodtoys_12.root
GoodnessOfFit p-value 0.7
 FCN=10.5387 FROM MINOS     STATUS=SUCCESSFUL     24 CALLS        1344 TOTAL
                     EDM=6.65133e-10    STRATEGY= 1      ERROR MATRIX ACCURATE 
  EXT PARAMETER                                   STEP         FIRST   
  NO.   NAME      VALUE            ERROR          SIZE      DERIVATIVE 
   1  p0           3.56346e+01   1.12686e+01   5.95119e-06  -4.96798e-08
   2  p1           1.17977e+02   4.83694e+00   4.83694e+00  -1.59021e-08
                               ERR DEF= 0.5
Inside /storage/local/data1/condor/execute/dir_20626:
CMSSW_10_2_13
CMSSW_10_2_13.tgz
_condor_stderr
_condor_stdout
card_rhalphabet_all_2016_floatZ.root
condor_exec.exe
docker_stderror
goodbase_12.root
goodness_saturated_card_rhalphabet_all_2016_floatZ.C
goodness_saturated_card_rhalphabet_all_2016_floatZ.pdf
goodtoys_12.root
runjob.sh
tmp
var
x509up_u51467
DELETING...
CMSSW_10_2_13.tgz
_condor_stderr
_condor_stdout
card_rhalphabet_all_2016_floatZ.root
condor_exec.exe
docker_stderror
goodbase_12.root
goodtoys_12.root
runjob.sh
tmp
var
x509up_u51467
Mon Sep 23 21:28:43 UTC 2019
