000 (33244129.008.000) 09/23 16:20:40 Job submitted from host: <131.225.188.57:9618?addrs=131.225.188.57-9618&noUDP&sock=5995_a65b_3>
...
001 (33244129.008.000) 09/23 16:25:10 Job executing on host: <131.225.206.13:9618?addrs=131.225.206.13-9618&noUDP&sock=4545_1208_3>
...
006 (33244129.008.000) 09/23 16:25:19 Image size of job updated: 1
	0  -  MemoryUsage of job (MB)
	832  -  ResidentSetSize of job (KB)
...
006 (33244129.008.000) 09/23 16:26:20 Image size of job updated: 307
	307  -  MemoryUsage of job (MB)
	315316  -  ResidentSetSize of job (KB)
...
006 (33244129.008.000) 09/23 16:27:20 Image size of job updated: 324
	324  -  MemoryUsage of job (MB)
	332476  -  ResidentSetSize of job (KB)
...
006 (33244129.008.000) 09/23 16:28:04 Image size of job updated: 339
	339  -  MemoryUsage of job (MB)
	347612  -  ResidentSetSize of job (KB)
...
005 (33244129.008.000) 09/23 16:28:06 Job terminated.
	(1) Normal termination (return value 0)
		Usr 0 00:02:18, Sys 0 00:00:04  -  Run Remote Usage
		Usr 0 00:00:00, Sys 0 00:00:00  -  Run Local Usage
		Usr 0 00:02:18, Sys 0 00:00:04  -  Total Remote Usage
		Usr 0 00:00:00, Sys 0 00:00:00  -  Total Local Usage
	23206  -  Run Bytes Sent By Job
	11537867  -  Run Bytes Received By Job
	23206  -  Total Bytes Sent By Job
	11537867  -  Total Bytes Received By Job
	Partitionable Resources :    Usage  Request Allocated 
	   Cpus                 :        0        1         1 
	   Disk (KB)            :    11311    12500    303474 
	   Memory (MB)          :      339     2048      2048 
...
