Mon Sep 23 21:26:16 UTC 2019
CMSSW_10_2_13.tgz
_condor_stderr
_condor_stdout
card_rhalphabet_all_2016_floatZ.root
condor_exec.exe
docker_stderror
runjob.sh
tmp
var
x509up_u51467
Resetting caches
Done: ProjectRename
Execute with git status/log:
On branch deco
Your branch is up to date with 'origin/deco'.

nothing to commit (use -u to show untracked files)
commit dc006892e1fe57e608869cd5db512c039a22a0a6
Author: Martin <ka_hei_martin_kwok@brown.edu>
Date:   Mon Sep 23 13:53:29 2019 -0500

    Fix copy output
 <<< Combine >>> 
Will use saturated models to compute goodness of fit for a binned likelihood
>>> method used is GoodnessOfFit
>>> random number generator seed is 123456
Set Range of Parameter r To : (-20,20)
Set Default Value of Parameter r_z To : 1

 --- GoodnessOfFit --- 
Best fit test statistic: 134.915
Done in 0.17 min (cpu), 0.17 min (real)
 <<< Combine >>> 
Will use saturated models to compute goodness of fit for a binned likelihood
>>> method used is GoodnessOfFit
>>> random number generator seed is 46
Set Range of Parameter r To : (-20,20)
Set Default Value of Parameter r_z To : 1
Generate toy 1/10

 --- GoodnessOfFit --- 
Best fit test statistic: 125.908
Done in 0.14 min (cpu), 0.14 min (real)
Generate toy 2/10

 --- GoodnessOfFit --- 
Best fit test statistic: 120.194
Done in 0.17 min (cpu), 0.17 min (real)
Generate toy 3/10

 --- GoodnessOfFit --- 
Best fit test statistic: 124.025
Done in 0.18 min (cpu), 0.18 min (real)
Generate toy 4/10

 --- GoodnessOfFit --- 
Best fit test statistic: 89.8865
Done in 0.19 min (cpu), 0.19 min (real)
Generate toy 5/10

 --- GoodnessOfFit --- 
Best fit test statistic: 103.892
Done in 0.19 min (cpu), 0.19 min (real)
Generate toy 6/10

 --- GoodnessOfFit --- 
Best fit test statistic: 135.76
Done in 0.19 min (cpu), 0.19 min (real)
Generate toy 7/10

 --- GoodnessOfFit --- 
Best fit test statistic: 117.781
Done in 0.21 min (cpu), 0.21 min (real)
Generate toy 8/10

 --- GoodnessOfFit --- 
Best fit test statistic: 90.5579
Done in 0.21 min (cpu), 0.21 min (real)
Generate toy 9/10

 --- GoodnessOfFit --- 
Best fit test statistic: 122.565
Done in 0.19 min (cpu), 0.19 min (real)
Generate toy 10/10

 --- GoodnessOfFit --- 
Best fit test statistic: 100.369
Done in 0.22 min (cpu), 0.22 min (real)
mean   expected limit: r < 113.094 +/- 5.00287 @ 95%CL (10 toyMC)
median expected limit: r < 118.987 @ 95%CL (10 toyMC)
   68% expected band : 90.5579 < r < 135.76
   95% expected band : 89.8865 < r < 135.76
combine -M GoodnessOfFit /storage/local/data1/condor/execute/dir_11067/card_rhalphabet_all_2016_floatZ.root  --setParameterRange r=-20,20 --setParameters r_z=1 --algorithm saturated -n card_rhalphabet_all_2016_floatZ --freezeParameters r_z --redefineSignalPOIs r
cp higgsCombinecard_rhalphabet_all_2016_floatZ.GoodnessOfFit.mH120.root /storage/local/data1/condor/execute/dir_11067//goodbase_46.root
combine -M GoodnessOfFit /storage/local/data1/condor/execute/dir_11067/card_rhalphabet_all_2016_floatZ.root  --setParameterRange r=-20,20 --setParameters r_z=1 -s 46 -t 10 --toysFrequentist --algorithm saturated -n card_rhalphabet_all_2016_floatZ --freezeParameters r_z --redefineSignalPOIs r
cp higgsCombinecard_rhalphabet_all_2016_floatZ.GoodnessOfFit.mH120.46.root /storage/local/data1/condor/execute/dir_11067//goodtoys_46.root
GoodnessOfFit p-value 0.9
 FCN=9.32341 FROM MINOS     STATUS=SUCCESSFUL     25 CALLS         232 TOTAL
                     EDM=4.53265e-07    STRATEGY= 1      ERROR MATRIX ACCURATE 
  EXT PARAMETER                                   STEP         FIRST   
  NO.   NAME      VALUE            ERROR          SIZE      DERIVATIVE 
   1  p0           3.36759e+01   1.06493e+01  -1.01544e-05  -4.79805e-08
   2  p1           1.12391e+02   4.72004e+00   4.72004e+00  -6.36137e-12
                               ERR DEF= 0.5
Inside /storage/local/data1/condor/execute/dir_11067:
CMSSW_10_2_13
CMSSW_10_2_13.tgz
_condor_stderr
_condor_stdout
card_rhalphabet_all_2016_floatZ.root
condor_exec.exe
docker_stderror
goodbase_46.root
goodness_saturated_card_rhalphabet_all_2016_floatZ.C
goodness_saturated_card_rhalphabet_all_2016_floatZ.pdf
goodtoys_46.root
runjob.sh
tmp
var
x509up_u51467
DELETING...
CMSSW_10_2_13.tgz
_condor_stderr
_condor_stdout
card_rhalphabet_all_2016_floatZ.root
condor_exec.exe
docker_stderror
goodbase_46.root
goodtoys_46.root
runjob.sh
tmp
var
x509up_u51467
Mon Sep 23 21:29:01 UTC 2019
