Mon Sep 23 21:25:13 UTC 2019
CMSSW_10_2_13.tgz
_condor_stderr
_condor_stdout
card_rhalphabet_all_2016_floatZ.root
condor_exec.exe
docker_stderror
runjob.sh
tmp
var
x509up_u51467
Resetting caches
Done: ProjectRename
Execute with git status/log:
On branch deco
Your branch is up to date with 'origin/deco'.

nothing to commit (use -u to show untracked files)
commit dc006892e1fe57e608869cd5db512c039a22a0a6
Author: Martin <ka_hei_martin_kwok@brown.edu>
Date:   Mon Sep 23 13:53:29 2019 -0500

    Fix copy output
 <<< Combine >>> 
Will use saturated models to compute goodness of fit for a binned likelihood
>>> method used is GoodnessOfFit
>>> random number generator seed is 123456
Set Range of Parameter r To : (-20,20)
Set Default Value of Parameter r_z To : 1

 --- GoodnessOfFit --- 
Best fit test statistic: 134.915
Done in 0.16 min (cpu), 0.16 min (real)
 <<< Combine >>> 
Will use saturated models to compute goodness of fit for a binned likelihood
>>> method used is GoodnessOfFit
>>> random number generator seed is 6
Set Range of Parameter r To : (-20,20)
Set Default Value of Parameter r_z To : 1
Generate toy 1/10

 --- GoodnessOfFit --- 
Best fit test statistic: 128.423
Done in 0.14 min (cpu), 0.14 min (real)
Generate toy 2/10

 --- GoodnessOfFit --- 
Best fit test statistic: 99.3442
Done in 0.16 min (cpu), 0.16 min (real)
Generate toy 3/10

 --- GoodnessOfFit --- 
Best fit test statistic: 117.27
Done in 0.17 min (cpu), 0.17 min (real)
Generate toy 4/10

 --- GoodnessOfFit --- 
Best fit test statistic: 107.191
Done in 0.18 min (cpu), 0.18 min (real)
Generate toy 5/10

 --- GoodnessOfFit --- 
Best fit test statistic: 108.306
Done in 0.18 min (cpu), 0.18 min (real)
Generate toy 6/10

 --- GoodnessOfFit --- 
Best fit test statistic: 124.373
Done in 0.18 min (cpu), 0.18 min (real)
Generate toy 7/10

 --- GoodnessOfFit --- 
Best fit test statistic: 103.434
Done in 0.20 min (cpu), 0.20 min (real)
Generate toy 8/10

 --- GoodnessOfFit --- 
Best fit test statistic: 85.4674
Done in 0.20 min (cpu), 0.20 min (real)
Generate toy 9/10

 --- GoodnessOfFit --- 
Best fit test statistic: 113.969
Done in 0.21 min (cpu), 0.21 min (real)
Generate toy 10/10

 --- GoodnessOfFit --- 
Best fit test statistic: 145.725
Done in 0.20 min (cpu), 0.20 min (real)
mean   expected limit: r < 113.35 +/- 5.32071 @ 95%CL (10 toyMC)
median expected limit: r < 111.138 @ 95%CL (10 toyMC)
   68% expected band : 99.3442 < r < 145.725
   95% expected band : 85.4674 < r < 145.725
combine -M GoodnessOfFit /storage/local/data1/condor/execute/dir_30859/card_rhalphabet_all_2016_floatZ.root  --setParameterRange r=-20,20 --setParameters r_z=1 --algorithm saturated -n card_rhalphabet_all_2016_floatZ --freezeParameters r_z --redefineSignalPOIs r
cp higgsCombinecard_rhalphabet_all_2016_floatZ.GoodnessOfFit.mH120.root /storage/local/data1/condor/execute/dir_30859//goodbase_6.root
combine -M GoodnessOfFit /storage/local/data1/condor/execute/dir_30859/card_rhalphabet_all_2016_floatZ.root  --setParameterRange r=-20,20 --setParameters r_z=1 -s 6 -t 10 --toysFrequentist --algorithm saturated -n card_rhalphabet_all_2016_floatZ --freezeParameters r_z --redefineSignalPOIs r
cp higgsCombinecard_rhalphabet_all_2016_floatZ.GoodnessOfFit.mH120.6.root /storage/local/data1/condor/execute/dir_30859//goodtoys_6.root
GoodnessOfFit p-value 0.9
 FCN=7.52492 FROM MINOS     STATUS=SUCCESSFUL     24 CALLS         331 TOTAL
                     EDM=7.30131e-07    STRATEGY= 1      ERROR MATRIX ACCURATE 
  EXT PARAMETER                                   STEP         FIRST   
  NO.   NAME      VALUE            ERROR          SIZE      DERIVATIVE 
   1  p0           3.50978e+01   1.10989e+01  -8.88423e-06  -3.91342e-08
   2  p1           1.13292e+02   4.73910e+00   4.73910e+00  -8.73856e-12
                               ERR DEF= 0.5
Inside /storage/local/data1/condor/execute/dir_30859:
CMSSW_10_2_13
CMSSW_10_2_13.tgz
_condor_stderr
_condor_stdout
card_rhalphabet_all_2016_floatZ.root
condor_exec.exe
docker_stderror
goodbase_6.root
goodness_saturated_card_rhalphabet_all_2016_floatZ.C
goodness_saturated_card_rhalphabet_all_2016_floatZ.pdf
goodtoys_6.root
runjob.sh
tmp
var
x509up_u51467
DELETING...
CMSSW_10_2_13.tgz
_condor_stderr
_condor_stdout
card_rhalphabet_all_2016_floatZ.root
condor_exec.exe
docker_stderror
goodbase_6.root
goodtoys_6.root
runjob.sh
tmp
var
x509up_u51467
Mon Sep 23 21:28:00 UTC 2019
