Mon Sep 23 21:25:45 UTC 2019
CMSSW_10_2_13.tgz
_condor_stderr
_condor_stdout
card_rhalphabet_all_2016_floatZ.root
condor_exec.exe
docker_stderror
runjob.sh
tmp
var
x509up_u51467
Resetting caches
Done: ProjectRename
Execute with git status/log:
On branch deco
Your branch is up to date with 'origin/deco'.

nothing to commit (use -u to show untracked files)
commit dc006892e1fe57e608869cd5db512c039a22a0a6
Author: Martin <ka_hei_martin_kwok@brown.edu>
Date:   Mon Sep 23 13:53:29 2019 -0500

    Fix copy output
 <<< Combine >>> 
Will use saturated models to compute goodness of fit for a binned likelihood
>>> method used is GoodnessOfFit
>>> random number generator seed is 123456
Set Range of Parameter r To : (-20,20)
Set Default Value of Parameter r_z To : 1

 --- GoodnessOfFit --- 
Best fit test statistic: 134.915
Done in 0.17 min (cpu), 0.18 min (real)
 <<< Combine >>> 
Will use saturated models to compute goodness of fit for a binned likelihood
>>> method used is GoodnessOfFit
>>> random number generator seed is 22
Set Range of Parameter r To : (-20,20)
Set Default Value of Parameter r_z To : 1
Generate toy 1/10

 --- GoodnessOfFit --- 
Best fit test statistic: 106.517
Done in 0.13 min (cpu), 0.13 min (real)
Generate toy 2/10

 --- GoodnessOfFit --- 
Best fit test statistic: 96.7235
Done in 0.16 min (cpu), 0.16 min (real)
Generate toy 3/10

 --- GoodnessOfFit --- 
Best fit test statistic: 104.822
Done in 0.17 min (cpu), 0.17 min (real)
Generate toy 4/10

 --- GoodnessOfFit --- 
Best fit test statistic: 98.8451
Done in 0.15 min (cpu), 0.15 min (real)
Generate toy 5/10

 --- GoodnessOfFit --- 
Best fit test statistic: 130.287
Done in 0.16 min (cpu), 0.16 min (real)
Generate toy 6/10

 --- GoodnessOfFit --- 
Best fit test statistic: 102.084
Done in 0.19 min (cpu), 0.19 min (real)
Generate toy 7/10

 --- GoodnessOfFit --- 
Best fit test statistic: 92.8874
Done in 0.19 min (cpu), 0.20 min (real)
Generate toy 8/10

 --- GoodnessOfFit --- 
Best fit test statistic: 116.625
Done in 0.19 min (cpu), 0.20 min (real)
Generate toy 9/10

 --- GoodnessOfFit --- 
Best fit test statistic: 115.94
Done in 0.21 min (cpu), 0.21 min (real)
Generate toy 10/10

 --- GoodnessOfFit --- 
Best fit test statistic: 120.528
Done in 0.22 min (cpu), 0.22 min (real)
mean   expected limit: r < 108.526 +/- 3.76388 @ 95%CL (10 toyMC)
median expected limit: r < 105.67 @ 95%CL (10 toyMC)
   68% expected band : 96.7235 < r < 130.287
   95% expected band : 92.8874 < r < 130.287
combine -M GoodnessOfFit /storage/local/data1/condor/execute/dir_8180/card_rhalphabet_all_2016_floatZ.root  --setParameterRange r=-20,20 --setParameters r_z=1 --algorithm saturated -n card_rhalphabet_all_2016_floatZ --freezeParameters r_z --redefineSignalPOIs r
cp higgsCombinecard_rhalphabet_all_2016_floatZ.GoodnessOfFit.mH120.root /storage/local/data1/condor/execute/dir_8180//goodbase_22.root
combine -M GoodnessOfFit /storage/local/data1/condor/execute/dir_8180/card_rhalphabet_all_2016_floatZ.root  --setParameterRange r=-20,20 --setParameters r_z=1 -s 22 -t 10 --toysFrequentist --algorithm saturated -n card_rhalphabet_all_2016_floatZ --freezeParameters r_z --redefineSignalPOIs r
cp higgsCombinecard_rhalphabet_all_2016_floatZ.GoodnessOfFit.mH120.22.root /storage/local/data1/condor/execute/dir_8180//goodtoys_22.root
GoodnessOfFit p-value 1.0
 FCN=6.44319 FROM MINOS     STATUS=SUCCESSFUL     24 CALLS         207 TOTAL
                     EDM=2.91724e-07    STRATEGY= 1      ERROR MATRIX ACCURATE 
  EXT PARAMETER                                   STEP         FIRST   
  NO.   NAME      VALUE            ERROR          SIZE      DERIVATIVE 
   1  p0           3.35573e+01   1.06117e+01  -7.39936e-06  -3.55320e-08
   2  p1           1.08508e+02   4.63704e+00   4.63704e+00  -3.71132e-12
                               ERR DEF= 0.5
Inside /storage/local/data1/condor/execute/dir_8180:
CMSSW_10_2_13
CMSSW_10_2_13.tgz
_condor_stderr
_condor_stdout
card_rhalphabet_all_2016_floatZ.root
condor_exec.exe
docker_stderror
goodbase_22.root
goodness_saturated_card_rhalphabet_all_2016_floatZ.C
goodness_saturated_card_rhalphabet_all_2016_floatZ.pdf
goodtoys_22.root
runjob.sh
tmp
var
x509up_u51467
DELETING...
CMSSW_10_2_13.tgz
_condor_stderr
_condor_stdout
card_rhalphabet_all_2016_floatZ.root
condor_exec.exe
docker_stderror
goodbase_22.root
goodtoys_22.root
runjob.sh
tmp
var
x509up_u51467
Mon Sep 23 21:28:34 UTC 2019
