000 (33244129.028.000) 09/23 16:20:40 Job submitted from host: <131.225.188.57:9618?addrs=131.225.188.57-9618&noUDP&sock=5995_a65b_3>
...
001 (33244129.028.000) 09/23 16:25:46 Job executing on host: <131.225.206.219:9618?addrs=131.225.206.219-9618&noUDP&sock=3139_abdf_3>
...
006 (33244129.028.000) 09/23 16:25:55 Image size of job updated: 2
	2  -  MemoryUsage of job (MB)
	2944  -  ResidentSetSize of job (KB)
...
006 (33244129.028.000) 09/23 16:26:55 Image size of job updated: 299
	299  -  MemoryUsage of job (MB)
	306852  -  ResidentSetSize of job (KB)
...
006 (33244129.028.000) 09/23 16:27:56 Image size of job updated: 326
	326  -  MemoryUsage of job (MB)
	334692  -  ResidentSetSize of job (KB)
...
006 (33244129.028.000) 09/23 16:28:35 Image size of job updated: 342
	342  -  MemoryUsage of job (MB)
	350212  -  ResidentSetSize of job (KB)
...
005 (33244129.028.000) 09/23 16:28:37 Job terminated.
	(1) Normal termination (return value 0)
		Usr 0 00:02:23, Sys 0 00:00:04  -  Run Remote Usage
		Usr 0 00:00:00, Sys 0 00:00:00  -  Run Local Usage
		Usr 0 00:02:23, Sys 0 00:00:04  -  Total Remote Usage
		Usr 0 00:00:00, Sys 0 00:00:00  -  Total Local Usage
	24454  -  Run Bytes Sent By Job
	11537867  -  Run Bytes Received By Job
	24454  -  Total Bytes Sent By Job
	11537867  -  Total Bytes Received By Job
	Partitionable Resources :    Usage  Request Allocated 
	   Cpus                 :        0        1         1 
	   Disk (KB)            :    11312    12500    318031 
	   Memory (MB)          :      342     2048      2048 
...
