Mon Sep 23 21:25:16 UTC 2019
CMSSW_10_2_13.tgz
_condor_stderr
_condor_stdout
card_rhalphabet_all_2016_floatZ.root
condor_exec.exe
docker_stderror
runjob.sh
tmp
var
x509up_u51467
Resetting caches
Done: ProjectRename
Execute with git status/log:
On branch deco
Your branch is up to date with 'origin/deco'.

nothing to commit (use -u to show untracked files)
commit dc006892e1fe57e608869cd5db512c039a22a0a6
Author: Martin <ka_hei_martin_kwok@brown.edu>
Date:   Mon Sep 23 13:53:29 2019 -0500

    Fix copy output
 <<< Combine >>> 
Will use saturated models to compute goodness of fit for a binned likelihood
>>> method used is GoodnessOfFit
>>> random number generator seed is 123456
Set Range of Parameter r To : (-20,20)
Set Default Value of Parameter r_z To : 1

 --- GoodnessOfFit --- 
Best fit test statistic: 134.915
Done in 0.23 min (cpu), 0.24 min (real)
 <<< Combine >>> 
Will use saturated models to compute goodness of fit for a binned likelihood
>>> method used is GoodnessOfFit
>>> random number generator seed is 10
Set Range of Parameter r To : (-20,20)
Set Default Value of Parameter r_z To : 1
Generate toy 1/10

 --- GoodnessOfFit --- 
Best fit test statistic: 110.421
Done in 0.20 min (cpu), 0.20 min (real)
Generate toy 2/10

 --- GoodnessOfFit --- 
Best fit test statistic: 119.785
Done in 0.22 min (cpu), 0.22 min (real)
Generate toy 3/10

 --- GoodnessOfFit --- 
Best fit test statistic: 141.349
Done in 0.23 min (cpu), 0.23 min (real)
Generate toy 4/10

 --- GoodnessOfFit --- 
Best fit test statistic: 114.981
Done in 0.25 min (cpu), 0.25 min (real)
Generate toy 5/10

 --- GoodnessOfFit --- 
Best fit test statistic: 97.3837
Done in 0.24 min (cpu), 0.24 min (real)
Generate toy 6/10

 --- GoodnessOfFit --- 
Best fit test statistic: 136.656
Done in 0.28 min (cpu), 0.28 min (real)
Generate toy 7/10

 --- GoodnessOfFit --- 
Best fit test statistic: 131.124
Done in 0.28 min (cpu), 0.28 min (real)
Generate toy 8/10

 --- GoodnessOfFit --- 
Best fit test statistic: 135.892
Done in 0.26 min (cpu), 0.26 min (real)
Generate toy 9/10

 --- GoodnessOfFit --- 
Best fit test statistic: 105.214
Done in 0.29 min (cpu), 0.29 min (real)
Generate toy 10/10

 --- GoodnessOfFit --- 
Best fit test statistic: 98.1749
Done in 0.30 min (cpu), 0.30 min (real)
mean   expected limit: r < 119.098 +/- 5.19065 @ 95%CL (10 toyMC)
median expected limit: r < 117.383 @ 95%CL (10 toyMC)
   68% expected band : 98.1749 < r < 141.349
   95% expected band : 97.3837 < r < 141.349
combine -M GoodnessOfFit /storage/local/data1/condor/execute/dir_6008/card_rhalphabet_all_2016_floatZ.root  --setParameterRange r=-20,20 --setParameters r_z=1 --algorithm saturated -n card_rhalphabet_all_2016_floatZ --freezeParameters r_z --redefineSignalPOIs r
cp higgsCombinecard_rhalphabet_all_2016_floatZ.GoodnessOfFit.mH120.root /storage/local/data1/condor/execute/dir_6008//goodbase_10.root
combine -M GoodnessOfFit /storage/local/data1/condor/execute/dir_6008/card_rhalphabet_all_2016_floatZ.root  --setParameterRange r=-20,20 --setParameters r_z=1 -s 10 -t 10 --toysFrequentist --algorithm saturated -n card_rhalphabet_all_2016_floatZ --freezeParameters r_z --redefineSignalPOIs r
cp higgsCombinecard_rhalphabet_all_2016_floatZ.GoodnessOfFit.mH120.10.root /storage/local/data1/condor/execute/dir_6008//goodtoys_10.root
GoodnessOfFit p-value 0.7
 FCN=8.79625 FROM MINOS     STATUS=SUCCESSFUL     24 CALLS        1342 TOTAL
                     EDM=8.30586e-10    STRATEGY= 1      ERROR MATRIX ACCURATE 
  EXT PARAMETER                                   STEP         FIRST   
  NO.   NAME      VALUE            ERROR          SIZE      DERIVATIVE 
   1  p0           3.44782e+01   1.09030e+01  -1.00315e-05  -4.46087e-08
   2  p1           1.19312e+02   4.86445e+00   4.86445e+00  -1.28071e-09
                               ERR DEF= 0.5
Inside /storage/local/data1/condor/execute/dir_6008:
CMSSW_10_2_13
CMSSW_10_2_13.tgz
_condor_stderr
_condor_stdout
card_rhalphabet_all_2016_floatZ.root
condor_exec.exe
docker_stderror
goodbase_10.root
goodness_saturated_card_rhalphabet_all_2016_floatZ.C
goodness_saturated_card_rhalphabet_all_2016_floatZ.pdf
goodtoys_10.root
runjob.sh
tmp
var
x509up_u51467
DELETING...
CMSSW_10_2_13.tgz
_condor_stderr
_condor_stdout
card_rhalphabet_all_2016_floatZ.root
condor_exec.exe
docker_stderror
goodbase_10.root
goodtoys_10.root
runjob.sh
tmp
var
x509up_u51467
Mon Sep 23 21:29:19 UTC 2019
