Mon Sep 23 21:26:36 UTC 2019
CMSSW_10_2_13.tgz
_condor_stderr
_condor_stdout
card_rhalphabet_all_2016_floatZ.root
condor_exec.exe
docker_stderror
runjob.sh
tmp
var
x509up_u51467
Resetting caches
Done: ProjectRename
Execute with git status/log:
On branch deco
Your branch is up to date with 'origin/deco'.

nothing to commit (use -u to show untracked files)
commit dc006892e1fe57e608869cd5db512c039a22a0a6
Author: Martin <ka_hei_martin_kwok@brown.edu>
Date:   Mon Sep 23 13:53:29 2019 -0500

    Fix copy output
 <<< Combine >>> 
Will use saturated models to compute goodness of fit for a binned likelihood
>>> method used is GoodnessOfFit
>>> random number generator seed is 123456
Set Range of Parameter r To : (-20,20)
Set Default Value of Parameter r_z To : 1

 --- GoodnessOfFit --- 
Best fit test statistic: 134.915
Done in 0.22 min (cpu), 0.22 min (real)
 <<< Combine >>> 
Will use saturated models to compute goodness of fit for a binned likelihood
>>> method used is GoodnessOfFit
>>> random number generator seed is 48
Set Range of Parameter r To : (-20,20)
Set Default Value of Parameter r_z To : 1
Generate toy 1/10

 --- GoodnessOfFit --- 
Best fit test statistic: 132.565
Done in 0.17 min (cpu), 0.17 min (real)
Generate toy 2/10

 --- GoodnessOfFit --- 
Best fit test statistic: 127.093
Done in 0.20 min (cpu), 0.20 min (real)
Generate toy 3/10

 --- GoodnessOfFit --- 
Best fit test statistic: 125.593
Done in 0.18 min (cpu), 0.19 min (real)
Generate toy 4/10

 --- GoodnessOfFit --- 
Best fit test statistic: 109.008
Done in 0.20 min (cpu), 0.20 min (real)
Generate toy 5/10

 --- GoodnessOfFit --- 
Best fit test statistic: 95.7155
Done in 0.23 min (cpu), 0.23 min (real)
Generate toy 6/10

 --- GoodnessOfFit --- 
Best fit test statistic: 88.7334
Done in 0.24 min (cpu), 0.24 min (real)
Generate toy 7/10

 --- GoodnessOfFit --- 
Best fit test statistic: 95.8852
Done in 0.23 min (cpu), 0.23 min (real)
Generate toy 8/10

 --- GoodnessOfFit --- 
Best fit test statistic: 132.569
Done in 0.25 min (cpu), 0.25 min (real)
Generate toy 9/10

 --- GoodnessOfFit --- 
Best fit test statistic: 115.064
Done in 0.23 min (cpu), 0.23 min (real)
Generate toy 10/10

 --- GoodnessOfFit --- 
Best fit test statistic: 107.511
Done in 0.27 min (cpu), 0.27 min (real)
mean   expected limit: r < 112.974 +/- 5.11401 @ 95%CL (10 toyMC)
median expected limit: r < 112.036 @ 95%CL (10 toyMC)
   68% expected band : 95.7155 < r < 132.569
   95% expected band : 88.7334 < r < 132.569
combine -M GoodnessOfFit /storage/local/data1/condor/execute/dir_11799/card_rhalphabet_all_2016_floatZ.root  --setParameterRange r=-20,20 --setParameters r_z=1 --algorithm saturated -n card_rhalphabet_all_2016_floatZ --freezeParameters r_z --redefineSignalPOIs r
cp higgsCombinecard_rhalphabet_all_2016_floatZ.GoodnessOfFit.mH120.root /storage/local/data1/condor/execute/dir_11799//goodbase_48.root
combine -M GoodnessOfFit /storage/local/data1/condor/execute/dir_11799/card_rhalphabet_all_2016_floatZ.root  --setParameterRange r=-20,20 --setParameters r_z=1 -s 48 -t 10 --toysFrequentist --algorithm saturated -n card_rhalphabet_all_2016_floatZ --freezeParameters r_z --redefineSignalPOIs r
cp higgsCombinecard_rhalphabet_all_2016_floatZ.GoodnessOfFit.mH120.48.root /storage/local/data1/condor/execute/dir_11799//goodtoys_48.root
GoodnessOfFit p-value 1.0
 FCN=11.9057 FROM MINOS     STATUS=SUCCESSFUL     25 CALLS         240 TOTAL
                     EDM=5.60034e-07    STRATEGY= 1      ERROR MATRIX ACCURATE 
  EXT PARAMETER                                   STEP         FIRST   
  NO.   NAME      VALUE            ERROR          SIZE      DERIVATIVE 
   1  p0           3.35547e+01   1.06109e+01  -1.27160e-05  -6.08652e-08
   2  p1           1.13046e+02   4.73389e+00   4.73389e+00  -2.26910e-13
                               ERR DEF= 0.5
Inside /storage/local/data1/condor/execute/dir_11799:
CMSSW_10_2_13
CMSSW_10_2_13.tgz
_condor_stderr
_condor_stdout
card_rhalphabet_all_2016_floatZ.root
condor_exec.exe
docker_stderror
goodbase_48.root
goodness_saturated_card_rhalphabet_all_2016_floatZ.C
goodness_saturated_card_rhalphabet_all_2016_floatZ.pdf
goodtoys_48.root
runjob.sh
tmp
var
x509up_u51467
DELETING...
CMSSW_10_2_13.tgz
_condor_stderr
_condor_stdout
card_rhalphabet_all_2016_floatZ.root
condor_exec.exe
docker_stderror
goodbase_48.root
goodtoys_48.root
runjob.sh
tmp
var
x509up_u51467
Mon Sep 23 21:29:59 UTC 2019
