Mon Sep 23 21:26:22 UTC 2019
CMSSW_10_2_13.tgz
_condor_stderr
_condor_stdout
card_rhalphabet_all_2016_floatZ.root
condor_exec.exe
docker_stderror
runjob.sh
tmp
var
x509up_u51467
Resetting caches
Done: ProjectRename
Execute with git status/log:
On branch deco
Your branch is up to date with 'origin/deco'.

nothing to commit (use -u to show untracked files)
commit dc006892e1fe57e608869cd5db512c039a22a0a6
Author: Martin <ka_hei_martin_kwok@brown.edu>
Date:   Mon Sep 23 13:53:29 2019 -0500

    Fix copy output
 <<< Combine >>> 
Will use saturated models to compute goodness of fit for a binned likelihood
>>> method used is GoodnessOfFit
>>> random number generator seed is 123456
Set Range of Parameter r To : (-20,20)
Set Default Value of Parameter r_z To : 1

 --- GoodnessOfFit --- 
Best fit test statistic: 134.915
Done in 0.24 min (cpu), 0.24 min (real)
 <<< Combine >>> 
Will use saturated models to compute goodness of fit for a binned likelihood
>>> method used is GoodnessOfFit
>>> random number generator seed is 47
Set Range of Parameter r To : (-20,20)
Set Default Value of Parameter r_z To : 1
Generate toy 1/10

 --- GoodnessOfFit --- 
Best fit test statistic: 101.378
Done in 0.19 min (cpu), 0.19 min (real)
Generate toy 2/10

 --- GoodnessOfFit --- 
Best fit test statistic: 118.664
Done in 0.21 min (cpu), 0.21 min (real)
Generate toy 3/10

 --- GoodnessOfFit --- 
Best fit test statistic: 131.798
Done in 0.24 min (cpu), 0.24 min (real)
Generate toy 4/10

 --- GoodnessOfFit --- 
Best fit test statistic: 143.402
Done in 0.25 min (cpu), 0.25 min (real)
Generate toy 5/10

 --- GoodnessOfFit --- 
Best fit test statistic: 105.111
Done in 0.25 min (cpu), 0.25 min (real)
Generate toy 6/10

 --- GoodnessOfFit --- 
Best fit test statistic: 120.51
Done in 0.27 min (cpu), 0.27 min (real)
Generate toy 7/10

 --- GoodnessOfFit --- 
Best fit test statistic: 110.147
Done in 0.28 min (cpu), 0.29 min (real)
Generate toy 8/10

 --- GoodnessOfFit --- 
Best fit test statistic: 116.739
Done in 0.29 min (cpu), 0.29 min (real)
Generate toy 9/10

 --- GoodnessOfFit --- 
Best fit test statistic: 128.877
Done in 0.28 min (cpu), 0.28 min (real)
Generate toy 10/10

 --- GoodnessOfFit --- 
Best fit test statistic: 104.78
Done in 0.32 min (cpu), 0.32 min (real)
mean   expected limit: r < 118.141 +/- 4.26995 @ 95%CL (10 toyMC)
median expected limit: r < 117.701 @ 95%CL (10 toyMC)
   68% expected band : 104.78 < r < 143.402
   95% expected band : 101.378 < r < 143.402
combine -M GoodnessOfFit /storage/local/data1/condor/execute/dir_23258/card_rhalphabet_all_2016_floatZ.root  --setParameterRange r=-20,20 --setParameters r_z=1 --algorithm saturated -n card_rhalphabet_all_2016_floatZ --freezeParameters r_z --redefineSignalPOIs r
cp higgsCombinecard_rhalphabet_all_2016_floatZ.GoodnessOfFit.mH120.root /storage/local/data1/condor/execute/dir_23258//goodbase_47.root
combine -M GoodnessOfFit /storage/local/data1/condor/execute/dir_23258/card_rhalphabet_all_2016_floatZ.root  --setParameterRange r=-20,20 --setParameters r_z=1 -s 47 -t 10 --toysFrequentist --algorithm saturated -n card_rhalphabet_all_2016_floatZ --freezeParameters r_z --redefineSignalPOIs r
cp higgsCombinecard_rhalphabet_all_2016_floatZ.GoodnessOfFit.mH120.47.root /storage/local/data1/condor/execute/dir_23258//goodtoys_47.root
GoodnessOfFit p-value 0.9
 FCN=8.43848 FROM MINOS     STATUS=SUCCESSFUL     24 CALLS        1345 TOTAL
                     EDM=7.70964e-10    STRATEGY= 1      ERROR MATRIX ACCURATE 
  EXT PARAMETER                                   STEP         FIRST   
  NO.   NAME      VALUE            ERROR          SIZE      DERIVATIVE 
   1  p0           3.47714e+01   1.09957e+01  -9.72539e-06  -4.25792e-08
   2  p1           1.18916e+02   4.85632e+00   4.85632e+00  -3.01755e-12
                               ERR DEF= 0.5
Inside /storage/local/data1/condor/execute/dir_23258:
CMSSW_10_2_13
CMSSW_10_2_13.tgz
_condor_stderr
_condor_stdout
card_rhalphabet_all_2016_floatZ.root
condor_exec.exe
docker_stderror
goodbase_47.root
goodness_saturated_card_rhalphabet_all_2016_floatZ.C
goodness_saturated_card_rhalphabet_all_2016_floatZ.pdf
goodtoys_47.root
runjob.sh
tmp
var
x509up_u51467
DELETING...
CMSSW_10_2_13.tgz
_condor_stderr
_condor_stdout
card_rhalphabet_all_2016_floatZ.root
condor_exec.exe
docker_stderror
goodbase_47.root
goodtoys_47.root
runjob.sh
tmp
var
x509up_u51467
Mon Sep 23 21:30:06 UTC 2019
