000 (33244129.010.000) 09/23 16:20:40 Job submitted from host: <131.225.188.57:9618?addrs=131.225.188.57-9618&noUDP&sock=5995_a65b_3>
...
001 (33244129.010.000) 09/23 16:25:12 Job executing on host: <131.225.205.176:9618?addrs=131.225.205.176-9618&noUDP&sock=3521_b10d_3>
...
006 (33244129.010.000) 09/23 16:25:21 Image size of job updated: 20
	20  -  MemoryUsage of job (MB)
	21264  -  ResidentSetSize of job (KB)
...
006 (33244129.010.000) 09/23 16:26:21 Image size of job updated: 288
	288  -  MemoryUsage of job (MB)
	295340  -  ResidentSetSize of job (KB)
...
006 (33244129.010.000) 09/23 16:27:22 Image size of job updated: 309
	309  -  MemoryUsage of job (MB)
	316428  -  ResidentSetSize of job (KB)
...
006 (33244129.010.000) 09/23 16:28:22 Image size of job updated: 327
	327  -  MemoryUsage of job (MB)
	335704  -  ResidentSetSize of job (KB)
...
006 (33244129.010.000) 09/23 16:29:22 Image size of job updated: 343
	343  -  MemoryUsage of job (MB)
	351592  -  ResidentSetSize of job (KB)
...
005 (33244129.010.000) 09/23 16:29:26 Job terminated.
	(1) Normal termination (return value 0)
		Usr 0 00:03:27, Sys 0 00:00:07  -  Run Remote Usage
		Usr 0 00:00:00, Sys 0 00:00:00  -  Run Local Usage
		Usr 0 00:03:27, Sys 0 00:00:07  -  Total Remote Usage
		Usr 0 00:00:00, Sys 0 00:00:00  -  Total Local Usage
	22936  -  Run Bytes Sent By Job
	11537867  -  Run Bytes Received By Job
	22936  -  Total Bytes Sent By Job
	11537867  -  Total Bytes Received By Job
	Partitionable Resources :    Usage  Request Allocated 
	   Cpus                 :     0.00        1         1 
	   Disk (KB)            : 11314       12500   1650847 
	   Memory (MB)          :   343        2048      2048 
...
