000 (33244129.037.000) 09/23 16:20:41 Job submitted from host: <131.225.188.57:9618?addrs=131.225.188.57-9618&noUDP&sock=5995_a65b_3>
...
001 (33244129.037.000) 09/23 16:26:08 Job executing on host: <131.225.206.198:9618?addrs=131.225.206.198-9618&noUDP&sock=4545_1208_3>
...
006 (33244129.037.000) 09/23 16:26:17 Image size of job updated: 2
	2  -  MemoryUsage of job (MB)
	2244  -  ResidentSetSize of job (KB)
...
006 (33244129.037.000) 09/23 16:27:18 Image size of job updated: 307
	307  -  MemoryUsage of job (MB)
	315260  -  ResidentSetSize of job (KB)
...
006 (33244129.037.000) 09/23 16:28:18 Image size of job updated: 326
	326  -  MemoryUsage of job (MB)
	333896  -  ResidentSetSize of job (KB)
...
006 (33244129.037.000) 09/23 16:28:57 Image size of job updated: 341
	341  -  MemoryUsage of job (MB)
	349540  -  ResidentSetSize of job (KB)
...
005 (33244129.037.000) 09/23 16:29:00 Job terminated.
	(1) Normal termination (return value 0)
		Usr 0 00:02:18, Sys 0 00:00:04  -  Run Remote Usage
		Usr 0 00:00:00, Sys 0 00:00:00  -  Run Local Usage
		Usr 0 00:02:18, Sys 0 00:00:04  -  Total Remote Usage
		Usr 0 00:00:00, Sys 0 00:00:00  -  Total Local Usage
	24515  -  Run Bytes Sent By Job
	11537867  -  Run Bytes Received By Job
	24515  -  Total Bytes Sent By Job
	11537867  -  Total Bytes Received By Job
	Partitionable Resources :    Usage  Request Allocated 
	   Cpus                 :        0        1         1 
	   Disk (KB)            :    11312    12500    314331 
	   Memory (MB)          :      341     2048      2048 
...
