Mon Sep 23 21:25:13 UTC 2019
CMSSW_10_2_13.tgz
_condor_stderr
_condor_stdout
card_rhalphabet_all_2016_floatZ.root
condor_exec.exe
docker_stderror
runjob.sh
tmp
var
x509up_u51467
Resetting caches
Done: ProjectRename
Execute with git status/log:
On branch deco
Your branch is up to date with 'origin/deco'.

nothing to commit (use -u to show untracked files)
commit dc006892e1fe57e608869cd5db512c039a22a0a6
Author: Martin <ka_hei_martin_kwok@brown.edu>
Date:   Mon Sep 23 13:53:29 2019 -0500

    Fix copy output
 <<< Combine >>> 
Will use saturated models to compute goodness of fit for a binned likelihood
>>> method used is GoodnessOfFit
>>> random number generator seed is 123456
Set Range of Parameter r To : (-20,20)
Set Default Value of Parameter r_z To : 1

 --- GoodnessOfFit --- 
Best fit test statistic: 134.915
Done in 0.16 min (cpu), 0.17 min (real)
 <<< Combine >>> 
Will use saturated models to compute goodness of fit for a binned likelihood
>>> method used is GoodnessOfFit
>>> random number generator seed is 5
Set Range of Parameter r To : (-20,20)
Set Default Value of Parameter r_z To : 1
Generate toy 1/10

 --- GoodnessOfFit --- 
Best fit test statistic: 110.359
Done in 0.15 min (cpu), 0.15 min (real)
Generate toy 2/10

 --- GoodnessOfFit --- 
Best fit test statistic: 124.882
Done in 0.15 min (cpu), 0.15 min (real)
Generate toy 3/10

 --- GoodnessOfFit --- 
Best fit test statistic: 130.361
Done in 0.17 min (cpu), 0.17 min (real)
Generate toy 4/10

 --- GoodnessOfFit --- 
Best fit test statistic: 138.592
Done in 0.17 min (cpu), 0.18 min (real)
Generate toy 5/10

 --- GoodnessOfFit --- 
Best fit test statistic: 107.43
Done in 0.18 min (cpu), 0.18 min (real)
Generate toy 6/10

 --- GoodnessOfFit --- 
Best fit test statistic: 106.988
Done in 0.19 min (cpu), 0.19 min (real)
Generate toy 7/10

 --- GoodnessOfFit --- 
Best fit test statistic: 101.901
Done in 0.19 min (cpu), 0.20 min (real)
Generate toy 8/10

 --- GoodnessOfFit --- 
Best fit test statistic: 128.75
Done in 0.20 min (cpu), 0.20 min (real)
Generate toy 9/10

 --- GoodnessOfFit --- 
Best fit test statistic: 101.874
Done in 0.21 min (cpu), 0.21 min (real)
Generate toy 10/10

 --- GoodnessOfFit --- 
Best fit test statistic: 119.033
Done in 0.21 min (cpu), 0.21 min (real)
mean   expected limit: r < 117.017 +/- 4.1389 @ 95%CL (10 toyMC)
median expected limit: r < 114.696 @ 95%CL (10 toyMC)
   68% expected band : 101.901 < r < 138.592
   95% expected band : 101.874 < r < 138.592
combine -M GoodnessOfFit /storage/local/data1/condor/execute/dir_5787/card_rhalphabet_all_2016_floatZ.root  --setParameterRange r=-20,20 --setParameters r_z=1 --algorithm saturated -n card_rhalphabet_all_2016_floatZ --freezeParameters r_z --redefineSignalPOIs r
cp higgsCombinecard_rhalphabet_all_2016_floatZ.GoodnessOfFit.mH120.root /storage/local/data1/condor/execute/dir_5787//goodbase_5.root
combine -M GoodnessOfFit /storage/local/data1/condor/execute/dir_5787/card_rhalphabet_all_2016_floatZ.root  --setParameterRange r=-20,20 --setParameters r_z=1 -s 5 -t 10 --toysFrequentist --algorithm saturated -n card_rhalphabet_all_2016_floatZ --freezeParameters r_z --redefineSignalPOIs r
cp higgsCombinecard_rhalphabet_all_2016_floatZ.GoodnessOfFit.mH120.5.root /storage/local/data1/condor/execute/dir_5787//goodtoys_5.root
GoodnessOfFit p-value 0.9
 FCN=7.2483 FROM MINOS     STATUS=SUCCESSFUL     24 CALLS        1344 TOTAL
                     EDM=2.27943e-10    STRATEGY= 1      ERROR MATRIX ACCURATE 
  EXT PARAMETER                                   STEP         FIRST   
  NO.   NAME      VALUE            ERROR          SIZE      DERIVATIVE 
   1  p0           3.40844e+01   1.07784e+01   4.00297e-06  -3.67429e-08
   2  p1           1.16897e+02   4.81456e+00   4.81456e+00  -8.97710e-12
                               ERR DEF= 0.5
Inside /storage/local/data1/condor/execute/dir_5787:
CMSSW_10_2_13
CMSSW_10_2_13.tgz
_condor_stderr
_condor_stdout
card_rhalphabet_all_2016_floatZ.root
condor_exec.exe
docker_stderror
goodbase_5.root
goodness_saturated_card_rhalphabet_all_2016_floatZ.C
goodness_saturated_card_rhalphabet_all_2016_floatZ.pdf
goodtoys_5.root
runjob.sh
tmp
var
x509up_u51467
DELETING...
CMSSW_10_2_13.tgz
_condor_stderr
_condor_stdout
card_rhalphabet_all_2016_floatZ.root
condor_exec.exe
docker_stderror
goodbase_5.root
goodtoys_5.root
runjob.sh
tmp
var
x509up_u51467
Mon Sep 23 21:27:58 UTC 2019
