000 (33244129.016.000) 09/23 16:20:40 Job submitted from host: <131.225.188.57:9618?addrs=131.225.188.57-9618&noUDP&sock=5995_a65b_3>
...
001 (33244129.016.000) 09/23 16:25:27 Job executing on host: <131.225.205.152:9618?addrs=131.225.205.152-9618&noUDP&sock=7290_e980_3>
...
006 (33244129.016.000) 09/23 16:25:36 Image size of job updated: 17
	17  -  MemoryUsage of job (MB)
	18156  -  ResidentSetSize of job (KB)
...
006 (33244129.016.000) 09/23 16:26:37 Image size of job updated: 302
	302  -  MemoryUsage of job (MB)
	309632  -  ResidentSetSize of job (KB)
...
006 (33244129.016.000) 09/23 16:27:37 Image size of job updated: 314
	314  -  MemoryUsage of job (MB)
	321676  -  ResidentSetSize of job (KB)
...
006 (33244129.016.000) 09/23 16:28:38 Image size of job updated: 331
	331  -  MemoryUsage of job (MB)
	339772  -  ResidentSetSize of job (KB)
...
006 (33244129.016.000) 09/23 16:29:21 Image size of job updated: 342
	342  -  MemoryUsage of job (MB)
	350624  -  ResidentSetSize of job (KB)
...
005 (33244129.016.000) 09/23 16:29:25 Job terminated.
	(1) Normal termination (return value 0)
		Usr 0 00:03:25, Sys 0 00:00:06  -  Run Remote Usage
		Usr 0 00:00:00, Sys 0 00:00:00  -  Run Local Usage
		Usr 0 00:03:25, Sys 0 00:00:06  -  Total Remote Usage
		Usr 0 00:00:00, Sys 0 00:00:00  -  Total Local Usage
	26406  -  Run Bytes Sent By Job
	11537867  -  Run Bytes Received By Job
	26406  -  Total Bytes Sent By Job
	11537867  -  Total Bytes Received By Job
	Partitionable Resources :    Usage  Request Allocated 
	   Cpus                 :        0        1         1 
	   Disk (KB)            :    11318    12500   1640924 
	   Memory (MB)          :      342     2048      2048 
...
