000 (33244129.006.000) 09/23 16:20:40 Job submitted from host: <131.225.188.57:9618?addrs=131.225.188.57-9618&noUDP&sock=5995_a65b_3>
...
001 (33244129.006.000) 09/23 16:25:11 Job executing on host: <131.225.206.94:9618?addrs=131.225.206.94-9618&noUDP&sock=4535_3615_3>
...
006 (33244129.006.000) 09/23 16:25:20 Image size of job updated: 2
	2  -  MemoryUsage of job (MB)
	2260  -  ResidentSetSize of job (KB)
...
006 (33244129.006.000) 09/23 16:26:21 Image size of job updated: 307
	307  -  MemoryUsage of job (MB)
	315296  -  ResidentSetSize of job (KB)
...
006 (33244129.006.000) 09/23 16:27:22 Image size of job updated: 325
	325  -  MemoryUsage of job (MB)
	333156  -  ResidentSetSize of job (KB)
...
006 (33244129.006.000) 09/23 16:28:02 Image size of job updated: 342
	342  -  MemoryUsage of job (MB)
	350608  -  ResidentSetSize of job (KB)
...
005 (33244129.006.000) 09/23 16:28:05 Job terminated.
	(1) Normal termination (return value 0)
		Usr 0 00:02:17, Sys 0 00:00:03  -  Run Remote Usage
		Usr 0 00:00:00, Sys 0 00:00:00  -  Run Local Usage
		Usr 0 00:02:17, Sys 0 00:00:03  -  Total Remote Usage
		Usr 0 00:00:00, Sys 0 00:00:00  -  Total Local Usage
	24080  -  Run Bytes Sent By Job
	11537867  -  Run Bytes Received By Job
	24080  -  Total Bytes Sent By Job
	11537867  -  Total Bytes Received By Job
	Partitionable Resources :    Usage  Request Allocated 
	   Cpus                 :     0.00        1         1 
	   Disk (KB)            : 11312       12500    319022 
	   Memory (MB)          :   342        2048      2048 
...
