000 (33244129.014.000) 09/23 16:20:40 Job submitted from host: <131.225.188.57:9618?addrs=131.225.188.57-9618&noUDP&sock=5995_a65b_3>
...
001 (33244129.014.000) 09/23 16:25:21 Job executing on host: <131.225.191.254:9618?addrs=131.225.191.254-9618&noUDP&sock=5361_c750_3>
...
006 (33244129.014.000) 09/23 16:25:30 Image size of job updated: 3
	3  -  MemoryUsage of job (MB)
	3440  -  ResidentSetSize of job (KB)
...
006 (33244129.014.000) 09/23 16:26:30 Image size of job updated: 288
	288  -  MemoryUsage of job (MB)
	295640  -  ResidentSetSize of job (KB)
...
006 (33244129.014.000) 09/23 16:27:31 Image size of job updated: 317
	317  -  MemoryUsage of job (MB)
	325492  -  ResidentSetSize of job (KB)
...
006 (33244129.014.000) 09/23 16:28:31 Image size of job updated: 336
	336  -  MemoryUsage of job (MB)
	344936  -  ResidentSetSize of job (KB)
...
006 (33244129.014.000) 09/23 16:28:52 Image size of job updated: 342
	342  -  MemoryUsage of job (MB)
	351228  -  ResidentSetSize of job (KB)
...
005 (33244129.014.000) 09/23 16:28:57 Job terminated.
	(1) Normal termination (return value 0)
		Usr 0 00:03:01, Sys 0 00:00:05  -  Run Remote Usage
		Usr 0 00:00:00, Sys 0 00:00:00  -  Run Local Usage
		Usr 0 00:03:01, Sys 0 00:00:05  -  Total Remote Usage
		Usr 0 00:00:00, Sys 0 00:00:00  -  Total Local Usage
	21108  -  Run Bytes Sent By Job
	11537867  -  Run Bytes Received By Job
	21108  -  Total Bytes Sent By Job
	11537867  -  Total Bytes Received By Job
	Partitionable Resources :    Usage  Request Allocated 
	   Cpus                 :        0        1         1 
	   Disk (KB)            :    11313    12500    783976 
	   Memory (MB)          :      342     2048      2048 
...
