Mon Sep 23 21:24:51 UTC 2019
CMSSW_10_2_13.tgz
_condor_stderr
_condor_stdout
card_rhalphabet_all_2016_floatZ.root
condor_exec.exe
docker_stderror
runjob.sh
tmp
var
x509up_u51467
Resetting caches
Done: ProjectRename
Execute with git status/log:
On branch deco
Your branch is up to date with 'origin/deco'.

nothing to commit (use -u to show untracked files)
commit dc006892e1fe57e608869cd5db512c039a22a0a6
Author: Martin <ka_hei_martin_kwok@brown.edu>
Date:   Mon Sep 23 13:53:29 2019 -0500

    Fix copy output
 <<< Combine >>> 
Will use saturated models to compute goodness of fit for a binned likelihood
>>> method used is GoodnessOfFit
>>> random number generator seed is 123456
Set Range of Parameter r To : (-20,20)
Set Default Value of Parameter r_z To : 1

 --- GoodnessOfFit --- 
Best fit test statistic: 134.915
Done in 0.16 min (cpu), 0.16 min (real)
 <<< Combine >>> 
Will use saturated models to compute goodness of fit for a binned likelihood
>>> method used is GoodnessOfFit
>>> random number generator seed is 2
Set Range of Parameter r To : (-20,20)
Set Default Value of Parameter r_z To : 1
Generate toy 1/10

 --- GoodnessOfFit --- 
Best fit test statistic: 110.896
Done in 0.14 min (cpu), 0.14 min (real)
Generate toy 2/10

 --- GoodnessOfFit --- 
Best fit test statistic: 116.077
Done in 0.17 min (cpu), 0.17 min (real)
Generate toy 3/10

 --- GoodnessOfFit --- 
Best fit test statistic: 119.604
Done in 0.17 min (cpu), 0.17 min (real)
Generate toy 4/10

 --- GoodnessOfFit --- 
Best fit test statistic: 122.558
Done in 0.18 min (cpu), 0.18 min (real)
Generate toy 5/10

 --- GoodnessOfFit --- 
Best fit test statistic: 154.514
Done in 0.19 min (cpu), 0.19 min (real)
Generate toy 6/10

 --- GoodnessOfFit --- 
Best fit test statistic: 93.0361
Done in 0.19 min (cpu), 0.19 min (real)
Generate toy 7/10

 --- GoodnessOfFit --- 
Best fit test statistic: 107.429
Done in 0.19 min (cpu), 0.19 min (real)
Generate toy 8/10

 --- GoodnessOfFit --- 
Best fit test statistic: 114.63
Done in 0.21 min (cpu), 0.21 min (real)
Generate toy 9/10

 --- GoodnessOfFit --- 
Best fit test statistic: 111.551
Done in 0.21 min (cpu), 0.21 min (real)
Generate toy 10/10

 --- GoodnessOfFit --- 
Best fit test statistic: 112.264
Done in 0.20 min (cpu), 0.20 min (real)
mean   expected limit: r < 116.256 +/- 4.94546 @ 95%CL (10 toyMC)
median expected limit: r < 113.447 @ 95%CL (10 toyMC)
   68% expected band : 107.429 < r < 154.514
   95% expected band : 93.0361 < r < 154.514
combine -M GoodnessOfFit /storage/local/data1/condor/execute/dir_11589/card_rhalphabet_all_2016_floatZ.root  --setParameterRange r=-20,20 --setParameters r_z=1 --algorithm saturated -n card_rhalphabet_all_2016_floatZ --freezeParameters r_z --redefineSignalPOIs r
cp higgsCombinecard_rhalphabet_all_2016_floatZ.GoodnessOfFit.mH120.root /storage/local/data1/condor/execute/dir_11589//goodbase_2.root
combine -M GoodnessOfFit /storage/local/data1/condor/execute/dir_11589/card_rhalphabet_all_2016_floatZ.root  --setParameterRange r=-20,20 --setParameters r_z=1 -s 2 -t 10 --toysFrequentist --algorithm saturated -n card_rhalphabet_all_2016_floatZ --freezeParameters r_z --redefineSignalPOIs r
cp higgsCombinecard_rhalphabet_all_2016_floatZ.GoodnessOfFit.mH120.2.root /storage/local/data1/condor/execute/dir_11589//goodtoys_2.root
GoodnessOfFit p-value 0.9
 FCN=9.49465 FROM MINOS     STATUS=SUCCESSFUL     24 CALLS         264 TOTAL
                     EDM=2.76179e-10    STRATEGY= 1      ERROR MATRIX ACCURATE 
  EXT PARAMETER                                   STEP         FIRST   
  NO.   NAME      VALUE            ERROR          SIZE      DERIVATIVE 
   1  p0           3.63590e+01   1.14977e+01   5.33308e-06  -4.35749e-08
   2  p1           1.15744e+02   4.79055e+00   4.79055e+00  -1.27397e-08
                               ERR DEF= 0.5
Inside /storage/local/data1/condor/execute/dir_11589:
CMSSW_10_2_13
CMSSW_10_2_13.tgz
_condor_stderr
_condor_stdout
card_rhalphabet_all_2016_floatZ.root
condor_exec.exe
docker_stderror
goodbase_2.root
goodness_saturated_card_rhalphabet_all_2016_floatZ.C
goodness_saturated_card_rhalphabet_all_2016_floatZ.pdf
goodtoys_2.root
runjob.sh
tmp
var
x509up_u51467
DELETING...
CMSSW_10_2_13.tgz
_condor_stderr
_condor_stdout
card_rhalphabet_all_2016_floatZ.root
condor_exec.exe
docker_stderror
goodbase_2.root
goodtoys_2.root
runjob.sh
tmp
var
x509up_u51467
Mon Sep 23 21:27:38 UTC 2019
