000 (33244129.027.000) 09/23 16:20:40 Job submitted from host: <131.225.188.57:9618?addrs=131.225.188.57-9618&noUDP&sock=5995_a65b_3>
...
001 (33244129.027.000) 09/23 16:25:46 Job executing on host: <131.225.205.196:9618?addrs=131.225.205.196-9618&noUDP&sock=7687_3899_3>
...
006 (33244129.027.000) 09/23 16:25:54 Image size of job updated: 1
	1  -  MemoryUsage of job (MB)
	1800  -  ResidentSetSize of job (KB)
...
006 (33244129.027.000) 09/23 16:26:54 Image size of job updated: 289
	289  -  MemoryUsage of job (MB)
	296748  -  ResidentSetSize of job (KB)
...
006 (33244129.027.000) 09/23 16:27:55 Image size of job updated: 309
	309  -  MemoryUsage of job (MB)
	317052  -  ResidentSetSize of job (KB)
...
006 (33244129.027.000) 09/23 16:28:55 Image size of job updated: 327
	327  -  MemoryUsage of job (MB)
	335648  -  ResidentSetSize of job (KB)
...
006 (33244129.027.000) 09/23 16:29:56 Image size of job updated: 343
	343  -  MemoryUsage of job (MB)
	351456  -  ResidentSetSize of job (KB)
...
005 (33244129.027.000) 09/23 16:29:59 Job terminated.
	(1) Normal termination (return value 0)
		Usr 0 00:03:29, Sys 0 00:00:09  -  Run Remote Usage
		Usr 0 00:00:00, Sys 0 00:00:00  -  Run Local Usage
		Usr 0 00:03:29, Sys 0 00:00:09  -  Total Remote Usage
		Usr 0 00:00:00, Sys 0 00:00:00  -  Total Local Usage
	27202  -  Run Bytes Sent By Job
	11537867  -  Run Bytes Received By Job
	27202  -  Total Bytes Sent By Job
	11537867  -  Total Bytes Received By Job
	Partitionable Resources :    Usage  Request Allocated 
	   Cpus                 :     0.02        1         1 
	   Disk (KB)            : 11318       12500   1692940 
	   Memory (MB)          :   343        2048      2048 
...
