000 (33244129.029.000) 09/23 16:20:40 Job submitted from host: <131.225.188.57:9618?addrs=131.225.188.57-9618&noUDP&sock=5995_a65b_3>
...
001 (33244129.029.000) 09/23 16:25:51 Job executing on host: <131.225.206.10:9618?addrs=131.225.206.10-9618&noUDP&sock=4549_d069_3>
...
006 (33244129.029.000) 09/23 16:26:00 Image size of job updated: 30
	30  -  MemoryUsage of job (MB)
	30804  -  ResidentSetSize of job (KB)
...
006 (33244129.029.000) 09/23 16:27:01 Image size of job updated: 310
	310  -  MemoryUsage of job (MB)
	318008  -  ResidentSetSize of job (KB)
...
006 (33244129.029.000) 09/23 16:28:02 Image size of job updated: 328
	328  -  MemoryUsage of job (MB)
	336692  -  ResidentSetSize of job (KB)
...
006 (33244129.029.000) 09/23 16:28:31 Image size of job updated: 343
	343  -  MemoryUsage of job (MB)
	352212  -  ResidentSetSize of job (KB)
...
005 (33244129.029.000) 09/23 16:28:35 Job terminated.
	(1) Normal termination (return value 0)
		Usr 0 00:02:23, Sys 0 00:00:03  -  Run Remote Usage
		Usr 0 00:00:00, Sys 0 00:00:00  -  Run Local Usage
		Usr 0 00:02:23, Sys 0 00:00:03  -  Total Remote Usage
		Usr 0 00:00:00, Sys 0 00:00:00  -  Total Local Usage
	23846  -  Run Bytes Sent By Job
	11537867  -  Run Bytes Received By Job
	23846  -  Total Bytes Sent By Job
	11537867  -  Total Bytes Received By Job
	Partitionable Resources :    Usage  Request Allocated 
	   Cpus                 :        0        1         1 
	   Disk (KB)            :    11312    12500    318358 
	   Memory (MB)          :      343     2048      2048 
...
