Mon Sep 23 21:25:32 UTC 2019
CMSSW_10_2_13.tgz
_condor_stderr
_condor_stdout
card_rhalphabet_all_2016_floatZ.root
condor_exec.exe
docker_stderror
runjob.sh
tmp
var
x509up_u51467
Resetting caches
Done: ProjectRename
Execute with git status/log:
On branch deco
Your branch is up to date with 'origin/deco'.

nothing to commit (use -u to show untracked files)
commit dc006892e1fe57e608869cd5db512c039a22a0a6
Author: Martin <ka_hei_martin_kwok@brown.edu>
Date:   Mon Sep 23 13:53:29 2019 -0500

    Fix copy output
 <<< Combine >>> 
Will use saturated models to compute goodness of fit for a binned likelihood
>>> method used is GoodnessOfFit
>>> random number generator seed is 123456
Set Range of Parameter r To : (-20,20)
Set Default Value of Parameter r_z To : 1

 --- GoodnessOfFit --- 
Best fit test statistic: 134.915
Done in 0.16 min (cpu), 0.17 min (real)
 <<< Combine >>> 
Will use saturated models to compute goodness of fit for a binned likelihood
>>> method used is GoodnessOfFit
>>> random number generator seed is 17
Set Range of Parameter r To : (-20,20)
Set Default Value of Parameter r_z To : 1
Generate toy 1/10

 --- GoodnessOfFit --- 
Best fit test statistic: 133.75
Done in 0.14 min (cpu), 0.14 min (real)
Generate toy 2/10

 --- GoodnessOfFit --- 
Best fit test statistic: 113.816
Done in 0.16 min (cpu), 0.17 min (real)
Generate toy 3/10

 --- GoodnessOfFit --- 
Best fit test statistic: 129.849
Done in 0.16 min (cpu), 0.16 min (real)
Generate toy 4/10

 --- GoodnessOfFit --- 
Best fit test statistic: 128.931
Done in 0.17 min (cpu), 0.17 min (real)
Generate toy 5/10

 --- GoodnessOfFit --- 
Best fit test statistic: 139.443
Done in 0.17 min (cpu), 0.18 min (real)
Generate toy 6/10

 --- GoodnessOfFit --- 
Best fit test statistic: 131.521
Done in 0.19 min (cpu), 0.19 min (real)
Generate toy 7/10

 --- GoodnessOfFit --- 
Best fit test statistic: 137.174
Done in 0.20 min (cpu), 0.20 min (real)
Generate toy 8/10

 --- GoodnessOfFit --- 
Best fit test statistic: 110.594
Done in 0.19 min (cpu), 0.19 min (real)
Generate toy 9/10

 --- GoodnessOfFit --- 
Best fit test statistic: 120.587
Done in 0.19 min (cpu), 0.19 min (real)
Generate toy 10/10

 --- GoodnessOfFit --- 
Best fit test statistic: 121.386
Done in 0.22 min (cpu), 0.22 min (real)
mean   expected limit: r < 126.705 +/- 3.07486 @ 95%CL (10 toyMC)
median expected limit: r < 129.39 @ 95%CL (10 toyMC)
   68% expected band : 113.816 < r < 139.443
   95% expected band : 110.594 < r < 139.443
combine -M GoodnessOfFit /storage/local/data1/condor/execute/dir_345/card_rhalphabet_all_2016_floatZ.root  --setParameterRange r=-20,20 --setParameters r_z=1 --algorithm saturated -n card_rhalphabet_all_2016_floatZ --freezeParameters r_z --redefineSignalPOIs r
cp higgsCombinecard_rhalphabet_all_2016_floatZ.GoodnessOfFit.mH120.root /storage/local/data1/condor/execute/dir_345//goodbase_17.root
combine -M GoodnessOfFit /storage/local/data1/condor/execute/dir_345/card_rhalphabet_all_2016_floatZ.root  --setParameterRange r=-20,20 --setParameters r_z=1 -s 17 -t 10 --toysFrequentist --algorithm saturated -n card_rhalphabet_all_2016_floatZ --freezeParameters r_z --redefineSignalPOIs r
cp higgsCombinecard_rhalphabet_all_2016_floatZ.GoodnessOfFit.mH120.17.root /storage/local/data1/condor/execute/dir_345//goodtoys_17.root
GoodnessOfFit p-value 0.8
 FCN=7.33982 FROM MINOS     STATUS=SUCCESSFUL     24 CALLS        1341 TOTAL
                     EDM=1.25025e-08    STRATEGY= 1      ERROR MATRIX ACCURATE 
  EXT PARAMETER                                   STEP         FIRST   
  NO.   NAME      VALUE            ERROR          SIZE      DERIVATIVE 
   1  p0           3.42051e+01   1.08166e+01  -8.38414e-06  -3.84968e-08
   2  p1           1.27573e+02   5.03142e+00   5.03142e+00   7.92765e-11
                               ERR DEF= 0.5
Inside /storage/local/data1/condor/execute/dir_345:
CMSSW_10_2_13
CMSSW_10_2_13.tgz
_condor_stderr
_condor_stdout
card_rhalphabet_all_2016_floatZ.root
condor_exec.exe
docker_stderror
goodbase_17.root
goodness_saturated_card_rhalphabet_all_2016_floatZ.C
goodness_saturated_card_rhalphabet_all_2016_floatZ.pdf
goodtoys_17.root
runjob.sh
tmp
var
x509up_u51467
DELETING...
CMSSW_10_2_13.tgz
_condor_stderr
_condor_stdout
card_rhalphabet_all_2016_floatZ.root
condor_exec.exe
docker_stderror
goodbase_17.root
goodtoys_17.root
runjob.sh
tmp
var
x509up_u51467
Mon Sep 23 21:28:12 UTC 2019
