000 (33244129.011.000) 09/23 16:20:40 Job submitted from host: <131.225.188.57:9618?addrs=131.225.188.57-9618&noUDP&sock=5995_a65b_3>
...
001 (33244129.011.000) 09/23 16:25:16 Job executing on host: <131.225.191.254:9618?addrs=131.225.191.254-9618&noUDP&sock=5361_c750_3>
...
006 (33244129.011.000) 09/23 16:25:24 Image size of job updated: 9
	9  -  MemoryUsage of job (MB)
	10156  -  ResidentSetSize of job (KB)
...
006 (33244129.011.000) 09/23 16:26:24 Image size of job updated: 303
	303  -  MemoryUsage of job (MB)
	310296  -  ResidentSetSize of job (KB)
...
006 (33244129.011.000) 09/23 16:27:25 Image size of job updated: 317
	317  -  MemoryUsage of job (MB)
	325344  -  ResidentSetSize of job (KB)
...
006 (33244129.011.000) 09/23 16:28:25 Image size of job updated: 336
	336  -  MemoryUsage of job (MB)
	344400  -  ResidentSetSize of job (KB)
...
006 (33244129.011.000) 09/23 16:28:44 Image size of job updated: 342
	342  -  MemoryUsage of job (MB)
	351008  -  ResidentSetSize of job (KB)
...
005 (33244129.011.000) 09/23 16:28:47 Job terminated.
	(1) Normal termination (return value 0)
		Usr 0 00:03:01, Sys 0 00:00:05  -  Run Remote Usage
		Usr 0 00:00:00, Sys 0 00:00:00  -  Run Local Usage
		Usr 0 00:03:01, Sys 0 00:00:05  -  Total Remote Usage
		Usr 0 00:00:00, Sys 0 00:00:00  -  Total Local Usage
	27171  -  Run Bytes Sent By Job
	11537867  -  Run Bytes Received By Job
	27171  -  Total Bytes Sent By Job
	11537867  -  Total Bytes Received By Job
	Partitionable Resources :    Usage  Request Allocated 
	   Cpus                 :        0        1         1 
	   Disk (KB)            :    11319    12500    783976 
	   Memory (MB)          :      342     2048      2048 
...
