Mon Sep 23 21:26:13 UTC 2019
CMSSW_10_2_13.tgz
_condor_stderr
_condor_stdout
card_rhalphabet_all_2016_floatZ.root
condor_exec.exe
docker_stderror
runjob.sh
tmp
var
x509up_u51467
Resetting caches
Done: ProjectRename
Execute with git status/log:
On branch deco
Your branch is up to date with 'origin/deco'.

nothing to commit (use -u to show untracked files)
commit dc006892e1fe57e608869cd5db512c039a22a0a6
Author: Martin <ka_hei_martin_kwok@brown.edu>
Date:   Mon Sep 23 13:53:29 2019 -0500

    Fix copy output
 <<< Combine >>> 
Will use saturated models to compute goodness of fit for a binned likelihood
>>> method used is GoodnessOfFit
>>> random number generator seed is 123456
Set Range of Parameter r To : (-20,20)
Set Default Value of Parameter r_z To : 1

 --- GoodnessOfFit --- 
Best fit test statistic: 134.915
Done in 0.21 min (cpu), 0.22 min (real)
 <<< Combine >>> 
Will use saturated models to compute goodness of fit for a binned likelihood
>>> method used is GoodnessOfFit
>>> random number generator seed is 44
Set Range of Parameter r To : (-20,20)
Set Default Value of Parameter r_z To : 1
Generate toy 1/10

 --- GoodnessOfFit --- 
Best fit test statistic: 106.544
Done in 0.22 min (cpu), 0.22 min (real)
Generate toy 2/10

 --- GoodnessOfFit --- 
Best fit test statistic: 126.145
Done in 0.21 min (cpu), 0.21 min (real)
Generate toy 3/10

 --- GoodnessOfFit --- 
Best fit test statistic: 106.571
Done in 0.20 min (cpu), 0.20 min (real)
Generate toy 4/10

 --- GoodnessOfFit --- 
Best fit test statistic: 98.1503
Done in 0.23 min (cpu), 0.24 min (real)
Generate toy 5/10

 --- GoodnessOfFit --- 
Best fit test statistic: 97.4565
Done in 0.23 min (cpu), 0.23 min (real)
Generate toy 6/10

 --- GoodnessOfFit --- 
Best fit test statistic: 126.215
Done in 0.24 min (cpu), 0.24 min (real)
Generate toy 7/10

 --- GoodnessOfFit --- 
Best fit test statistic: 109.348
Done in 0.24 min (cpu), 0.24 min (real)
Generate toy 8/10

 --- GoodnessOfFit --- 
Best fit test statistic: 97.204
Done in 0.29 min (cpu), 0.29 min (real)
Generate toy 9/10

 --- GoodnessOfFit --- 
Best fit test statistic: 102.849
Done in 0.32 min (cpu), 0.32 min (real)
Generate toy 10/10

 --- GoodnessOfFit --- 
Best fit test statistic: 122.447
Done in 0.37 min (cpu), 0.37 min (real)
mean   expected limit: r < 109.293 +/- 3.66706 @ 95%CL (10 toyMC)
median expected limit: r < 106.557 @ 95%CL (10 toyMC)
   68% expected band : 97.4565 < r < 126.215
   95% expected band : 97.204 < r < 126.215
combine -M GoodnessOfFit /storage/local/data1/condor/execute/dir_12738/card_rhalphabet_all_2016_floatZ.root  --setParameterRange r=-20,20 --setParameters r_z=1 --algorithm saturated -n card_rhalphabet_all_2016_floatZ --freezeParameters r_z --redefineSignalPOIs r
cp higgsCombinecard_rhalphabet_all_2016_floatZ.GoodnessOfFit.mH120.root /storage/local/data1/condor/execute/dir_12738//goodbase_44.root
combine -M GoodnessOfFit /storage/local/data1/condor/execute/dir_12738/card_rhalphabet_all_2016_floatZ.root  --setParameterRange r=-20,20 --setParameters r_z=1 -s 44 -t 10 --toysFrequentist --algorithm saturated -n card_rhalphabet_all_2016_floatZ --freezeParameters r_z --redefineSignalPOIs r
cp higgsCombinecard_rhalphabet_all_2016_floatZ.GoodnessOfFit.mH120.44.root /storage/local/data1/condor/execute/dir_12738//goodtoys_44.root
GoodnessOfFit p-value 1.0
 FCN=7.76235 FROM MINOS     STATUS=SUCCESSFUL     24 CALLS         240 TOTAL
                     EDM=1.32568e-07    STRATEGY= 1      ERROR MATRIX ACCURATE 
  EXT PARAMETER                                   STEP         FIRST   
  NO.   NAME      VALUE            ERROR          SIZE      DERIVATIVE 
   1  p0           3.35571e+01   1.06117e+01  -8.69975e-06  -4.18067e-08
   2  p1           1.09537e+02   4.65918e+00   4.65918e+00   5.51574e-09
                               ERR DEF= 0.5
Inside /storage/local/data1/condor/execute/dir_12738:
CMSSW_10_2_13
CMSSW_10_2_13.tgz
_condor_stderr
_condor_stdout
card_rhalphabet_all_2016_floatZ.root
condor_exec.exe
docker_stderror
goodbase_44.root
goodness_saturated_card_rhalphabet_all_2016_floatZ.C
goodness_saturated_card_rhalphabet_all_2016_floatZ.pdf
goodtoys_44.root
runjob.sh
tmp
var
x509up_u51467
DELETING...
CMSSW_10_2_13.tgz
_condor_stderr
_condor_stdout
card_rhalphabet_all_2016_floatZ.root
condor_exec.exe
docker_stderror
goodbase_44.root
goodtoys_44.root
runjob.sh
tmp
var
x509up_u51467
Mon Sep 23 21:30:05 UTC 2019
