Mon Sep 23 21:26:10 UTC 2019
CMSSW_10_2_13.tgz
_condor_stderr
_condor_stdout
card_rhalphabet_all_2016_floatZ.root
condor_exec.exe
docker_stderror
runjob.sh
tmp
var
x509up_u51467
Resetting caches
Done: ProjectRename
Execute with git status/log:
On branch deco
Your branch is up to date with 'origin/deco'.

nothing to commit (use -u to show untracked files)
commit dc006892e1fe57e608869cd5db512c039a22a0a6
Author: Martin <ka_hei_martin_kwok@brown.edu>
Date:   Mon Sep 23 13:53:29 2019 -0500

    Fix copy output
 <<< Combine >>> 
Will use saturated models to compute goodness of fit for a binned likelihood
>>> method used is GoodnessOfFit
>>> random number generator seed is 123456
Set Range of Parameter r To : (-20,20)
Set Default Value of Parameter r_z To : 1

 --- GoodnessOfFit --- 
Best fit test statistic: 134.915
Done in 0.17 min (cpu), 0.17 min (real)
 <<< Combine >>> 
Will use saturated models to compute goodness of fit for a binned likelihood
>>> method used is GoodnessOfFit
>>> random number generator seed is 38
Set Range of Parameter r To : (-20,20)
Set Default Value of Parameter r_z To : 1
Generate toy 1/10

 --- GoodnessOfFit --- 
Best fit test statistic: 125.227
Done in 0.15 min (cpu), 0.15 min (real)
Generate toy 2/10

 --- GoodnessOfFit --- 
Best fit test statistic: 120.562
Done in 0.16 min (cpu), 0.16 min (real)
Generate toy 3/10

 --- GoodnessOfFit --- 
Best fit test statistic: 95.975
Done in 0.17 min (cpu), 0.17 min (real)
Generate toy 4/10

 --- GoodnessOfFit --- 
Best fit test statistic: 89.826
Done in 0.16 min (cpu), 0.16 min (real)
Generate toy 5/10

 --- GoodnessOfFit --- 
Best fit test statistic: 115.327
Done in 0.16 min (cpu), 0.16 min (real)
Generate toy 6/10

 --- GoodnessOfFit --- 
Best fit test statistic: 89.2385
Done in 0.18 min (cpu), 0.18 min (real)
Generate toy 7/10

 --- GoodnessOfFit --- 
Best fit test statistic: 103.007
Done in 0.19 min (cpu), 0.19 min (real)
Generate toy 8/10

 --- GoodnessOfFit --- 
Best fit test statistic: 93.1926
Done in 0.20 min (cpu), 0.20 min (real)
Generate toy 9/10

 --- GoodnessOfFit --- 
Best fit test statistic: 100.553
Done in 0.20 min (cpu), 0.20 min (real)
Generate toy 10/10

 --- GoodnessOfFit --- 
Best fit test statistic: 140.466
Done in 0.21 min (cpu), 0.21 min (real)
mean   expected limit: r < 107.338 +/- 5.46148 @ 95%CL (10 toyMC)
median expected limit: r < 101.78 @ 95%CL (10 toyMC)
   68% expected band : 89.826 < r < 140.466
   95% expected band : 89.2385 < r < 140.466
combine -M GoodnessOfFit /storage/local/data1/condor/execute/dir_2883/card_rhalphabet_all_2016_floatZ.root  --setParameterRange r=-20,20 --setParameters r_z=1 --algorithm saturated -n card_rhalphabet_all_2016_floatZ --freezeParameters r_z --redefineSignalPOIs r
cp higgsCombinecard_rhalphabet_all_2016_floatZ.GoodnessOfFit.mH120.root /storage/local/data1/condor/execute/dir_2883//goodbase_38.root
combine -M GoodnessOfFit /storage/local/data1/condor/execute/dir_2883/card_rhalphabet_all_2016_floatZ.root  --setParameterRange r=-20,20 --setParameters r_z=1 -s 38 -t 10 --toysFrequentist --algorithm saturated -n card_rhalphabet_all_2016_floatZ --freezeParameters r_z --redefineSignalPOIs r
cp higgsCombinecard_rhalphabet_all_2016_floatZ.GoodnessOfFit.mH120.38.root /storage/local/data1/condor/execute/dir_2883//goodtoys_38.root
GoodnessOfFit p-value 0.9
 FCN=9.31265 FROM MINOS     STATUS=SUCCESSFUL     24 CALLS         259 TOTAL
                     EDM=1.79521e-07    STRATEGY= 1      ERROR MATRIX ACCURATE 
  EXT PARAMETER                                   STEP         FIRST   
  NO.   NAME      VALUE            ERROR          SIZE      DERIVATIVE 
   1  p0           3.43509e+01   1.08627e+01  -1.04868e-05  -4.80925e-08
   2  p1           1.06991e+02   4.60422e+00   4.60422e+00   7.39474e-12
                               ERR DEF= 0.5
Inside /storage/local/data1/condor/execute/dir_2883:
CMSSW_10_2_13
CMSSW_10_2_13.tgz
_condor_stderr
_condor_stdout
card_rhalphabet_all_2016_floatZ.root
condor_exec.exe
docker_stderror
goodbase_38.root
goodness_saturated_card_rhalphabet_all_2016_floatZ.C
goodness_saturated_card_rhalphabet_all_2016_floatZ.pdf
goodtoys_38.root
runjob.sh
tmp
var
x509up_u51467
DELETING...
CMSSW_10_2_13.tgz
_condor_stderr
_condor_stdout
card_rhalphabet_all_2016_floatZ.root
condor_exec.exe
docker_stderror
goodbase_38.root
goodtoys_38.root
runjob.sh
tmp
var
x509up_u51467
Mon Sep 23 21:28:56 UTC 2019
