000 (33244129.031.000) 09/23 16:20:40 Job submitted from host: <131.225.188.57:9618?addrs=131.225.188.57-9618&noUDP&sock=5995_a65b_3>
...
001 (33244129.031.000) 09/23 16:25:56 Job executing on host: <131.225.204.64:9618?addrs=131.225.204.64-9618&noUDP&sock=4539_f476_3>
...
006 (33244129.031.000) 09/23 16:26:04 Image size of job updated: 1
	1  -  MemoryUsage of job (MB)
	1736  -  ResidentSetSize of job (KB)
...
006 (33244129.031.000) 09/23 16:27:04 Image size of job updated: 308
	308  -  MemoryUsage of job (MB)
	315856  -  ResidentSetSize of job (KB)
...
006 (33244129.031.000) 09/23 16:28:04 Image size of job updated: 326
	326  -  MemoryUsage of job (MB)
	334280  -  ResidentSetSize of job (KB)
...
006 (33244129.031.000) 09/23 16:28:47 Image size of job updated: 341
	341  -  MemoryUsage of job (MB)
	349256  -  ResidentSetSize of job (KB)
...
005 (33244129.031.000) 09/23 16:28:50 Job terminated.
	(1) Normal termination (return value 0)
		Usr 0 00:02:19, Sys 0 00:00:04  -  Run Remote Usage
		Usr 0 00:00:00, Sys 0 00:00:00  -  Run Local Usage
		Usr 0 00:02:19, Sys 0 00:00:04  -  Total Remote Usage
		Usr 0 00:00:00, Sys 0 00:00:00  -  Total Local Usage
	27135  -  Run Bytes Sent By Job
	11537867  -  Run Bytes Received By Job
	27135  -  Total Bytes Sent By Job
	11537867  -  Total Bytes Received By Job
	Partitionable Resources :    Usage  Request Allocated 
	   Cpus                 :        0        1         1 
	   Disk (KB)            :    11315    12500    316391 
	   Memory (MB)          :      341     2048      2048 
...
