000 (33244129.018.000) 09/23 16:20:40 Job submitted from host: <131.225.188.57:9618?addrs=131.225.188.57-9618&noUDP&sock=5995_a65b_3>
...
001 (33244129.018.000) 09/23 16:25:40 Job executing on host: <131.225.190.41:9618?addrs=131.225.190.41-9618&noUDP&sock=5383_de65_3>
...
006 (33244129.018.000) 09/23 16:25:48 Image size of job updated: 8
	8  -  MemoryUsage of job (MB)
	9144  -  ResidentSetSize of job (KB)
...
006 (33244129.018.000) 09/23 16:26:48 Image size of job updated: 302
	302  -  MemoryUsage of job (MB)
	309636  -  ResidentSetSize of job (KB)
...
006 (33244129.018.000) 09/23 16:27:48 Image size of job updated: 317
	317  -  MemoryUsage of job (MB)
	324688  -  ResidentSetSize of job (KB)
...
006 (33244129.018.000) 09/23 16:28:48 Image size of job updated: 332
	332  -  MemoryUsage of job (MB)
	340336  -  ResidentSetSize of job (KB)
...
006 (33244129.018.000) 09/23 16:29:24 Image size of job updated: 343
	343  -  MemoryUsage of job (MB)
	351472  -  ResidentSetSize of job (KB)
...
005 (33244129.018.000) 09/23 16:29:27 Job terminated.
	(1) Normal termination (return value 0)
		Usr 0 00:03:21, Sys 0 00:00:07  -  Run Remote Usage
		Usr 0 00:00:00, Sys 0 00:00:00  -  Run Local Usage
		Usr 0 00:03:21, Sys 0 00:00:07  -  Total Remote Usage
		Usr 0 00:00:00, Sys 0 00:00:00  -  Total Local Usage
	25294  -  Run Bytes Sent By Job
	11537867  -  Run Bytes Received By Job
	25294  -  Total Bytes Sent By Job
	11537867  -  Total Bytes Received By Job
	Partitionable Resources :    Usage  Request Allocated 
	   Cpus                 :     0.00        1         1 
	   Disk (KB)            : 11317       12500    784714 
	   Memory (MB)          :   343        2048      2048 
...
