000 (33244129.038.000) 09/23 16:20:41 Job submitted from host: <131.225.188.57:9618?addrs=131.225.188.57-9618&noUDP&sock=5995_a65b_3>
...
001 (33244129.038.000) 09/23 16:26:09 Job executing on host: <131.225.206.14:9618?addrs=131.225.206.14-9618&noUDP&sock=4541_53a7_3>
...
006 (33244129.038.000) 09/23 16:26:17 Image size of job updated: 9
	9  -  MemoryUsage of job (MB)
	10156  -  ResidentSetSize of job (KB)
...
006 (33244129.038.000) 09/23 16:27:17 Image size of job updated: 307
	307  -  MemoryUsage of job (MB)
	315020  -  ResidentSetSize of job (KB)
...
006 (33244129.038.000) 09/23 16:28:18 Image size of job updated: 326
	326  -  MemoryUsage of job (MB)
	334064  -  ResidentSetSize of job (KB)
...
006 (33244129.038.000) 09/23 16:28:56 Image size of job updated: 341
	341  -  MemoryUsage of job (MB)
	350124  -  ResidentSetSize of job (KB)
...
005 (33244129.038.000) 09/23 16:29:00 Job terminated.
	(1) Normal termination (return value 0)
		Usr 0 00:02:19, Sys 0 00:00:05  -  Run Remote Usage
		Usr 0 00:00:00, Sys 0 00:00:00  -  Run Local Usage
		Usr 0 00:02:19, Sys 0 00:00:05  -  Total Remote Usage
		Usr 0 00:00:00, Sys 0 00:00:00  -  Total Local Usage
	24189  -  Run Bytes Sent By Job
	11537867  -  Run Bytes Received By Job
	24189  -  Total Bytes Sent By Job
	11537867  -  Total Bytes Received By Job
	Partitionable Resources :    Usage  Request Allocated 
	   Cpus                 :     0.00        1         1 
	   Disk (KB)            : 11312       12500    323305 
	   Memory (MB)          :   341        2048      2048 
...
