000 (33244129.046.000) 09/23 16:20:42 Job submitted from host: <131.225.188.57:9618?addrs=131.225.188.57-9618&noUDP&sock=5995_a65b_3>
...
001 (33244129.046.000) 09/23 16:26:14 Job executing on host: <131.225.204.99:9618?addrs=131.225.204.99-9618&noUDP&sock=4549_d069_3>
...
006 (33244129.046.000) 09/23 16:26:23 Image size of job updated: 13
	13  -  MemoryUsage of job (MB)
	13892  -  ResidentSetSize of job (KB)
...
006 (33244129.046.000) 09/23 16:27:23 Image size of job updated: 309
	309  -  MemoryUsage of job (MB)
	317184  -  ResidentSetSize of job (KB)
...
006 (33244129.046.000) 09/23 16:28:23 Image size of job updated: 327
	327  -  MemoryUsage of job (MB)
	334940  -  ResidentSetSize of job (KB)
...
006 (33244129.046.000) 09/23 16:29:03 Image size of job updated: 341
	341  -  MemoryUsage of job (MB)
	350136  -  ResidentSetSize of job (KB)
...
005 (33244129.046.000) 09/23 16:29:04 Job terminated.
	(1) Normal termination (return value 0)
		Usr 0 00:02:24, Sys 0 00:00:04  -  Run Remote Usage
		Usr 0 00:00:00, Sys 0 00:00:00  -  Run Local Usage
		Usr 0 00:02:24, Sys 0 00:00:04  -  Total Remote Usage
		Usr 0 00:00:00, Sys 0 00:00:00  -  Total Local Usage
	27376  -  Run Bytes Sent By Job
	11537867  -  Run Bytes Received By Job
	27376  -  Total Bytes Sent By Job
	11537867  -  Total Bytes Received By Job
	Partitionable Resources :    Usage  Request Allocated 
	   Cpus                 :     0.00        1         1 
	   Disk (KB)            : 11315       12500    322996 
	   Memory (MB)          :   341        2048      2048 
...
