000 (33244129.000.000) 09/23 16:20:39 Job submitted from host: <131.225.188.57:9618?addrs=131.225.188.57-9618&noUDP&sock=5995_a65b_3>
...
001 (33244129.000.000) 09/23 16:24:46 Job executing on host: <131.225.205.190:9618?addrs=131.225.205.190-9618&noUDP&sock=3518_a244_3>
...
006 (33244129.000.000) 09/23 16:24:54 Image size of job updated: 1
	1  -  MemoryUsage of job (MB)
	1712  -  ResidentSetSize of job (KB)
...
006 (33244129.000.000) 09/23 16:25:55 Image size of job updated: 299
	299  -  MemoryUsage of job (MB)
	306568  -  ResidentSetSize of job (KB)
...
006 (33244129.000.000) 09/23 16:26:55 Image size of job updated: 313
	313  -  MemoryUsage of job (MB)
	321048  -  ResidentSetSize of job (KB)
...
006 (33244129.000.000) 09/23 16:27:56 Image size of job updated: 331
	331  -  MemoryUsage of job (MB)
	339808  -  ResidentSetSize of job (KB)
...
005 (33244129.000.000) 09/23 16:28:43 Job terminated.
	(1) Normal termination (return value 0)
		Usr 0 00:02:40, Sys 0 00:00:07  -  Run Remote Usage
		Usr 0 00:00:00, Sys 0 00:00:00  -  Run Local Usage
		Usr 0 00:02:40, Sys 0 00:00:07  -  Total Remote Usage
		Usr 0 00:00:00, Sys 0 00:00:00  -  Total Local Usage
	26294  -  Run Bytes Sent By Job
	11537867  -  Run Bytes Received By Job
	26294  -  Total Bytes Sent By Job
	11537867  -  Total Bytes Received By Job
	Partitionable Resources :    Usage  Request Allocated 
	   Cpus                 :        0        1         1 
	   Disk (KB)            :    11317    12500   1648295 
	   Memory (MB)          :      331     2048      2048 
...
