000 (33244129.004.000) 09/23 16:20:40 Job submitted from host: <131.225.188.57:9618?addrs=131.225.188.57-9618&noUDP&sock=5995_a65b_3>
...
001 (33244129.004.000) 09/23 16:25:11 Job executing on host: <131.225.206.185:9618?addrs=131.225.206.185-9618&noUDP&sock=4535_3615_3>
...
006 (33244129.004.000) 09/23 16:25:20 Image size of job updated: 11
	11  -  MemoryUsage of job (MB)
	11660  -  ResidentSetSize of job (KB)
...
006 (33244129.004.000) 09/23 16:26:20 Image size of job updated: 308
	308  -  MemoryUsage of job (MB)
	315840  -  ResidentSetSize of job (KB)
...
006 (33244129.004.000) 09/23 16:27:20 Image size of job updated: 326
	326  -  MemoryUsage of job (MB)
	334808  -  ResidentSetSize of job (KB)
...
006 (33244129.004.000) 09/23 16:27:57 Image size of job updated: 341
	341  -  MemoryUsage of job (MB)
	349940  -  ResidentSetSize of job (KB)
...
005 (33244129.004.000) 09/23 16:28:00 Job terminated.
	(1) Normal termination (return value 0)
		Usr 0 00:02:18, Sys 0 00:00:03  -  Run Remote Usage
		Usr 0 00:00:00, Sys 0 00:00:00  -  Run Local Usage
		Usr 0 00:02:18, Sys 0 00:00:03  -  Total Remote Usage
		Usr 0 00:00:00, Sys 0 00:00:00  -  Total Local Usage
	24414  -  Run Bytes Sent By Job
	11537867  -  Run Bytes Received By Job
	24414  -  Total Bytes Sent By Job
	11537867  -  Total Bytes Received By Job
	Partitionable Resources :    Usage  Request Allocated 
	   Cpus                 :     0.00        1         1 
	   Disk (KB)            : 11312       12500    311741 
	   Memory (MB)          :   341        2048      2048 
...
