000 (33244129.009.000) 09/23 16:20:40 Job submitted from host: <131.225.188.57:9618?addrs=131.225.188.57-9618&noUDP&sock=5995_a65b_3>
...
001 (33244129.009.000) 09/23 16:25:12 Job executing on host: <131.225.191.69:9618?addrs=131.225.191.69-9618&noUDP&sock=3702_d7b1_3>
...
006 (33244129.009.000) 09/23 16:25:21 Image size of job updated: 1
	1  -  MemoryUsage of job (MB)
	1596  -  ResidentSetSize of job (KB)
...
006 (33244129.009.000) 09/23 16:26:22 Image size of job updated: 299
	299  -  MemoryUsage of job (MB)
	306944  -  ResidentSetSize of job (KB)
...
006 (33244129.009.000) 09/23 16:27:22 Image size of job updated: 315
	315  -  MemoryUsage of job (MB)
	322700  -  ResidentSetSize of job (KB)
...
006 (33244129.009.000) 09/23 16:28:22 Image size of job updated: 332
	332  -  MemoryUsage of job (MB)
	340808  -  ResidentSetSize of job (KB)
...
006 (33244129.009.000) 09/23 16:29:00 Image size of job updated: 345
	345  -  MemoryUsage of job (MB)
	354016  -  ResidentSetSize of job (KB)
...
005 (33244129.009.000) 09/23 16:29:01 Job terminated.
	(1) Normal termination (return value 0)
		Usr 0 00:03:21, Sys 0 00:00:07  -  Run Remote Usage
		Usr 0 00:00:00, Sys 0 00:00:00  -  Run Local Usage
		Usr 0 00:03:21, Sys 0 00:00:07  -  Total Remote Usage
		Usr 0 00:00:00, Sys 0 00:00:00  -  Total Local Usage
	22775  -  Run Bytes Sent By Job
	11537867  -  Run Bytes Received By Job
	22775  -  Total Bytes Sent By Job
	11537867  -  Total Bytes Received By Job
	Partitionable Resources :    Usage  Request Allocated 
	   Cpus                 :     0.01        1         1 
	   Disk (KB)            : 11314       12500    763236 
	   Memory (MB)          :   345        2048      2048 
...
