Mon Sep 23 21:25:21 UTC 2019
CMSSW_10_2_13.tgz
_condor_stderr
_condor_stdout
card_rhalphabet_all_2016_floatZ.root
condor_exec.exe
docker_stderror
runjob.sh
tmp
var
x509up_u51467
Resetting caches
Done: ProjectRename
Execute with git status/log:
On branch deco
Your branch is up to date with 'origin/deco'.

nothing to commit (use -u to show untracked files)
commit dc006892e1fe57e608869cd5db512c039a22a0a6
Author: Martin <ka_hei_martin_kwok@brown.edu>
Date:   Mon Sep 23 13:53:29 2019 -0500

    Fix copy output
 <<< Combine >>> 
Will use saturated models to compute goodness of fit for a binned likelihood
>>> method used is GoodnessOfFit
>>> random number generator seed is 123456
Set Range of Parameter r To : (-20,20)
Set Default Value of Parameter r_z To : 1

 --- GoodnessOfFit --- 
Best fit test statistic: 134.915
Done in 0.16 min (cpu), 0.17 min (real)
 <<< Combine >>> 
Will use saturated models to compute goodness of fit for a binned likelihood
>>> method used is GoodnessOfFit
>>> random number generator seed is 13
Set Range of Parameter r To : (-20,20)
Set Default Value of Parameter r_z To : 1
Generate toy 1/10

 --- GoodnessOfFit --- 
Best fit test statistic: 98.1206
Done in 0.14 min (cpu), 0.14 min (real)
Generate toy 2/10

 --- GoodnessOfFit --- 
Best fit test statistic: 105.879
Done in 0.15 min (cpu), 0.15 min (real)
Generate toy 3/10

 --- GoodnessOfFit --- 
Best fit test statistic: 129.355
Done in 0.17 min (cpu), 0.17 min (real)
Generate toy 4/10

 --- GoodnessOfFit --- 
Best fit test statistic: 99.5413
Done in 0.18 min (cpu), 0.18 min (real)
Generate toy 5/10

 --- GoodnessOfFit --- 
Best fit test statistic: 127.472
Done in 0.19 min (cpu), 0.19 min (real)
Generate toy 6/10

 --- GoodnessOfFit --- 
Best fit test statistic: 108.16
Done in 0.18 min (cpu), 0.18 min (real)
Generate toy 7/10

 --- GoodnessOfFit --- 
Best fit test statistic: 118.993
Done in 0.20 min (cpu), 0.20 min (real)
Generate toy 8/10

 --- GoodnessOfFit --- 
Best fit test statistic: 106.98
Done in 0.21 min (cpu), 0.21 min (real)
Generate toy 9/10

 --- GoodnessOfFit --- 
Best fit test statistic: 105.973
Done in 0.21 min (cpu), 0.21 min (real)
Generate toy 10/10

 --- GoodnessOfFit --- 
Best fit test statistic: 114.821
Done in 0.21 min (cpu), 0.21 min (real)
mean   expected limit: r < 111.529 +/- 3.42671 @ 95%CL (10 toyMC)
median expected limit: r < 107.57 @ 95%CL (10 toyMC)
   68% expected band : 99.5413 < r < 129.355
   95% expected band : 98.1206 < r < 129.355
combine -M GoodnessOfFit /storage/local/data1/condor/execute/dir_4838/card_rhalphabet_all_2016_floatZ.root  --setParameterRange r=-20,20 --setParameters r_z=1 --algorithm saturated -n card_rhalphabet_all_2016_floatZ --freezeParameters r_z --redefineSignalPOIs r
cp higgsCombinecard_rhalphabet_all_2016_floatZ.GoodnessOfFit.mH120.root /storage/local/data1/condor/execute/dir_4838//goodbase_13.root
combine -M GoodnessOfFit /storage/local/data1/condor/execute/dir_4838/card_rhalphabet_all_2016_floatZ.root  --setParameterRange r=-20,20 --setParameters r_z=1 -s 13 -t 10 --toysFrequentist --algorithm saturated -n card_rhalphabet_all_2016_floatZ --freezeParameters r_z --redefineSignalPOIs r
cp higgsCombinecard_rhalphabet_all_2016_floatZ.GoodnessOfFit.mH120.13.root /storage/local/data1/condor/execute/dir_4838//goodtoys_13.root
GoodnessOfFit p-value 1.0
 FCN=7.96823 FROM MINOS     STATUS=SUCCESSFUL     24 CALLS         284 TOTAL
                     EDM=3.84108e-07    STRATEGY= 1      ERROR MATRIX ACCURATE 
  EXT PARAMETER                                   STEP         FIRST   
  NO.   NAME      VALUE            ERROR          SIZE      DERIVATIVE 
   1  p0           3.35555e+01   1.06112e+01  -8.86359e-06  -4.24531e-08
   2  p1           1.11973e+02   4.71117e+00   4.71117e+00  -5.65275e-12
                               ERR DEF= 0.5
Inside /storage/local/data1/condor/execute/dir_4838:
CMSSW_10_2_13
CMSSW_10_2_13.tgz
_condor_stderr
_condor_stdout
card_rhalphabet_all_2016_floatZ.root
condor_exec.exe
docker_stderror
goodbase_13.root
goodness_saturated_card_rhalphabet_all_2016_floatZ.C
goodness_saturated_card_rhalphabet_all_2016_floatZ.pdf
goodtoys_13.root
runjob.sh
tmp
var
x509up_u51467
DELETING...
CMSSW_10_2_13.tgz
_condor_stderr
_condor_stdout
card_rhalphabet_all_2016_floatZ.root
condor_exec.exe
docker_stderror
goodbase_13.root
goodtoys_13.root
runjob.sh
tmp
var
x509up_u51467
Mon Sep 23 21:28:03 UTC 2019
