000 (33244129.007.000) 09/23 16:20:40 Job submitted from host: <131.225.188.57:9618?addrs=131.225.188.57-9618&noUDP&sock=5995_a65b_3>
...
001 (33244129.007.000) 09/23 16:25:11 Job executing on host: <131.225.206.213:9618?addrs=131.225.206.213-9618&noUDP&sock=4543_b2d7_3>
...
006 (33244129.007.000) 09/23 16:25:20 Image size of job updated: 1
	0  -  MemoryUsage of job (MB)
	908  -  ResidentSetSize of job (KB)
...
006 (33244129.007.000) 09/23 16:26:21 Image size of job updated: 308
	308  -  MemoryUsage of job (MB)
	316280  -  ResidentSetSize of job (KB)
...
006 (33244129.007.000) 09/23 16:27:22 Image size of job updated: 327
	327  -  MemoryUsage of job (MB)
	334964  -  ResidentSetSize of job (KB)
...
006 (33244129.007.000) 09/23 16:27:57 Image size of job updated: 342
	342  -  MemoryUsage of job (MB)
	350480  -  ResidentSetSize of job (KB)
...
005 (33244129.007.000) 09/23 16:28:00 Job terminated.
	(1) Normal termination (return value 0)
		Usr 0 00:02:19, Sys 0 00:00:03  -  Run Remote Usage
		Usr 0 00:00:00, Sys 0 00:00:00  -  Run Local Usage
		Usr 0 00:02:19, Sys 0 00:00:03  -  Total Remote Usage
		Usr 0 00:00:00, Sys 0 00:00:00  -  Total Local Usage
	27193  -  Run Bytes Sent By Job
	11537867  -  Run Bytes Received By Job
	27193  -  Total Bytes Sent By Job
	11537867  -  Total Bytes Received By Job
	Partitionable Resources :    Usage  Request Allocated 
	   Cpus                 :     0.00        1         1 
	   Disk (KB)            : 11315       12500    310958 
	   Memory (MB)          :   342        2048      2048 
...
