000 (33244129.003.000) 09/23 16:20:40 Job submitted from host: <131.225.188.57:9618?addrs=131.225.188.57-9618&noUDP&sock=5995_a65b_3>
...
001 (33244129.003.000) 09/23 16:25:10 Job executing on host: <131.225.204.44:9618?addrs=131.225.204.44-9618&noUDP&sock=4571_e77e_3>
...
006 (33244129.003.000) 09/23 16:25:18 Image size of job updated: 7
	7  -  MemoryUsage of job (MB)
	7384  -  ResidentSetSize of job (KB)
...
006 (33244129.003.000) 09/23 16:26:19 Image size of job updated: 309
	309  -  MemoryUsage of job (MB)
	316608  -  ResidentSetSize of job (KB)
...
006 (33244129.003.000) 09/23 16:27:20 Image size of job updated: 327
	327  -  MemoryUsage of job (MB)
	335324  -  ResidentSetSize of job (KB)
...
006 (33244129.003.000) 09/23 16:28:00 Image size of job updated: 342
	342  -  MemoryUsage of job (MB)
	350536  -  ResidentSetSize of job (KB)
...
005 (33244129.003.000) 09/23 16:28:03 Job terminated.
	(1) Normal termination (return value 0)
		Usr 0 00:02:21, Sys 0 00:00:04  -  Run Remote Usage
		Usr 0 00:00:00, Sys 0 00:00:00  -  Run Local Usage
		Usr 0 00:02:21, Sys 0 00:00:04  -  Total Remote Usage
		Usr 0 00:00:00, Sys 0 00:00:00  -  Total Local Usage
	28288  -  Run Bytes Sent By Job
	11537867  -  Run Bytes Received By Job
	28288  -  Total Bytes Sent By Job
	11537867  -  Total Bytes Received By Job
	Partitionable Resources :    Usage  Request Allocated 
	   Cpus                 :        0        1         1 
	   Disk (KB)            :    11316    12500    313832 
	   Memory (MB)          :      342     2048      2048 
...
