000 (33244129.001.000) 09/23 16:20:40 Job submitted from host: <131.225.188.57:9618?addrs=131.225.188.57-9618&noUDP&sock=5995_a65b_3>
...
001 (33244129.001.000) 09/23 16:24:46 Job executing on host: <131.225.188.36:9618?addrs=131.225.188.36-9618&noUDP&sock=6012_4f77_3>
...
006 (33244129.001.000) 09/23 16:24:55 Image size of job updated: 7
	7  -  MemoryUsage of job (MB)
	7676  -  ResidentSetSize of job (KB)
...
006 (33244129.001.000) 09/23 16:25:56 Image size of job updated: 288
	288  -  MemoryUsage of job (MB)
	295596  -  ResidentSetSize of job (KB)
...
006 (33244129.001.000) 09/23 16:26:56 Image size of job updated: 309
	309  -  MemoryUsage of job (MB)
	317040  -  ResidentSetSize of job (KB)
...
006 (33244129.001.000) 09/23 16:27:57 Image size of job updated: 328
	328  -  MemoryUsage of job (MB)
	336672  -  ResidentSetSize of job (KB)
...
006 (33244129.001.000) 09/23 16:28:58 Image size of job updated: 343
	343  -  MemoryUsage of job (MB)
	351256  -  ResidentSetSize of job (KB)
...
005 (33244129.001.000) 09/23 16:29:04 Job terminated.
	(1) Normal termination (return value 0)
		Usr 0 00:03:26, Sys 0 00:00:08  -  Run Remote Usage
		Usr 0 00:00:00, Sys 0 00:00:00  -  Run Local Usage
		Usr 0 00:03:26, Sys 0 00:00:08  -  Total Remote Usage
		Usr 0 00:00:00, Sys 0 00:00:00  -  Total Local Usage
	20090  -  Run Bytes Sent By Job
	11537867  -  Run Bytes Received By Job
	20090  -  Total Bytes Sent By Job
	11537867  -  Total Bytes Received By Job
	Partitionable Resources :    Usage  Request Allocated 
	   Cpus                 :        0        1         1 
	   Disk (KB)            :    11317    12500   1634151 
	   Memory (MB)          :      343     2048      2048 
...
