000 (33244129.048.000) 09/23 16:20:42 Job submitted from host: <131.225.188.57:9618?addrs=131.225.188.57-9618&noUDP&sock=5995_a65b_3>
...
001 (33244129.048.000) 09/23 16:26:33 Job executing on host: <131.225.190.41:9618?addrs=131.225.190.41-9618&noUDP&sock=5383_de65_3>
...
006 (33244129.048.000) 09/23 16:26:42 Image size of job updated: 21
	21  -  MemoryUsage of job (MB)
	22380  -  ResidentSetSize of job (KB)
...
006 (33244129.048.000) 09/23 16:27:43 Image size of job updated: 302
	302  -  MemoryUsage of job (MB)
	309628  -  ResidentSetSize of job (KB)
...
006 (33244129.048.000) 09/23 16:28:43 Image size of job updated: 316
	316  -  MemoryUsage of job (MB)
	324520  -  ResidentSetSize of job (KB)
...
006 (33244129.048.000) 09/23 16:29:44 Image size of job updated: 336
	336  -  MemoryUsage of job (MB)
	344344  -  ResidentSetSize of job (KB)
...
006 (33244129.048.000) 09/23 16:30:06 Image size of job updated: 342
	342  -  MemoryUsage of job (MB)
	350696  -  ResidentSetSize of job (KB)
...
005 (33244129.048.000) 09/23 16:30:10 Job terminated.
	(1) Normal termination (return value 0)
		Usr 0 00:03:03, Sys 0 00:00:06  -  Run Remote Usage
		Usr 0 00:00:00, Sys 0 00:00:00  -  Run Local Usage
		Usr 0 00:03:03, Sys 0 00:00:06  -  Total Remote Usage
		Usr 0 00:00:00, Sys 0 00:00:00  -  Total Local Usage
	24549  -  Run Bytes Sent By Job
	11537867  -  Run Bytes Received By Job
	24549  -  Total Bytes Sent By Job
	11537867  -  Total Bytes Received By Job
	Partitionable Resources :    Usage  Request Allocated 
	   Cpus                 :        0        1         1 
	   Disk (KB)            :    11316    12500    784714 
	   Memory (MB)          :      342     2048      2048 
...
