000 (33244129.043.000) 09/23 16:20:42 Job submitted from host: <131.225.188.57:9618?addrs=131.225.188.57-9618&noUDP&sock=5995_a65b_3>
...
001 (33244129.043.000) 09/23 16:26:10 Job executing on host: <131.225.190.34:9618?addrs=131.225.190.34-9618&noUDP&sock=7410_38de_3>
...
006 (33244129.043.000) 09/23 16:26:18 Image size of job updated: 2
	2  -  MemoryUsage of job (MB)
	2108  -  ResidentSetSize of job (KB)
...
006 (33244129.043.000) 09/23 16:27:19 Image size of job updated: 303
	303  -  MemoryUsage of job (MB)
	310736  -  ResidentSetSize of job (KB)
...
006 (33244129.043.000) 09/23 16:28:19 Image size of job updated: 317
	317  -  MemoryUsage of job (MB)
	325476  -  ResidentSetSize of job (KB)
...
006 (33244129.043.000) 09/23 16:29:21 Image size of job updated: 337
	337  -  MemoryUsage of job (MB)
	345332  -  ResidentSetSize of job (KB)
...
006 (33244129.043.000) 09/23 16:29:35 Image size of job updated: 343
	343  -  MemoryUsage of job (MB)
	351288  -  ResidentSetSize of job (KB)
...
005 (33244129.043.000) 09/23 16:29:37 Job terminated.
	(1) Normal termination (return value 0)
		Usr 0 00:03:01, Sys 0 00:00:05  -  Run Remote Usage
		Usr 0 00:00:00, Sys 0 00:00:00  -  Run Local Usage
		Usr 0 00:03:01, Sys 0 00:00:05  -  Total Remote Usage
		Usr 0 00:00:00, Sys 0 00:00:00  -  Total Local Usage
	24536  -  Run Bytes Sent By Job
	11537867  -  Run Bytes Received By Job
	24536  -  Total Bytes Sent By Job
	11537867  -  Total Bytes Received By Job
	Partitionable Resources :    Usage  Request Allocated 
	   Cpus                 :     0.00        1         1 
	   Disk (KB)            : 11315       12500    784623 
	   Memory (MB)          :   343        2048      2048 
...
