000 (33244129.002.000) 09/23 16:20:40 Job submitted from host: <131.225.188.57:9618?addrs=131.225.188.57-9618&noUDP&sock=5995_a65b_3>
...
001 (33244129.002.000) 09/23 16:24:50 Job executing on host: <131.225.204.113:9618?addrs=131.225.204.113-9618&noUDP&sock=4536_e5ae_3>
...
006 (33244129.002.000) 09/23 16:24:58 Image size of job updated: 19
	19  -  MemoryUsage of job (MB)
	19992  -  ResidentSetSize of job (KB)
...
006 (33244129.002.000) 09/23 16:25:59 Image size of job updated: 308
	308  -  MemoryUsage of job (MB)
	315680  -  ResidentSetSize of job (KB)
...
006 (33244129.002.000) 09/23 16:27:00 Image size of job updated: 324
	324  -  MemoryUsage of job (MB)
	332488  -  ResidentSetSize of job (KB)
...
006 (33244129.002.000) 09/23 16:27:40 Image size of job updated: 341
	341  -  MemoryUsage of job (MB)
	349720  -  ResidentSetSize of job (KB)
...
005 (33244129.002.000) 09/23 16:27:46 Job terminated.
	(1) Normal termination (return value 0)
		Usr 0 00:02:18, Sys 0 00:00:03  -  Run Remote Usage
		Usr 0 00:00:00, Sys 0 00:00:00  -  Run Local Usage
		Usr 0 00:02:18, Sys 0 00:00:03  -  Total Remote Usage
		Usr 0 00:00:00, Sys 0 00:00:00  -  Total Local Usage
	23463  -  Run Bytes Sent By Job
	11537867  -  Run Bytes Received By Job
	23463  -  Total Bytes Sent By Job
	11537867  -  Total Bytes Received By Job
	Partitionable Resources :    Usage  Request Allocated 
	   Cpus                 :     0.03        1         1 
	   Disk (KB)            : 11311       12500    315213 
	   Memory (MB)          :   341        2048      2048 
...
