000 (33244129.041.000) 09/23 16:20:42 Job submitted from host: <131.225.188.57:9618?addrs=131.225.188.57-9618&noUDP&sock=5995_a65b_3>
...
001 (33244129.041.000) 09/23 16:26:10 Job executing on host: <131.225.191.225:9618?addrs=131.225.191.225-9618&noUDP&sock=7380_a506_3>
...
006 (33244129.041.000) 09/23 16:26:19 Image size of job updated: 1
	0  -  MemoryUsage of job (MB)
	896  -  ResidentSetSize of job (KB)
...
006 (33244129.041.000) 09/23 16:27:20 Image size of job updated: 303
	303  -  MemoryUsage of job (MB)
	310664  -  ResidentSetSize of job (KB)
...
006 (33244129.041.000) 09/23 16:28:20 Image size of job updated: 317
	317  -  MemoryUsage of job (MB)
	325372  -  ResidentSetSize of job (KB)
...
006 (33244129.041.000) 09/23 16:29:21 Image size of job updated: 337
	337  -  MemoryUsage of job (MB)
	345124  -  ResidentSetSize of job (KB)
...
006 (33244129.041.000) 09/23 16:29:37 Image size of job updated: 342
	342  -  MemoryUsage of job (MB)
	351228  -  ResidentSetSize of job (KB)
...
005 (33244129.041.000) 09/23 16:29:39 Job terminated.
	(1) Normal termination (return value 0)
		Usr 0 00:03:03, Sys 0 00:00:06  -  Run Remote Usage
		Usr 0 00:00:00, Sys 0 00:00:00  -  Run Local Usage
		Usr 0 00:03:03, Sys 0 00:00:06  -  Total Remote Usage
		Usr 0 00:00:00, Sys 0 00:00:00  -  Total Local Usage
	21585  -  Run Bytes Sent By Job
	11537867  -  Run Bytes Received By Job
	21585  -  Total Bytes Sent By Job
	11537867  -  Total Bytes Received By Job
	Partitionable Resources :    Usage  Request Allocated 
	   Cpus                 :     0.00        1         1 
	   Disk (KB)            : 11313       12500    787590 
	   Memory (MB)          :   342        2048      2048 
...
