Mon Sep 23 21:26:14 UTC 2019
CMSSW_10_2_13.tgz
_condor_stderr
_condor_stdout
card_rhalphabet_all_2016_floatZ.root
condor_exec.exe
docker_stderror
runjob.sh
tmp
var
x509up_u51467
Resetting caches
Done: ProjectRename
Execute with git status/log:
On branch deco
Your branch is up to date with 'origin/deco'.

nothing to commit (use -u to show untracked files)
commit dc006892e1fe57e608869cd5db512c039a22a0a6
Author: Martin <ka_hei_martin_kwok@brown.edu>
Date:   Mon Sep 23 13:53:29 2019 -0500

    Fix copy output
 <<< Combine >>> 
Will use saturated models to compute goodness of fit for a binned likelihood
>>> method used is GoodnessOfFit
>>> random number generator seed is 123456
Set Range of Parameter r To : (-20,20)
Set Default Value of Parameter r_z To : 1

 --- GoodnessOfFit --- 
Best fit test statistic: 134.915
Done in 0.27 min (cpu), 0.27 min (real)
 <<< Combine >>> 
Will use saturated models to compute goodness of fit for a binned likelihood
>>> method used is GoodnessOfFit
>>> random number generator seed is 45
Set Range of Parameter r To : (-20,20)
Set Default Value of Parameter r_z To : 1
Generate toy 1/10

 --- GoodnessOfFit --- 
Best fit test statistic: 94.997
Done in 0.20 min (cpu), 0.20 min (real)
Generate toy 2/10

 --- GoodnessOfFit --- 
Best fit test statistic: 119.946
Done in 0.23 min (cpu), 0.23 min (real)
Generate toy 3/10

 --- GoodnessOfFit --- 
Best fit test statistic: 99.7626
Done in 0.24 min (cpu), 0.24 min (real)
Generate toy 4/10

 --- GoodnessOfFit --- 
Best fit test statistic: 113.929
Done in 0.25 min (cpu), 0.25 min (real)
Generate toy 5/10

 --- GoodnessOfFit --- 
Best fit test statistic: 120.04
Done in 0.26 min (cpu), 0.26 min (real)
Generate toy 6/10

 --- GoodnessOfFit --- 
Best fit test statistic: 130.231
Done in 0.27 min (cpu), 0.27 min (real)
Generate toy 7/10

 --- GoodnessOfFit --- 
Best fit test statistic: 103.165
Done in 0.28 min (cpu), 0.28 min (real)
Generate toy 8/10

 --- GoodnessOfFit --- 
Best fit test statistic: 109.033
Done in 0.28 min (cpu), 0.28 min (real)
Generate toy 9/10

 --- GoodnessOfFit --- 
Best fit test statistic: 135.867
Done in 0.30 min (cpu), 0.30 min (real)
Generate toy 10/10

 --- GoodnessOfFit --- 
Best fit test statistic: 104.875
Done in 0.29 min (cpu), 0.29 min (real)
mean   expected limit: r < 113.185 +/- 4.21102 @ 95%CL (10 toyMC)
median expected limit: r < 111.481 @ 95%CL (10 toyMC)
   68% expected band : 99.7626 < r < 135.867
   95% expected band : 94.997 < r < 135.867
combine -M GoodnessOfFit /storage/local/data1/condor/execute/dir_24784/card_rhalphabet_all_2016_floatZ.root  --setParameterRange r=-20,20 --setParameters r_z=1 --algorithm saturated -n card_rhalphabet_all_2016_floatZ --freezeParameters r_z --redefineSignalPOIs r
cp higgsCombinecard_rhalphabet_all_2016_floatZ.GoodnessOfFit.mH120.root /storage/local/data1/condor/execute/dir_24784//goodbase_45.root
combine -M GoodnessOfFit /storage/local/data1/condor/execute/dir_24784/card_rhalphabet_all_2016_floatZ.root  --setParameterRange r=-20,20 --setParameters r_z=1 -s 45 -t 10 --toysFrequentist --algorithm saturated -n card_rhalphabet_all_2016_floatZ --freezeParameters r_z --redefineSignalPOIs r
cp higgsCombinecard_rhalphabet_all_2016_floatZ.GoodnessOfFit.mH120.45.root /storage/local/data1/condor/execute/dir_24784//goodtoys_45.root
GoodnessOfFit p-value 0.9
 FCN=5.83207 FROM MINOS     STATUS=SUCCESSFUL     24 CALLS         262 TOTAL
                     EDM=6.72143e-07    STRATEGY= 1      ERROR MATRIX ACCURATE 
  EXT PARAMETER                                   STEP         FIRST   
  NO.   NAME      VALUE            ERROR          SIZE      DERIVATIVE 
   1  p0           3.36901e+01   1.06538e+01  -6.75822e-06  -3.19402e-08
   2  p1           1.13547e+02   4.74446e+00   4.74446e+00  -5.18642e-12
                               ERR DEF= 0.5
Inside /storage/local/data1/condor/execute/dir_24784:
CMSSW_10_2_13
CMSSW_10_2_13.tgz
_condor_stderr
_condor_stdout
card_rhalphabet_all_2016_floatZ.root
condor_exec.exe
docker_stderror
goodbase_45.root
goodness_saturated_card_rhalphabet_all_2016_floatZ.C
goodness_saturated_card_rhalphabet_all_2016_floatZ.pdf
goodtoys_45.root
runjob.sh
tmp
var
x509up_u51467
DELETING...
CMSSW_10_2_13.tgz
_condor_stderr
_condor_stdout
card_rhalphabet_all_2016_floatZ.root
condor_exec.exe
docker_stderror
goodbase_45.root
goodtoys_45.root
runjob.sh
tmp
var
x509up_u51467
Mon Sep 23 21:30:08 UTC 2019
