Mon Sep 23 21:26:13 UTC 2019
CMSSW_10_2_13.tgz
_condor_stderr
_condor_stdout
card_rhalphabet_all_2016_floatZ.root
condor_exec.exe
docker_stderror
runjob.sh
tmp
var
x509up_u51467
Resetting caches
Done: ProjectRename
Execute with git status/log:
On branch deco
Your branch is up to date with 'origin/deco'.

nothing to commit (use -u to show untracked files)
commit dc006892e1fe57e608869cd5db512c039a22a0a6
Author: Martin <ka_hei_martin_kwok@brown.edu>
Date:   Mon Sep 23 13:53:29 2019 -0500

    Fix copy output
 <<< Combine >>> 
Will use saturated models to compute goodness of fit for a binned likelihood
>>> method used is GoodnessOfFit
>>> random number generator seed is 123456
Set Range of Parameter r To : (-20,20)
Set Default Value of Parameter r_z To : 1

 --- GoodnessOfFit --- 
Best fit test statistic: 134.915
Done in 0.20 min (cpu), 0.20 min (real)
 <<< Combine >>> 
Will use saturated models to compute goodness of fit for a binned likelihood
>>> method used is GoodnessOfFit
>>> random number generator seed is 41
Set Range of Parameter r To : (-20,20)
Set Default Value of Parameter r_z To : 1
Generate toy 1/10

 --- GoodnessOfFit --- 
Best fit test statistic: 119.031
Done in 0.19 min (cpu), 0.19 min (real)
Generate toy 2/10

 --- GoodnessOfFit --- 
Best fit test statistic: 113.166
Done in 0.19 min (cpu), 0.20 min (real)
Generate toy 3/10

 --- GoodnessOfFit --- 
Best fit test statistic: 117.428
Done in 0.20 min (cpu), 0.20 min (real)
Generate toy 4/10

 --- GoodnessOfFit --- 
Best fit test statistic: 96.1031
Done in 0.23 min (cpu), 0.23 min (real)
Generate toy 5/10

 --- GoodnessOfFit --- 
Best fit test statistic: 112.987
Done in 0.22 min (cpu), 0.22 min (real)
Generate toy 6/10

 --- GoodnessOfFit --- 
Best fit test statistic: 100.197
Done in 0.24 min (cpu), 0.24 min (real)
Generate toy 7/10

 --- GoodnessOfFit --- 
Best fit test statistic: 115.392
Done in 0.25 min (cpu), 0.25 min (real)
Generate toy 8/10

 --- GoodnessOfFit --- 
Best fit test statistic: 107.519
Done in 0.25 min (cpu), 0.25 min (real)
Generate toy 9/10

 --- GoodnessOfFit --- 
Best fit test statistic: 92.5096
Done in 0.26 min (cpu), 0.26 min (real)
Generate toy 10/10

 --- GoodnessOfFit --- 
Best fit test statistic: 129.587
Done in 0.26 min (cpu), 0.26 min (real)
mean   expected limit: r < 110.392 +/- 3.60271 @ 95%CL (10 toyMC)
median expected limit: r < 113.077 @ 95%CL (10 toyMC)
   68% expected band : 96.1031 < r < 129.587
   95% expected band : 92.5096 < r < 129.587
combine -M GoodnessOfFit /storage/local/data1/condor/execute/dir_8326/card_rhalphabet_all_2016_floatZ.root  --setParameterRange r=-20,20 --setParameters r_z=1 --algorithm saturated -n card_rhalphabet_all_2016_floatZ --freezeParameters r_z --redefineSignalPOIs r
cp higgsCombinecard_rhalphabet_all_2016_floatZ.GoodnessOfFit.mH120.root /storage/local/data1/condor/execute/dir_8326//goodbase_41.root
combine -M GoodnessOfFit /storage/local/data1/condor/execute/dir_8326/card_rhalphabet_all_2016_floatZ.root  --setParameterRange r=-20,20 --setParameters r_z=1 -s 41 -t 10 --toysFrequentist --algorithm saturated -n card_rhalphabet_all_2016_floatZ --freezeParameters r_z --redefineSignalPOIs r
cp higgsCombinecard_rhalphabet_all_2016_floatZ.GoodnessOfFit.mH120.41.root /storage/local/data1/condor/execute/dir_8326//goodtoys_41.root
GoodnessOfFit p-value 1.0
 FCN=6.47825 FROM MINOS     STATUS=SUCCESSFUL     24 CALLS         284 TOTAL
                     EDM=2.14178e-07    STRATEGY= 1      ERROR MATRIX ACCURATE 
  EXT PARAMETER                                   STEP         FIRST   
  NO.   NAME      VALUE            ERROR          SIZE      DERIVATIVE 
   1  p0           3.35565e+01   1.06115e+01  -7.39070e-06  -3.53335e-08
   2  p1           1.10533e+02   4.68050e+00   4.68050e+00   1.40699e-12
                               ERR DEF= 0.5
Inside /storage/local/data1/condor/execute/dir_8326:
CMSSW_10_2_13
CMSSW_10_2_13.tgz
_condor_stderr
_condor_stdout
card_rhalphabet_all_2016_floatZ.root
condor_exec.exe
docker_stderror
goodbase_41.root
goodness_saturated_card_rhalphabet_all_2016_floatZ.C
goodness_saturated_card_rhalphabet_all_2016_floatZ.pdf
goodtoys_41.root
runjob.sh
tmp
var
x509up_u51467
DELETING...
CMSSW_10_2_13.tgz
_condor_stderr
_condor_stdout
card_rhalphabet_all_2016_floatZ.root
condor_exec.exe
docker_stderror
goodbase_41.root
goodtoys_41.root
runjob.sh
tmp
var
x509up_u51467
Mon Sep 23 21:29:36 UTC 2019
