000 (33244129.047.000) 09/23 16:20:42 Job submitted from host: <131.225.188.57:9618?addrs=131.225.188.57-9618&noUDP&sock=5995_a65b_3>
...
001 (33244129.047.000) 09/23 16:26:20 Job executing on host: <131.225.205.183:9618?addrs=131.225.205.183-9618&noUDP&sock=3513_344b_3>
...
006 (33244129.047.000) 09/23 16:26:30 Image size of job updated: 8
	8  -  MemoryUsage of job (MB)
	8680  -  ResidentSetSize of job (KB)
...
006 (33244129.047.000) 09/23 16:27:30 Image size of job updated: 302
	302  -  MemoryUsage of job (MB)
	309268  -  ResidentSetSize of job (KB)
...
006 (33244129.047.000) 09/23 16:28:30 Image size of job updated: 321
	321  -  MemoryUsage of job (MB)
	328756  -  ResidentSetSize of job (KB)
...
006 (33244129.047.000) 09/23 16:29:31 Image size of job updated: 331
	331  -  MemoryUsage of job (MB)
	339896  -  ResidentSetSize of job (KB)
...
006 (33244129.047.000) 09/23 16:30:08 Image size of job updated: 342
	342  -  MemoryUsage of job (MB)
	351024  -  ResidentSetSize of job (KB)
...
005 (33244129.047.000) 09/23 16:30:10 Job terminated.
	(1) Normal termination (return value 0)
		Usr 0 00:03:23, Sys 0 00:00:05  -  Run Remote Usage
		Usr 0 00:00:00, Sys 0 00:00:00  -  Run Local Usage
		Usr 0 00:03:23, Sys 0 00:00:05  -  Total Remote Usage
		Usr 0 00:00:00, Sys 0 00:00:00  -  Total Local Usage
	22435  -  Run Bytes Sent By Job
	11537867  -  Run Bytes Received By Job
	22435  -  Total Bytes Sent By Job
	11537867  -  Total Bytes Received By Job
	Partitionable Resources :    Usage  Request Allocated 
	   Cpus                 :        0        1         1 
	   Disk (KB)            :    11314    12500   1631419 
	   Memory (MB)          :      342     2048      2048 
...
