000 (33244129.040.000) 09/23 16:20:42 Job submitted from host: <131.225.188.57:9618?addrs=131.225.188.57-9618&noUDP&sock=5995_a65b_3>
...
001 (33244129.040.000) 09/23 16:26:09 Job executing on host: <131.225.205.168:9618?addrs=131.225.205.168-9618&noUDP&sock=7292_48b1_3>
...
006 (33244129.040.000) 09/23 16:26:18 Image size of job updated: 6
	6  -  MemoryUsage of job (MB)
	6600  -  ResidentSetSize of job (KB)
...
006 (33244129.040.000) 09/23 16:27:19 Image size of job updated: 288
	288  -  MemoryUsage of job (MB)
	295400  -  ResidentSetSize of job (KB)
...
006 (33244129.040.000) 09/23 16:28:20 Image size of job updated: 308
	308  -  MemoryUsage of job (MB)
	316104  -  ResidentSetSize of job (KB)
...
006 (33244129.040.000) 09/23 16:29:21 Image size of job updated: 326
	326  -  MemoryUsage of job (MB)
	334752  -  ResidentSetSize of job (KB)
...
006 (33244129.040.000) 09/23 16:30:22 Image size of job updated: 342
	342  -  MemoryUsage of job (MB)
	350836  -  ResidentSetSize of job (KB)
...
005 (33244129.040.000) 09/23 16:30:27 Job terminated.
	(1) Normal termination (return value 0)
		Usr 0 00:03:29, Sys 0 00:00:07  -  Run Remote Usage
		Usr 0 00:00:00, Sys 0 00:00:00  -  Run Local Usage
		Usr 0 00:03:29, Sys 0 00:00:07  -  Total Remote Usage
		Usr 0 00:00:00, Sys 0 00:00:00  -  Total Local Usage
	27151  -  Run Bytes Sent By Job
	11537867  -  Run Bytes Received By Job
	27151  -  Total Bytes Sent By Job
	11537867  -  Total Bytes Received By Job
	Partitionable Resources :    Usage  Request Allocated 
	   Cpus                 :     0.00        1         1 
	   Disk (KB)            : 11319       12500   1640463 
	   Memory (MB)          :   342        2048      2048 
...
