000 (33244129.044.000) 09/23 16:20:42 Job submitted from host: <131.225.188.57:9618?addrs=131.225.188.57-9618&noUDP&sock=5995_a65b_3>
...
001 (33244129.044.000) 09/23 16:26:11 Job executing on host: <131.225.188.17:9618?addrs=131.225.188.17-9618&noUDP&sock=8252_c39c_3>
...
006 (33244129.044.000) 09/23 16:26:19 Image size of job updated: 6
	6  -  MemoryUsage of job (MB)
	6144  -  ResidentSetSize of job (KB)
...
006 (33244129.044.000) 09/23 16:27:19 Image size of job updated: 240
	240  -  MemoryUsage of job (MB)
	246756  -  ResidentSetSize of job (KB)
...
006 (33244129.044.000) 09/23 16:28:19 Image size of job updated: 314
	314  -  MemoryUsage of job (MB)
	321556  -  ResidentSetSize of job (KB)
...
006 (33244129.044.000) 09/23 16:29:19 Image size of job updated: 331
	331  -  MemoryUsage of job (MB)
	339748  -  ResidentSetSize of job (KB)
...
006 (33244129.044.000) 09/23 16:30:08 Image size of job updated: 342
	342  -  MemoryUsage of job (MB)
	350300  -  ResidentSetSize of job (KB)
...
005 (33244129.044.000) 09/23 16:30:11 Job terminated.
	(1) Normal termination (return value 0)
		Usr 0 00:03:18, Sys 0 00:00:08  -  Run Remote Usage
		Usr 0 00:00:00, Sys 0 00:00:00  -  Run Local Usage
		Usr 0 00:03:18, Sys 0 00:00:08  -  Total Remote Usage
		Usr 0 00:00:00, Sys 0 00:00:00  -  Total Local Usage
	21132  -  Run Bytes Sent By Job
	11537867  -  Run Bytes Received By Job
	21132  -  Total Bytes Sent By Job
	11537867  -  Total Bytes Received By Job
	Partitionable Resources :    Usage  Request Allocated 
	   Cpus                 :     0.00        1         1 
	   Disk (KB)            : 11319       12500   1648483 
	   Memory (MB)          :   342        2048      2048 
...
