Mon Sep 23 21:26:12 UTC 2019
CMSSW_10_2_13.tgz
_condor_stderr
_condor_stdout
card_rhalphabet_all_2016_floatZ.root
condor_exec.exe
docker_stderror
runjob.sh
tmp
var
x509up_u51467
Resetting caches
Done: ProjectRename
Execute with git status/log:
On branch deco
Your branch is up to date with 'origin/deco'.

nothing to commit (use -u to show untracked files)
commit dc006892e1fe57e608869cd5db512c039a22a0a6
Author: Martin <ka_hei_martin_kwok@brown.edu>
Date:   Mon Sep 23 13:53:29 2019 -0500

    Fix copy output
 <<< Combine >>> 
Will use saturated models to compute goodness of fit for a binned likelihood
>>> method used is GoodnessOfFit
>>> random number generator seed is 123456
Set Range of Parameter r To : (-20,20)
Set Default Value of Parameter r_z To : 1

 --- GoodnessOfFit --- 
Best fit test statistic: 134.915
Done in 0.26 min (cpu), 0.26 min (real)
 <<< Combine >>> 
Will use saturated models to compute goodness of fit for a binned likelihood
>>> method used is GoodnessOfFit
>>> random number generator seed is 42
Set Range of Parameter r To : (-20,20)
Set Default Value of Parameter r_z To : 1
Generate toy 1/10

 --- GoodnessOfFit --- 
Best fit test statistic: 140.428
Done in 0.22 min (cpu), 0.22 min (real)
Generate toy 2/10

 --- GoodnessOfFit --- 
Best fit test statistic: 101.303
Done in 0.23 min (cpu), 0.23 min (real)
Generate toy 3/10

 --- GoodnessOfFit --- 
Best fit test statistic: 113.173
Done in 0.22 min (cpu), 0.23 min (real)
Generate toy 4/10

 --- GoodnessOfFit --- 
Best fit test statistic: 139.03
Done in 0.26 min (cpu), 0.26 min (real)
Generate toy 5/10

 --- GoodnessOfFit --- 
Best fit test statistic: 117.444
Done in 0.27 min (cpu), 0.27 min (real)
Generate toy 6/10

 --- GoodnessOfFit --- 
Best fit test statistic: 100.619
Done in 0.27 min (cpu), 0.27 min (real)
Generate toy 7/10

 --- GoodnessOfFit --- 
Best fit test statistic: 93.6652
Done in 0.26 min (cpu), 0.26 min (real)
Generate toy 8/10

 --- GoodnessOfFit --- 
Best fit test statistic: 110.684
Done in 0.25 min (cpu), 0.26 min (real)
Generate toy 9/10

 --- GoodnessOfFit --- 
Best fit test statistic: 117.629
Done in 0.29 min (cpu), 0.29 min (real)
Generate toy 10/10

 --- GoodnessOfFit --- 
Best fit test statistic: 91.2904
Done in 0.28 min (cpu), 0.28 min (real)
mean   expected limit: r < 112.527 +/- 5.38456 @ 95%CL (10 toyMC)
median expected limit: r < 111.928 @ 95%CL (10 toyMC)
   68% expected band : 93.6652 < r < 140.428
   95% expected band : 91.2904 < r < 140.428
combine -M GoodnessOfFit /storage/local/data1/condor/execute/dir_29821/card_rhalphabet_all_2016_floatZ.root  --setParameterRange r=-20,20 --setParameters r_z=1 --algorithm saturated -n card_rhalphabet_all_2016_floatZ --freezeParameters r_z --redefineSignalPOIs r
cp higgsCombinecard_rhalphabet_all_2016_floatZ.GoodnessOfFit.mH120.root /storage/local/data1/condor/execute/dir_29821//goodbase_42.root
combine -M GoodnessOfFit /storage/local/data1/condor/execute/dir_29821/card_rhalphabet_all_2016_floatZ.root  --setParameterRange r=-20,20 --setParameters r_z=1 -s 42 -t 10 --toysFrequentist --algorithm saturated -n card_rhalphabet_all_2016_floatZ --freezeParameters r_z --redefineSignalPOIs r
cp higgsCombinecard_rhalphabet_all_2016_floatZ.GoodnessOfFit.mH120.42.root /storage/local/data1/condor/execute/dir_29821//goodtoys_42.root
GoodnessOfFit p-value 0.8
 FCN=11.8479 FROM MINOS     STATUS=SUCCESSFUL     25 CALLS         237 TOTAL
                     EDM=5.18763e-07    STRATEGY= 1      ERROR MATRIX ACCURATE 
  EXT PARAMETER                                   STEP         FIRST   
  NO.   NAME      VALUE            ERROR          SIZE      DERIVATIVE 
   1  p0           3.43422e+01   1.08600e+01  -1.29476e-05  -5.91282e-08
   2  p1           1.12570e+02   4.72382e+00   4.72382e+00  -4.48212e-12
                               ERR DEF= 0.5
Inside /storage/local/data1/condor/execute/dir_29821:
CMSSW_10_2_13
CMSSW_10_2_13.tgz
_condor_stderr
_condor_stdout
card_rhalphabet_all_2016_floatZ.root
condor_exec.exe
docker_stderror
goodbase_42.root
goodness_saturated_card_rhalphabet_all_2016_floatZ.C
goodness_saturated_card_rhalphabet_all_2016_floatZ.pdf
goodtoys_42.root
runjob.sh
tmp
var
x509up_u51467
DELETING...
CMSSW_10_2_13.tgz
_condor_stderr
_condor_stdout
card_rhalphabet_all_2016_floatZ.root
condor_exec.exe
docker_stderror
goodbase_42.root
goodtoys_42.root
runjob.sh
tmp
var
x509up_u51467
Mon Sep 23 21:30:06 UTC 2019
