000 (33244129.039.000) 09/23 16:20:41 Job submitted from host: <131.225.188.57:9618?addrs=131.225.188.57-9618&noUDP&sock=5995_a65b_3>
...
001 (33244129.039.000) 09/23 16:26:10 Job executing on host: <131.225.190.44:9618?addrs=131.225.190.44-9618&noUDP&sock=5383_de65_3>
...
006 (33244129.039.000) 09/23 16:26:18 Image size of job updated: 7
	7  -  MemoryUsage of job (MB)
	7656  -  ResidentSetSize of job (KB)
...
006 (33244129.039.000) 09/23 16:27:19 Image size of job updated: 302
	302  -  MemoryUsage of job (MB)
	309836  -  ResidentSetSize of job (KB)
...
006 (33244129.039.000) 09/23 16:28:19 Image size of job updated: 317
	317  -  MemoryUsage of job (MB)
	324780  -  ResidentSetSize of job (KB)
...
006 (33244129.039.000) 09/23 16:29:20 Image size of job updated: 336
	336  -  MemoryUsage of job (MB)
	344504  -  ResidentSetSize of job (KB)
...
006 (33244129.039.000) 09/23 16:29:47 Image size of job updated: 336
	133  -  MemoryUsage of job (MB)
	344504  -  ResidentSetSize of job (KB)
...
005 (33244129.039.000) 09/23 16:29:48 Job terminated.
	(1) Normal termination (return value 0)
		Usr 0 00:03:21, Sys 0 00:00:05  -  Run Remote Usage
		Usr 0 00:00:00, Sys 0 00:00:00  -  Run Local Usage
		Usr 0 00:03:21, Sys 0 00:00:05  -  Total Remote Usage
		Usr 0 00:00:00, Sys 0 00:00:00  -  Total Local Usage
	25754  -  Run Bytes Sent By Job
	11537867  -  Run Bytes Received By Job
	25754  -  Total Bytes Sent By Job
	11537867  -  Total Bytes Received By Job
	Partitionable Resources :    Usage  Request Allocated 
	   Cpus                 :     0.00        1         1 
	   Disk (KB)            : 11318       12500    792434 
	   Memory (MB)          :   133        2048      2048 
...
