000 (33244129.034.000) 09/23 16:20:41 Job submitted from host: <131.225.188.57:9618?addrs=131.225.188.57-9618&noUDP&sock=5995_a65b_3>
...
001 (33244129.034.000) 09/23 16:26:03 Job executing on host: <131.225.205.166:9618?addrs=131.225.205.166-9618&noUDP&sock=3485_ffa4_3>
...
006 (33244129.034.000) 09/23 16:26:11 Image size of job updated: 9
	9  -  MemoryUsage of job (MB)
	10212  -  ResidentSetSize of job (KB)
...
006 (33244129.034.000) 09/23 16:27:12 Image size of job updated: 300
	300  -  MemoryUsage of job (MB)
	307272  -  ResidentSetSize of job (KB)
...
006 (33244129.034.000) 09/23 16:28:12 Image size of job updated: 314
	314  -  MemoryUsage of job (MB)
	321668  -  ResidentSetSize of job (KB)
...
006 (33244129.034.000) 09/23 16:29:12 Image size of job updated: 332
	332  -  MemoryUsage of job (MB)
	340240  -  ResidentSetSize of job (KB)
...
005 (33244129.034.000) 09/23 16:30:03 Job terminated.
	(1) Normal termination (return value 0)
		Usr 0 00:02:37, Sys 0 00:00:05  -  Run Remote Usage
		Usr 0 00:00:00, Sys 0 00:00:00  -  Run Local Usage
		Usr 0 00:02:37, Sys 0 00:00:05  -  Total Remote Usage
		Usr 0 00:00:00, Sys 0 00:00:00  -  Total Local Usage
	23736  -  Run Bytes Sent By Job
	11537867  -  Run Bytes Received By Job
	23736  -  Total Bytes Sent By Job
	11537867  -  Total Bytes Received By Job
	Partitionable Resources :    Usage  Request Allocated 
	   Cpus                 :     0.00        1         1 
	   Disk (KB)            : 11316       12500   1638745 
	   Memory (MB)          :   332        2048      2048 
...
