000 (33244129.015.000) 09/23 16:20:40 Job submitted from host: <131.225.188.57:9618?addrs=131.225.188.57-9618&noUDP&sock=5995_a65b_3>
...
001 (33244129.015.000) 09/23 16:25:23 Job executing on host: <131.225.190.29:9618?addrs=131.225.190.29-9618&noUDP&sock=5414_21d5_3>
...
006 (33244129.015.000) 09/23 16:25:32 Image size of job updated: 3
	3  -  MemoryUsage of job (MB)
	3708  -  ResidentSetSize of job (KB)
...
006 (33244129.015.000) 09/23 16:26:33 Image size of job updated: 303
	303  -  MemoryUsage of job (MB)
	311140  -  ResidentSetSize of job (KB)
...
006 (33244129.015.000) 09/23 16:27:33 Image size of job updated: 318
	318  -  MemoryUsage of job (MB)
	326128  -  ResidentSetSize of job (KB)
...
006 (33244129.015.000) 09/23 16:28:34 Image size of job updated: 337
	337  -  MemoryUsage of job (MB)
	345924  -  ResidentSetSize of job (KB)
...
006 (33244129.015.000) 09/23 16:28:45 Image size of job updated: 344
	344  -  MemoryUsage of job (MB)
	352272  -  ResidentSetSize of job (KB)
...
005 (33244129.015.000) 09/23 16:28:46 Job terminated.
	(1) Normal termination (return value 0)
		Usr 0 00:03:04, Sys 0 00:00:05  -  Run Remote Usage
		Usr 0 00:00:00, Sys 0 00:00:00  -  Run Local Usage
		Usr 0 00:03:04, Sys 0 00:00:05  -  Total Remote Usage
		Usr 0 00:00:00, Sys 0 00:00:00  -  Total Local Usage
	24505  -  Run Bytes Sent By Job
	11537867  -  Run Bytes Received By Job
	24505  -  Total Bytes Sent By Job
	11537867  -  Total Bytes Received By Job
	Partitionable Resources :    Usage  Request Allocated 
	   Cpus                 :        0        1         1 
	   Disk (KB)            :    11316    12500    780708 
	   Memory (MB)          :      344     2048      2048 
...
