Mon Sep 23 21:25:19 UTC 2019
CMSSW_10_2_13.tgz
_condor_stderr
_condor_stdout
card_rhalphabet_all_2016_floatZ.root
condor_exec.exe
docker_stderror
runjob.sh
tmp
var
x509up_u51467
Resetting caches
Done: ProjectRename
Execute with git status/log:
On branch deco
Your branch is up to date with 'origin/deco'.

nothing to commit (use -u to show untracked files)
commit dc006892e1fe57e608869cd5db512c039a22a0a6
Author: Martin <ka_hei_martin_kwok@brown.edu>
Date:   Mon Sep 23 13:53:29 2019 -0500

    Fix copy output
 <<< Combine >>> 
Will use saturated models to compute goodness of fit for a binned likelihood
>>> method used is GoodnessOfFit
>>> random number generator seed is 123456
Set Range of Parameter r To : (-20,20)
Set Default Value of Parameter r_z To : 1

 --- GoodnessOfFit --- 
Best fit test statistic: 134.915
Done in 0.20 min (cpu), 0.21 min (real)
 <<< Combine >>> 
Will use saturated models to compute goodness of fit for a binned likelihood
>>> method used is GoodnessOfFit
>>> random number generator seed is 11
Set Range of Parameter r To : (-20,20)
Set Default Value of Parameter r_z To : 1
Generate toy 1/10

 --- GoodnessOfFit --- 
Best fit test statistic: 113.486
Done in 0.20 min (cpu), 0.20 min (real)
Generate toy 2/10

 --- GoodnessOfFit --- 
Best fit test statistic: 93.6342
Done in 0.21 min (cpu), 0.21 min (real)
Generate toy 3/10

 --- GoodnessOfFit --- 
Best fit test statistic: 155.689
Done in 0.22 min (cpu), 0.22 min (real)
Generate toy 4/10

 --- GoodnessOfFit --- 
Best fit test statistic: 100.467
Done in 0.21 min (cpu), 0.21 min (real)
Generate toy 5/10

 --- GoodnessOfFit --- 
Best fit test statistic: 98.2632
Done in 0.24 min (cpu), 0.24 min (real)
Generate toy 6/10

 --- GoodnessOfFit --- 
Best fit test statistic: 94.8248
Done in 0.26 min (cpu), 0.26 min (real)
Generate toy 7/10

 --- GoodnessOfFit --- 
Best fit test statistic: 128.663
Done in 0.23 min (cpu), 0.23 min (real)
Generate toy 8/10

 --- GoodnessOfFit --- 
Best fit test statistic: 110.891
Done in 0.24 min (cpu), 0.24 min (real)
Generate toy 9/10

 --- GoodnessOfFit --- 
Best fit test statistic: 127.145
Done in 0.25 min (cpu), 0.25 min (real)
Generate toy 10/10

 --- GoodnessOfFit --- 
Best fit test statistic: 108.955
Done in 0.27 min (cpu), 0.27 min (real)
mean   expected limit: r < 113.202 +/- 6.11737 @ 95%CL (10 toyMC)
median expected limit: r < 109.923 @ 95%CL (10 toyMC)
   68% expected band : 94.8248 < r < 155.689
   95% expected band : 93.6342 < r < 155.689
combine -M GoodnessOfFit /storage/local/data1/condor/execute/dir_45288/card_rhalphabet_all_2016_floatZ.root  --setParameterRange r=-20,20 --setParameters r_z=1 --algorithm saturated -n card_rhalphabet_all_2016_floatZ --freezeParameters r_z --redefineSignalPOIs r
cp higgsCombinecard_rhalphabet_all_2016_floatZ.GoodnessOfFit.mH120.root /storage/local/data1/condor/execute/dir_45288//goodbase_11.root
combine -M GoodnessOfFit /storage/local/data1/condor/execute/dir_45288/card_rhalphabet_all_2016_floatZ.root  --setParameterRange r=-20,20 --setParameters r_z=1 -s 11 -t 10 --toysFrequentist --algorithm saturated -n card_rhalphabet_all_2016_floatZ --freezeParameters r_z --redefineSignalPOIs r
cp higgsCombinecard_rhalphabet_all_2016_floatZ.GoodnessOfFit.mH120.11.root /storage/local/data1/condor/execute/dir_45288//goodtoys_11.root
GoodnessOfFit p-value 0.9
 FCN=8.73036 FROM MINOS     STATUS=SUCCESSFUL     26 CALLS         237 TOTAL
                     EDM=5.56235e-11    STRATEGY= 1      ERROR MATRIX ACCURATE 
  EXT PARAMETER                                   STEP         FIRST   
  NO.   NAME      VALUE            ERROR          SIZE      DERIVATIVE 
   1  p0           3.65269e+01   1.15508e+01   3.81279e-06  -4.24404e-08
   2  p1           1.12445e+02   4.72118e+00   4.72118e+00  -8.90898e-12
                               ERR DEF= 0.5
Inside /storage/local/data1/condor/execute/dir_45288:
CMSSW_10_2_13
CMSSW_10_2_13.tgz
_condor_stderr
_condor_stdout
card_rhalphabet_all_2016_floatZ.root
condor_exec.exe
docker_stderror
goodbase_11.root
goodness_saturated_card_rhalphabet_all_2016_floatZ.C
goodness_saturated_card_rhalphabet_all_2016_floatZ.pdf
goodtoys_11.root
runjob.sh
tmp
var
x509up_u51467
DELETING...
CMSSW_10_2_13.tgz
_condor_stderr
_condor_stdout
card_rhalphabet_all_2016_floatZ.root
condor_exec.exe
docker_stderror
goodbase_11.root
goodtoys_11.root
runjob.sh
tmp
var
x509up_u51467
Mon Sep 23 21:28:43 UTC 2019
