Mon Sep 23 21:26:36 UTC 2019
CMSSW_10_2_13.tgz
_condor_stderr
_condor_stdout
card_rhalphabet_all_2016_floatZ.root
condor_exec.exe
docker_stderror
runjob.sh
tmp
var
x509up_u51467
Resetting caches
Done: ProjectRename
Execute with git status/log:
On branch deco
Your branch is up to date with 'origin/deco'.

nothing to commit (use -u to show untracked files)
commit dc006892e1fe57e608869cd5db512c039a22a0a6
Author: Martin <ka_hei_martin_kwok@brown.edu>
Date:   Mon Sep 23 13:53:29 2019 -0500

    Fix copy output
 <<< Combine >>> 
Will use saturated models to compute goodness of fit for a binned likelihood
>>> method used is GoodnessOfFit
>>> random number generator seed is 123456
Set Range of Parameter r To : (-20,20)
Set Default Value of Parameter r_z To : 1

 --- GoodnessOfFit --- 
Best fit test statistic: 134.915
Done in 0.20 min (cpu), 0.20 min (real)
 <<< Combine >>> 
Will use saturated models to compute goodness of fit for a binned likelihood
>>> method used is GoodnessOfFit
>>> random number generator seed is 49
Set Range of Parameter r To : (-20,20)
Set Default Value of Parameter r_z To : 1
Generate toy 1/10

 --- GoodnessOfFit --- 
Best fit test statistic: 120.006
Done in 0.17 min (cpu), 0.17 min (real)
Generate toy 2/10

 --- GoodnessOfFit --- 
Best fit test statistic: 95.8689
Done in 0.21 min (cpu), 0.21 min (real)
Generate toy 3/10

 --- GoodnessOfFit --- 
Best fit test statistic: 117.864
Done in 0.21 min (cpu), 0.21 min (real)
Generate toy 4/10

 --- GoodnessOfFit --- 
Best fit test statistic: 130.311
Done in 0.21 min (cpu), 0.21 min (real)
Generate toy 5/10

 --- GoodnessOfFit --- 
Best fit test statistic: 122.029
Done in 0.22 min (cpu), 0.22 min (real)
Generate toy 6/10

 --- GoodnessOfFit --- 
Best fit test statistic: 118.675
Done in 0.24 min (cpu), 0.24 min (real)
Generate toy 7/10

 --- GoodnessOfFit --- 
Best fit test statistic: 110.776
Done in 0.25 min (cpu), 0.25 min (real)
Generate toy 8/10

 --- GoodnessOfFit --- 
Best fit test statistic: 115.19
Done in 0.26 min (cpu), 0.26 min (real)
Generate toy 9/10

 --- GoodnessOfFit --- 
Best fit test statistic: 135.002
Done in 0.27 min (cpu), 0.27 min (real)
Generate toy 10/10

 --- GoodnessOfFit --- 
Best fit test statistic: 130.178
Done in 0.24 min (cpu), 0.24 min (real)
mean   expected limit: r < 119.59 +/- 3.55001 @ 95%CL (10 toyMC)
median expected limit: r < 119.341 @ 95%CL (10 toyMC)
   68% expected band : 110.776 < r < 135.002
   95% expected band : 95.8689 < r < 135.002
combine -M GoodnessOfFit /storage/local/data1/condor/execute/dir_19428/card_rhalphabet_all_2016_floatZ.root  --setParameterRange r=-20,20 --setParameters r_z=1 --algorithm saturated -n card_rhalphabet_all_2016_floatZ --freezeParameters r_z --redefineSignalPOIs r
cp higgsCombinecard_rhalphabet_all_2016_floatZ.GoodnessOfFit.mH120.root /storage/local/data1/condor/execute/dir_19428//goodbase_49.root
combine -M GoodnessOfFit /storage/local/data1/condor/execute/dir_19428/card_rhalphabet_all_2016_floatZ.root  --setParameterRange r=-20,20 --setParameters r_z=1 -s 49 -t 10 --toysFrequentist --algorithm saturated -n card_rhalphabet_all_2016_floatZ --freezeParameters r_z --redefineSignalPOIs r
cp higgsCombinecard_rhalphabet_all_2016_floatZ.GoodnessOfFit.mH120.49.root /storage/local/data1/condor/execute/dir_19428//goodtoys_49.root
GoodnessOfFit p-value 0.9
 FCN=8.64282 FROM MINOS     STATUS=SUCCESSFUL     24 CALLS        1341 TOTAL
                     EDM=8.12962e-10    STRATEGY= 1      ERROR MATRIX ACCURATE 
  EXT PARAMETER                                   STEP         FIRST   
  NO.   NAME      VALUE            ERROR          SIZE      DERIVATIVE 
   1  p0           3.35714e+01   1.06162e+01  -9.64014e-06  -4.56138e-08
   2  p1           1.20003e+02   4.87864e+00   4.87864e+00  -5.75243e-10
                               ERR DEF= 0.5
Inside /storage/local/data1/condor/execute/dir_19428:
CMSSW_10_2_13
CMSSW_10_2_13.tgz
_condor_stderr
_condor_stdout
card_rhalphabet_all_2016_floatZ.root
condor_exec.exe
docker_stderror
goodbase_49.root
goodness_saturated_card_rhalphabet_all_2016_floatZ.C
goodness_saturated_card_rhalphabet_all_2016_floatZ.pdf
goodtoys_49.root
runjob.sh
tmp
var
x509up_u51467
DELETING...
CMSSW_10_2_13.tgz
_condor_stderr
_condor_stdout
card_rhalphabet_all_2016_floatZ.root
condor_exec.exe
docker_stderror
goodbase_49.root
goodtoys_49.root
runjob.sh
tmp
var
x509up_u51467
Mon Sep 23 21:30:02 UTC 2019
