000 (33244129.025.000) 09/23 16:20:40 Job submitted from host: <131.225.188.57:9618?addrs=131.225.188.57-9618&noUDP&sock=5995_a65b_3>
...
001 (33244129.025.000) 09/23 16:25:44 Job executing on host: <131.225.205.196:9618?addrs=131.225.205.196-9618&noUDP&sock=7687_3899_3>
...
006 (33244129.025.000) 09/23 16:25:53 Image size of job updated: 9
	9  -  MemoryUsage of job (MB)
	9788  -  ResidentSetSize of job (KB)
...
006 (33244129.025.000) 09/23 16:26:53 Image size of job updated: 289
	289  -  MemoryUsage of job (MB)
	296392  -  ResidentSetSize of job (KB)
...
006 (33244129.025.000) 09/23 16:27:54 Image size of job updated: 308
	308  -  MemoryUsage of job (MB)
	316176  -  ResidentSetSize of job (KB)
...
006 (33244129.025.000) 09/23 16:28:54 Image size of job updated: 327
	327  -  MemoryUsage of job (MB)
	335084  -  ResidentSetSize of job (KB)
...
006 (33244129.025.000) 09/23 16:29:55 Image size of job updated: 342
	342  -  MemoryUsage of job (MB)
	350484  -  ResidentSetSize of job (KB)
...
005 (33244129.025.000) 09/23 16:29:57 Job terminated.
	(1) Normal termination (return value 0)
		Usr 0 00:03:29, Sys 0 00:00:07  -  Run Remote Usage
		Usr 0 00:00:00, Sys 0 00:00:00  -  Run Local Usage
		Usr 0 00:03:29, Sys 0 00:00:07  -  Total Remote Usage
		Usr 0 00:00:00, Sys 0 00:00:00  -  Total Local Usage
	26198  -  Run Bytes Sent By Job
	11537867  -  Run Bytes Received By Job
	26198  -  Total Bytes Sent By Job
	11537867  -  Total Bytes Received By Job
	Partitionable Resources :    Usage  Request Allocated 
	   Cpus                 :     0.00        1         1 
	   Disk (KB)            : 11318       12500   1692940 
	   Memory (MB)          :   342        2048      2048 
...
