000 (33244129.036.000) 09/23 16:20:41 Job submitted from host: <131.225.188.57:9618?addrs=131.225.188.57-9618&noUDP&sock=5995_a65b_3>
...
001 (33244129.036.000) 09/23 16:26:08 Job executing on host: <131.225.206.228:9618?addrs=131.225.206.228-9618&noUDP&sock=4574_f647_3>
...
006 (33244129.036.000) 09/23 16:26:17 Image size of job updated: 1
	0  -  MemoryUsage of job (MB)
	764  -  ResidentSetSize of job (KB)
...
006 (33244129.036.000) 09/23 16:27:18 Image size of job updated: 307
	307  -  MemoryUsage of job (MB)
	314564  -  ResidentSetSize of job (KB)
...
006 (33244129.036.000) 09/23 16:28:19 Image size of job updated: 326
	326  -  MemoryUsage of job (MB)
	334004  -  ResidentSetSize of job (KB)
...
006 (33244129.036.000) 09/23 16:28:58 Image size of job updated: 341
	341  -  MemoryUsage of job (MB)
	349412  -  ResidentSetSize of job (KB)
...
005 (33244129.036.000) 09/23 16:29:02 Job terminated.
	(1) Normal termination (return value 0)
		Usr 0 00:02:16, Sys 0 00:00:03  -  Run Remote Usage
		Usr 0 00:00:00, Sys 0 00:00:00  -  Run Local Usage
		Usr 0 00:02:16, Sys 0 00:00:03  -  Total Remote Usage
		Usr 0 00:00:00, Sys 0 00:00:00  -  Total Local Usage
	24421  -  Run Bytes Sent By Job
	11537867  -  Run Bytes Received By Job
	24421  -  Total Bytes Sent By Job
	11537867  -  Total Bytes Received By Job
	Partitionable Resources :    Usage  Request Allocated 
	   Cpus                 :     0.01        1         1 
	   Disk (KB)            : 11312       12500    309072 
	   Memory (MB)          :   341        2048      2048 
...
