000 (33244129.026.000) 09/23 16:20:40 Job submitted from host: <131.225.188.57:9618?addrs=131.225.188.57-9618&noUDP&sock=5995_a65b_3>
...
001 (33244129.026.000) 09/23 16:25:44 Job executing on host: <131.225.190.15:9618?addrs=131.225.190.15-9618&noUDP&sock=7404_1b4c_3>
...
006 (33244129.026.000) 09/23 16:25:53 Image size of job updated: 1
	0  -  MemoryUsage of job (MB)
	824  -  ResidentSetSize of job (KB)
...
006 (33244129.026.000) 09/23 16:26:54 Image size of job updated: 302
	302  -  MemoryUsage of job (MB)
	310088  -  ResidentSetSize of job (KB)
...
006 (33244129.026.000) 09/23 16:27:54 Image size of job updated: 317
	317  -  MemoryUsage of job (MB)
	324908  -  ResidentSetSize of job (KB)
...
006 (33244129.026.000) 09/23 16:28:54 Image size of job updated: 336
	336  -  MemoryUsage of job (MB)
	344508  -  ResidentSetSize of job (KB)
...
006 (33244129.026.000) 09/23 16:29:11 Image size of job updated: 342
	342  -  MemoryUsage of job (MB)
	350608  -  ResidentSetSize of job (KB)
...
005 (33244129.026.000) 09/23 16:29:11 Job terminated.
	(1) Normal termination (return value 0)
		Usr 0 00:02:59, Sys 0 00:00:05  -  Run Remote Usage
		Usr 0 00:00:00, Sys 0 00:00:00  -  Run Local Usage
		Usr 0 00:02:59, Sys 0 00:00:05  -  Total Remote Usage
		Usr 0 00:00:00, Sys 0 00:00:00  -  Total Local Usage
	23683  -  Run Bytes Sent By Job
	11537867  -  Run Bytes Received By Job
	23683  -  Total Bytes Sent By Job
	11537867  -  Total Bytes Received By Job
	Partitionable Resources :    Usage  Request Allocated 
	   Cpus                 :     0.00        1         1 
	   Disk (KB)            : 11315       12500    782343 
	   Memory (MB)          :   342        2048      2048 
...
