Mon Sep 23 21:26:15 UTC 2019
CMSSW_10_2_13.tgz
_condor_stderr
_condor_stdout
card_rhalphabet_all_2016_floatZ.root
condor_exec.exe
docker_stderror
runjob.sh
tmp
var
x509up_u51467
Resetting caches
Done: ProjectRename
Execute with git status/log:
On branch deco
Your branch is up to date with 'origin/deco'.

nothing to commit (use -u to show untracked files)
commit dc006892e1fe57e608869cd5db512c039a22a0a6
Author: Martin <ka_hei_martin_kwok@brown.edu>
Date:   Mon Sep 23 13:53:29 2019 -0500

    Fix copy output
 <<< Combine >>> 
Will use saturated models to compute goodness of fit for a binned likelihood
>>> method used is GoodnessOfFit
>>> random number generator seed is 123456
Set Range of Parameter r To : (-20,20)
Set Default Value of Parameter r_z To : 1

 --- GoodnessOfFit --- 
Best fit test statistic: 134.915
Done in 0.17 min (cpu), 0.19 min (real)
 <<< Combine >>> 
Will use saturated models to compute goodness of fit for a binned likelihood
>>> method used is GoodnessOfFit
>>> random number generator seed is 35
Set Range of Parameter r To : (-20,20)
Set Default Value of Parameter r_z To : 1
Generate toy 1/10

 --- GoodnessOfFit --- 
Best fit test statistic: 139.779
Done in 0.15 min (cpu), 0.15 min (real)
Generate toy 2/10

 --- GoodnessOfFit --- 
Best fit test statistic: 94.6628
Done in 0.16 min (cpu), 0.16 min (real)
Generate toy 3/10

 --- GoodnessOfFit --- 
Best fit test statistic: 130.178
Done in 0.16 min (cpu), 0.16 min (real)
Generate toy 4/10

 --- GoodnessOfFit --- 
Best fit test statistic: 126.532
Done in 0.18 min (cpu), 0.18 min (real)
Generate toy 5/10

 --- GoodnessOfFit --- 
Best fit test statistic: 139.565
Done in 0.17 min (cpu), 0.17 min (real)
Generate toy 6/10

 --- GoodnessOfFit --- 
Best fit test statistic: 123.705
Done in 0.20 min (cpu), 0.20 min (real)
Generate toy 7/10

 --- GoodnessOfFit --- 
Best fit test statistic: 122.792
Done in 0.20 min (cpu), 0.20 min (real)
Generate toy 8/10

 --- GoodnessOfFit --- 
Best fit test statistic: 127.99
Done in 0.21 min (cpu), 0.21 min (real)
Generate toy 9/10

 --- GoodnessOfFit --- 
Best fit test statistic: 120.947
Done in 0.21 min (cpu), 0.21 min (real)
Generate toy 10/10

 --- GoodnessOfFit --- 
Best fit test statistic: 108.754
Done in 0.22 min (cpu), 0.22 min (real)
mean   expected limit: r < 123.49 +/- 4.28577 @ 95%CL (10 toyMC)
median expected limit: r < 125.119 @ 95%CL (10 toyMC)
   68% expected band : 108.754 < r < 139.779
   95% expected band : 94.6628 < r < 139.779
combine -M GoodnessOfFit /storage/local/data1/condor/execute/dir_19437/card_rhalphabet_all_2016_floatZ.root  --setParameterRange r=-20,20 --setParameters r_z=1 --algorithm saturated -n card_rhalphabet_all_2016_floatZ --freezeParameters r_z --redefineSignalPOIs r
cp higgsCombinecard_rhalphabet_all_2016_floatZ.GoodnessOfFit.mH120.root /storage/local/data1/condor/execute/dir_19437//goodbase_35.root
combine -M GoodnessOfFit /storage/local/data1/condor/execute/dir_19437/card_rhalphabet_all_2016_floatZ.root  --setParameterRange r=-20,20 --setParameters r_z=1 -s 35 -t 10 --toysFrequentist --algorithm saturated -n card_rhalphabet_all_2016_floatZ --freezeParameters r_z --redefineSignalPOIs r
cp higgsCombinecard_rhalphabet_all_2016_floatZ.GoodnessOfFit.mH120.35.root /storage/local/data1/condor/execute/dir_19437//goodtoys_35.root
GoodnessOfFit p-value 0.8
 FCN=9.18436 FROM MINOS     STATUS=SUCCESSFUL     24 CALLS        1344 TOTAL
                     EDM=4.03779e-09    STRATEGY= 1      ERROR MATRIX ACCURATE 
  EXT PARAMETER                                   STEP         FIRST   
  NO.   NAME      VALUE            ERROR          SIZE      DERIVATIVE 
   1  p0           3.42534e+01   1.08319e+01  -1.03486e-05  -4.75359e-08
   2  p1           1.23579e+02   4.95140e+00   4.95140e+00   1.33503e-11
                               ERR DEF= 0.5
Inside /storage/local/data1/condor/execute/dir_19437:
CMSSW_10_2_13
CMSSW_10_2_13.tgz
_condor_stderr
_condor_stdout
card_rhalphabet_all_2016_floatZ.root
condor_exec.exe
docker_stderror
goodbase_35.root
goodness_saturated_card_rhalphabet_all_2016_floatZ.C
goodness_saturated_card_rhalphabet_all_2016_floatZ.pdf
goodtoys_35.root
runjob.sh
tmp
var
x509up_u51467
DELETING...
CMSSW_10_2_13.tgz
_condor_stderr
_condor_stdout
card_rhalphabet_all_2016_floatZ.root
condor_exec.exe
docker_stderror
goodbase_35.root
goodtoys_35.root
runjob.sh
tmp
var
x509up_u51467
Mon Sep 23 21:30:30 UTC 2019
