000 (33244129.042.000) 09/23 16:20:42 Job submitted from host: <131.225.188.57:9618?addrs=131.225.188.57-9618&noUDP&sock=5995_a65b_3>
...
001 (33244129.042.000) 09/23 16:26:10 Job executing on host: <131.225.205.191:9618?addrs=131.225.205.191-9618&noUDP&sock=7302_24a3_3>
...
006 (33244129.042.000) 09/23 16:26:19 Image size of job updated: 5
	5  -  MemoryUsage of job (MB)
	6036  -  ResidentSetSize of job (KB)
...
006 (33244129.042.000) 09/23 16:27:19 Image size of job updated: 298
	298  -  MemoryUsage of job (MB)
	305660  -  ResidentSetSize of job (KB)
...
006 (33244129.042.000) 09/23 16:28:19 Image size of job updated: 312
	312  -  MemoryUsage of job (MB)
	319924  -  ResidentSetSize of job (KB)
...
006 (33244129.042.000) 09/23 16:29:19 Image size of job updated: 329
	329  -  MemoryUsage of job (MB)
	337708  -  ResidentSetSize of job (KB)
...
006 (33244129.042.000) 09/23 16:30:08 Image size of job updated: 341
	341  -  MemoryUsage of job (MB)
	349324  -  ResidentSetSize of job (KB)
...
005 (33244129.042.000) 09/23 16:30:10 Job terminated.
	(1) Normal termination (return value 0)
		Usr 0 00:03:19, Sys 0 00:00:06  -  Run Remote Usage
		Usr 0 00:00:00, Sys 0 00:00:00  -  Run Local Usage
		Usr 0 00:03:19, Sys 0 00:00:06  -  Total Remote Usage
		Usr 0 00:00:00, Sys 0 00:00:00  -  Total Local Usage
	25444  -  Run Bytes Sent By Job
	11537867  -  Run Bytes Received By Job
	25444  -  Total Bytes Sent By Job
	11537867  -  Total Bytes Received By Job
	Partitionable Resources :    Usage  Request Allocated 
	   Cpus                 :        0        1         1 
	   Disk (KB)            :    11316    12500   1632130 
	   Memory (MB)          :      341     2048      2048 
...
