Mon Sep 23 21:26:01 UTC 2019
CMSSW_10_2_13.tgz
_condor_stderr
_condor_stdout
card_rhalphabet_all_2016_floatZ.root
condor_exec.exe
docker_stderror
runjob.sh
tmp
var
x509up_u51467
Resetting caches
Done: ProjectRename
Execute with git status/log:
On branch deco
Your branch is up to date with 'origin/deco'.

nothing to commit (use -u to show untracked files)
commit dc006892e1fe57e608869cd5db512c039a22a0a6
Author: Martin <ka_hei_martin_kwok@brown.edu>
Date:   Mon Sep 23 13:53:29 2019 -0500

    Fix copy output
 <<< Combine >>> 
Will use saturated models to compute goodness of fit for a binned likelihood
>>> method used is GoodnessOfFit
>>> random number generator seed is 123456
Set Range of Parameter r To : (-20,20)
Set Default Value of Parameter r_z To : 1

 --- GoodnessOfFit --- 
Best fit test statistic: 134.915
Done in 0.24 min (cpu), 0.24 min (real)
 <<< Combine >>> 
Will use saturated models to compute goodness of fit for a binned likelihood
>>> method used is GoodnessOfFit
>>> random number generator seed is 32
Set Range of Parameter r To : (-20,20)
Set Default Value of Parameter r_z To : 1
Generate toy 1/10

 --- GoodnessOfFit --- 
Best fit test statistic: 118.685
Done in 0.21 min (cpu), 0.21 min (real)
Generate toy 2/10

 --- GoodnessOfFit --- 
Best fit test statistic: 112.907
Done in 0.23 min (cpu), 0.23 min (real)
Generate toy 3/10

 --- GoodnessOfFit --- 
Best fit test statistic: 119.617
Done in 0.22 min (cpu), 0.22 min (real)
Generate toy 4/10

 --- GoodnessOfFit --- 
Best fit test statistic: 100.754
Done in 0.24 min (cpu), 0.24 min (real)
Generate toy 5/10

 --- GoodnessOfFit --- 
Best fit test statistic: 151.715
Done in 0.25 min (cpu), 0.26 min (real)
Generate toy 6/10

 --- GoodnessOfFit --- 
Best fit test statistic: 90.3226
Done in 0.27 min (cpu), 0.27 min (real)
Generate toy 7/10

 --- GoodnessOfFit --- 
Best fit test statistic: 104.363
Done in 0.27 min (cpu), 0.27 min (real)
Generate toy 8/10

 --- GoodnessOfFit --- 
Best fit test statistic: 109.073
Done in 0.29 min (cpu), 0.29 min (real)
Generate toy 9/10

 --- GoodnessOfFit --- 
Best fit test statistic: 104.591
Done in 0.29 min (cpu), 0.29 min (real)
Generate toy 10/10

 --- GoodnessOfFit --- 
Best fit test statistic: 110.888
Done in 0.30 min (cpu), 0.30 min (real)
mean   expected limit: r < 112.292 +/- 5.16331 @ 95%CL (10 toyMC)
median expected limit: r < 109.98 @ 95%CL (10 toyMC)
   68% expected band : 100.754 < r < 151.715
   95% expected band : 90.3226 < r < 151.715
combine -M GoodnessOfFit /storage/local/data1/condor/execute/dir_1413/card_rhalphabet_all_2016_floatZ.root  --setParameterRange r=-20,20 --setParameters r_z=1 --algorithm saturated -n card_rhalphabet_all_2016_floatZ --freezeParameters r_z --redefineSignalPOIs r
cp higgsCombinecard_rhalphabet_all_2016_floatZ.GoodnessOfFit.mH120.root /storage/local/data1/condor/execute/dir_1413//goodbase_32.root
combine -M GoodnessOfFit /storage/local/data1/condor/execute/dir_1413/card_rhalphabet_all_2016_floatZ.root  --setParameterRange r=-20,20 --setParameters r_z=1 -s 32 -t 10 --toysFrequentist --algorithm saturated -n card_rhalphabet_all_2016_floatZ --freezeParameters r_z --redefineSignalPOIs r
cp higgsCombinecard_rhalphabet_all_2016_floatZ.GoodnessOfFit.mH120.32.root /storage/local/data1/condor/execute/dir_1413//goodtoys_32.root
GoodnessOfFit p-value 0.9
 FCN=9.35367 FROM MINOS     STATUS=SUCCESSFUL     24 CALLS         285 TOTAL
                     EDM=8.52117e-11    STRATEGY= 1      ERROR MATRIX ACCURATE 
  EXT PARAMETER                                   STEP         FIRST   
  NO.   NAME      VALUE            ERROR          SIZE      DERIVATIVE 
   1  p0           3.59592e+01   1.13713e+01   4.72828e-06  -4.25111e-08
   2  p1           1.13317e+02   4.73963e+00   4.73963e+00  -1.18764e-09
                               ERR DEF= 0.5
Inside /storage/local/data1/condor/execute/dir_1413:
CMSSW_10_2_13
CMSSW_10_2_13.tgz
_condor_stderr
_condor_stdout
card_rhalphabet_all_2016_floatZ.root
condor_exec.exe
docker_stderror
goodbase_32.root
goodness_saturated_card_rhalphabet_all_2016_floatZ.C
goodness_saturated_card_rhalphabet_all_2016_floatZ.pdf
goodtoys_32.root
runjob.sh
tmp
var
x509up_u51467
DELETING...
CMSSW_10_2_13.tgz
_condor_stderr
_condor_stdout
card_rhalphabet_all_2016_floatZ.root
condor_exec.exe
docker_stderror
goodbase_32.root
goodtoys_32.root
runjob.sh
tmp
var
x509up_u51467
Mon Sep 23 21:29:47 UTC 2019
