Mon Sep 23 21:25:46 UTC 2019
CMSSW_10_2_13.tgz
_condor_stderr
_condor_stdout
card_rhalphabet_all_2016_floatZ.root
condor_exec.exe
docker_stderror
runjob.sh
tmp
var
x509up_u51467
Resetting caches
Done: ProjectRename
Execute with git status/log:
On branch deco
Your branch is up to date with 'origin/deco'.

nothing to commit (use -u to show untracked files)
commit dc006892e1fe57e608869cd5db512c039a22a0a6
Author: Martin <ka_hei_martin_kwok@brown.edu>
Date:   Mon Sep 23 13:53:29 2019 -0500

    Fix copy output
 <<< Combine >>> 
Will use saturated models to compute goodness of fit for a binned likelihood
>>> method used is GoodnessOfFit
>>> random number generator seed is 123456
Set Range of Parameter r To : (-20,20)
Set Default Value of Parameter r_z To : 1

 --- GoodnessOfFit --- 
Best fit test statistic: 134.915
Done in 0.21 min (cpu), 0.22 min (real)
 <<< Combine >>> 
Will use saturated models to compute goodness of fit for a binned likelihood
>>> method used is GoodnessOfFit
>>> random number generator seed is 26
Set Range of Parameter r To : (-20,20)
Set Default Value of Parameter r_z To : 1
Generate toy 1/10

 --- GoodnessOfFit --- 
Best fit test statistic: 119.955
Done in 0.19 min (cpu), 0.19 min (real)
Generate toy 2/10

 --- GoodnessOfFit --- 
Best fit test statistic: 144.742
Done in 0.19 min (cpu), 0.20 min (real)
Generate toy 3/10

 --- GoodnessOfFit --- 
Best fit test statistic: 85.024
Done in 0.21 min (cpu), 0.21 min (real)
Generate toy 4/10

 --- GoodnessOfFit --- 
Best fit test statistic: 97.7488
Done in 0.20 min (cpu), 0.20 min (real)
Generate toy 5/10

 --- GoodnessOfFit --- 
Best fit test statistic: 105.091
Done in 0.20 min (cpu), 0.20 min (real)
Generate toy 6/10

 --- GoodnessOfFit --- 
Best fit test statistic: 132.01
Done in 0.23 min (cpu), 0.23 min (real)
Generate toy 7/10

 --- GoodnessOfFit --- 
Best fit test statistic: 108.628
Done in 0.25 min (cpu), 0.25 min (real)
Generate toy 8/10

 --- GoodnessOfFit --- 
Best fit test statistic: 117.06
Done in 0.23 min (cpu), 0.23 min (real)
Generate toy 9/10

 --- GoodnessOfFit --- 
Best fit test statistic: 120.231
Done in 0.27 min (cpu), 0.27 min (real)
Generate toy 10/10

 --- GoodnessOfFit --- 
Best fit test statistic: 111.074
Done in 0.26 min (cpu), 0.26 min (real)
mean   expected limit: r < 114.156 +/- 5.34719 @ 95%CL (10 toyMC)
median expected limit: r < 114.067 @ 95%CL (10 toyMC)
   68% expected band : 97.7488 < r < 144.742
   95% expected band : 85.024 < r < 144.742
combine -M GoodnessOfFit /storage/local/data1/condor/execute/dir_46821/card_rhalphabet_all_2016_floatZ.root  --setParameterRange r=-20,20 --setParameters r_z=1 --algorithm saturated -n card_rhalphabet_all_2016_floatZ --freezeParameters r_z --redefineSignalPOIs r
cp higgsCombinecard_rhalphabet_all_2016_floatZ.GoodnessOfFit.mH120.root /storage/local/data1/condor/execute/dir_46821//goodbase_26.root
combine -M GoodnessOfFit /storage/local/data1/condor/execute/dir_46821/card_rhalphabet_all_2016_floatZ.root  --setParameterRange r=-20,20 --setParameters r_z=1 -s 26 -t 10 --toysFrequentist --algorithm saturated -n card_rhalphabet_all_2016_floatZ --freezeParameters r_z --redefineSignalPOIs r
cp higgsCombinecard_rhalphabet_all_2016_floatZ.GoodnessOfFit.mH120.26.root /storage/local/data1/condor/execute/dir_46821//goodtoys_26.root
GoodnessOfFit p-value 0.9
 FCN=9.1935 FROM MINOS     STATUS=SUCCESSFUL     25 CALLS         251 TOTAL
                     EDM=9.81209e-07    STRATEGY= 1      ERROR MATRIX ACCURATE 
  EXT PARAMETER                                   STEP         FIRST   
  NO.   NAME      VALUE            ERROR          SIZE      DERIVATIVE 
   1  p0           3.49564e+01   1.10542e+01  -1.05496e-05  -4.67915e-08
   2  p1           1.14198e+02   4.75816e+00   4.75816e+00  -8.22791e-09
                               ERR DEF= 0.5
Inside /storage/local/data1/condor/execute/dir_46821:
CMSSW_10_2_13
CMSSW_10_2_13.tgz
_condor_stderr
_condor_stdout
card_rhalphabet_all_2016_floatZ.root
condor_exec.exe
docker_stderror
goodbase_26.root
goodness_saturated_card_rhalphabet_all_2016_floatZ.C
goodness_saturated_card_rhalphabet_all_2016_floatZ.pdf
goodtoys_26.root
runjob.sh
tmp
var
x509up_u51467
DELETING...
CMSSW_10_2_13.tgz
_condor_stderr
_condor_stdout
card_rhalphabet_all_2016_floatZ.root
condor_exec.exe
docker_stderror
goodbase_26.root
goodtoys_26.root
runjob.sh
tmp
var
x509up_u51467
Mon Sep 23 21:29:09 UTC 2019
