Mon Sep 23 21:26:10 UTC 2019
CMSSW_10_2_13.tgz
_condor_stderr
_condor_stdout
card_rhalphabet_all_2016_floatZ.root
condor_exec.exe
docker_stderror
runjob.sh
tmp
var
x509up_u51467
Resetting caches
Done: ProjectRename
Execute with git status/log:
On branch deco
Your branch is up to date with 'origin/deco'.

nothing to commit (use -u to show untracked files)
commit dc006892e1fe57e608869cd5db512c039a22a0a6
Author: Martin <ka_hei_martin_kwok@brown.edu>
Date:   Mon Sep 23 13:53:29 2019 -0500

    Fix copy output
 <<< Combine >>> 
Will use saturated models to compute goodness of fit for a binned likelihood
>>> method used is GoodnessOfFit
>>> random number generator seed is 123456
Set Range of Parameter r To : (-20,20)
Set Default Value of Parameter r_z To : 1

 --- GoodnessOfFit --- 
Best fit test statistic: 134.915
Done in 0.17 min (cpu), 0.17 min (real)
 <<< Combine >>> 
Will use saturated models to compute goodness of fit for a binned likelihood
>>> method used is GoodnessOfFit
>>> random number generator seed is 37
Set Range of Parameter r To : (-20,20)
Set Default Value of Parameter r_z To : 1
Generate toy 1/10

 --- GoodnessOfFit --- 
Best fit test statistic: 135.624
Done in 0.15 min (cpu), 0.16 min (real)
Generate toy 2/10

 --- GoodnessOfFit --- 
Best fit test statistic: 136.266
Done in 0.16 min (cpu), 0.17 min (real)
Generate toy 3/10

 --- GoodnessOfFit --- 
Best fit test statistic: 127.855
Done in 0.15 min (cpu), 0.15 min (real)
Generate toy 4/10

 --- GoodnessOfFit --- 
Best fit test statistic: 96.6449
Done in 0.18 min (cpu), 0.18 min (real)
Generate toy 5/10

 --- GoodnessOfFit --- 
Best fit test statistic: 111.04
Done in 0.18 min (cpu), 0.18 min (real)
Generate toy 6/10

 --- GoodnessOfFit --- 
Best fit test statistic: 144.096
Done in 0.19 min (cpu), 0.19 min (real)
Generate toy 7/10

 --- GoodnessOfFit --- 
Best fit test statistic: 108.318
Done in 0.19 min (cpu), 0.19 min (real)
Generate toy 8/10

 --- GoodnessOfFit --- 
Best fit test statistic: 110.714
Done in 0.20 min (cpu), 0.20 min (real)
Generate toy 9/10

 --- GoodnessOfFit --- 
Best fit test statistic: 100.385
Done in 0.20 min (cpu), 0.20 min (real)
Generate toy 10/10

 --- GoodnessOfFit --- 
Best fit test statistic: 106.106
Done in 0.19 min (cpu), 0.19 min (real)
mean   expected limit: r < 117.705 +/- 5.29633 @ 95%CL (10 toyMC)
median expected limit: r < 110.877 @ 95%CL (10 toyMC)
   68% expected band : 100.385 < r < 144.096
   95% expected band : 96.6449 < r < 144.096
combine -M GoodnessOfFit /storage/local/data1/condor/execute/dir_15510/card_rhalphabet_all_2016_floatZ.root  --setParameterRange r=-20,20 --setParameters r_z=1 --algorithm saturated -n card_rhalphabet_all_2016_floatZ --freezeParameters r_z --redefineSignalPOIs r
cp higgsCombinecard_rhalphabet_all_2016_floatZ.GoodnessOfFit.mH120.root /storage/local/data1/condor/execute/dir_15510//goodbase_37.root
combine -M GoodnessOfFit /storage/local/data1/condor/execute/dir_15510/card_rhalphabet_all_2016_floatZ.root  --setParameterRange r=-20,20 --setParameters r_z=1 -s 37 -t 10 --toysFrequentist --algorithm saturated -n card_rhalphabet_all_2016_floatZ --freezeParameters r_z --redefineSignalPOIs r
cp higgsCombinecard_rhalphabet_all_2016_floatZ.GoodnessOfFit.mH120.37.root /storage/local/data1/condor/execute/dir_15510//goodtoys_37.root
GoodnessOfFit p-value 0.7
 FCN=9.66624 FROM MINOS     STATUS=SUCCESSFUL     24 CALLS        1346 TOTAL
                     EDM=3.8977e-10    STRATEGY= 1      ERROR MATRIX ACCURATE 
  EXT PARAMETER                                   STEP         FIRST   
  NO.   NAME      VALUE            ERROR          SIZE      DERIVATIVE 
   1  p0           3.48707e+01   1.10271e+01   5.24992e-06  -4.69061e-08
   2  p1           1.17423e+02   4.82547e+00   4.82547e+00   5.22367e-12
                               ERR DEF= 0.5
Inside /storage/local/data1/condor/execute/dir_15510:
CMSSW_10_2_13
CMSSW_10_2_13.tgz
_condor_stderr
_condor_stdout
card_rhalphabet_all_2016_floatZ.root
condor_exec.exe
docker_stderror
goodbase_37.root
goodness_saturated_card_rhalphabet_all_2016_floatZ.C
goodness_saturated_card_rhalphabet_all_2016_floatZ.pdf
goodtoys_37.root
runjob.sh
tmp
var
x509up_u51467
DELETING...
CMSSW_10_2_13.tgz
_condor_stderr
_condor_stdout
card_rhalphabet_all_2016_floatZ.root
condor_exec.exe
docker_stderror
goodbase_37.root
goodtoys_37.root
runjob.sh
tmp
var
x509up_u51467
Mon Sep 23 21:28:55 UTC 2019
