000 (33244129.033.000) 09/23 16:20:41 Job submitted from host: <131.225.188.57:9618?addrs=131.225.188.57-9618&noUDP&sock=5995_a65b_3>
...
001 (33244129.033.000) 09/23 16:26:02 Job executing on host: <131.225.205.166:9618?addrs=131.225.205.166-9618&noUDP&sock=3485_ffa4_3>
...
006 (33244129.033.000) 09/23 16:26:11 Image size of job updated: 2
	2  -  MemoryUsage of job (MB)
	2980  -  ResidentSetSize of job (KB)
...
006 (33244129.033.000) 09/23 16:27:12 Image size of job updated: 299
	299  -  MemoryUsage of job (MB)
	306564  -  ResidentSetSize of job (KB)
...
006 (33244129.033.000) 09/23 16:28:12 Image size of job updated: 313
	313  -  MemoryUsage of job (MB)
	320580  -  ResidentSetSize of job (KB)
...
006 (33244129.033.000) 09/23 16:29:12 Image size of job updated: 331
	331  -  MemoryUsage of job (MB)
	339556  -  ResidentSetSize of job (KB)
...
005 (33244129.033.000) 09/23 16:30:03 Job terminated.
	(1) Normal termination (return value 0)
		Usr 0 00:02:36, Sys 0 00:00:06  -  Run Remote Usage
		Usr 0 00:00:00, Sys 0 00:00:00  -  Run Local Usage
		Usr 0 00:02:36, Sys 0 00:00:06  -  Total Remote Usage
		Usr 0 00:00:00, Sys 0 00:00:00  -  Total Local Usage
	30716  -  Run Bytes Sent By Job
	11537867  -  Run Bytes Received By Job
	30716  -  Total Bytes Sent By Job
	11537867  -  Total Bytes Received By Job
	Partitionable Resources :    Usage  Request Allocated 
	   Cpus                 :     0.14        1         1 
	   Disk (KB)            : 11323       12500   1638745 
	   Memory (MB)          :   331        2048      2048 
...
