Mon Sep 23 21:25:48 UTC 2019
CMSSW_10_2_13.tgz
_condor_stderr
_condor_stdout
card_rhalphabet_all_2016_floatZ.root
condor_exec.exe
docker_stderror
runjob.sh
tmp
var
x509up_u51467
Resetting caches
Done: ProjectRename
Execute with git status/log:
On branch deco
Your branch is up to date with 'origin/deco'.

nothing to commit (use -u to show untracked files)
commit dc006892e1fe57e608869cd5db512c039a22a0a6
Author: Martin <ka_hei_martin_kwok@brown.edu>
Date:   Mon Sep 23 13:53:29 2019 -0500

    Fix copy output
 <<< Combine >>> 
Will use saturated models to compute goodness of fit for a binned likelihood
>>> method used is GoodnessOfFit
>>> random number generator seed is 123456
Set Range of Parameter r To : (-20,20)
Set Default Value of Parameter r_z To : 1

 --- GoodnessOfFit --- 
Best fit test statistic: 134.915
Done in 0.16 min (cpu), 0.16 min (real)
 <<< Combine >>> 
Will use saturated models to compute goodness of fit for a binned likelihood
>>> method used is GoodnessOfFit
>>> random number generator seed is 28
Set Range of Parameter r To : (-20,20)
Set Default Value of Parameter r_z To : 1
Generate toy 1/10

 --- GoodnessOfFit --- 
Best fit test statistic: 111.758
Done in 0.15 min (cpu), 0.15 min (real)
Generate toy 2/10

 --- GoodnessOfFit --- 
Best fit test statistic: 91.1077
Done in 0.16 min (cpu), 0.16 min (real)
Generate toy 3/10

 --- GoodnessOfFit --- 
Best fit test statistic: 110.995
Done in 0.18 min (cpu), 0.18 min (real)
Generate toy 4/10

 --- GoodnessOfFit --- 
Best fit test statistic: 125.962
Done in 0.17 min (cpu), 0.17 min (real)
Generate toy 5/10

 --- GoodnessOfFit --- 
Best fit test statistic: 99.814
Done in 0.19 min (cpu), 0.19 min (real)
Generate toy 6/10

 --- GoodnessOfFit --- 
Best fit test statistic: 147.919
Done in 0.19 min (cpu), 0.19 min (real)
Generate toy 7/10

 --- GoodnessOfFit --- 
Best fit test statistic: 131.569
Done in 0.20 min (cpu), 0.20 min (real)
Generate toy 8/10

 --- GoodnessOfFit --- 
Best fit test statistic: 110.603
Done in 0.21 min (cpu), 0.21 min (real)
Generate toy 9/10

 --- GoodnessOfFit --- 
Best fit test statistic: 136.991
Done in 0.22 min (cpu), 0.22 min (real)
Generate toy 10/10

 --- GoodnessOfFit --- 
Best fit test statistic: 84.7422
Done in 0.21 min (cpu), 0.21 min (real)
mean   expected limit: r < 115.146 +/- 6.43304 @ 95%CL (10 toyMC)
median expected limit: r < 111.376 @ 95%CL (10 toyMC)
   68% expected band : 91.1077 < r < 147.919
   95% expected band : 84.7422 < r < 147.919
combine -M GoodnessOfFit /storage/local/data1/condor/execute/dir_3527/card_rhalphabet_all_2016_floatZ.root  --setParameterRange r=-20,20 --setParameters r_z=1 --algorithm saturated -n card_rhalphabet_all_2016_floatZ --freezeParameters r_z --redefineSignalPOIs r
cp higgsCombinecard_rhalphabet_all_2016_floatZ.GoodnessOfFit.mH120.root /storage/local/data1/condor/execute/dir_3527//goodbase_28.root
combine -M GoodnessOfFit /storage/local/data1/condor/execute/dir_3527/card_rhalphabet_all_2016_floatZ.root  --setParameterRange r=-20,20 --setParameters r_z=1 -s 28 -t 10 --toysFrequentist --algorithm saturated -n card_rhalphabet_all_2016_floatZ --freezeParameters r_z --redefineSignalPOIs r
cp higgsCombinecard_rhalphabet_all_2016_floatZ.GoodnessOfFit.mH120.28.root /storage/local/data1/condor/execute/dir_3527//goodtoys_28.root
GoodnessOfFit p-value 0.8
 FCN=12.305 FROM MINOS     STATUS=SUCCESSFUL     25 CALLS         233 TOTAL
                     EDM=9.19402e-11    STRATEGY= 1      ERROR MATRIX ACCURATE 
  EXT PARAMETER                                   STEP         FIRST   
  NO.   NAME      VALUE            ERROR          SIZE      DERIVATIVE 
   1  p0           3.54168e+01   1.11998e+01   5.80730e-06  -5.46596e-08
   2  p1           1.14428e+02   4.76300e+00   4.76300e+00   7.36733e-09
                               ERR DEF= 0.5
Inside /storage/local/data1/condor/execute/dir_3527:
CMSSW_10_2_13
CMSSW_10_2_13.tgz
_condor_stderr
_condor_stdout
card_rhalphabet_all_2016_floatZ.root
condor_exec.exe
docker_stderror
goodbase_28.root
goodness_saturated_card_rhalphabet_all_2016_floatZ.C
goodness_saturated_card_rhalphabet_all_2016_floatZ.pdf
goodtoys_28.root
runjob.sh
tmp
var
x509up_u51467
DELETING...
CMSSW_10_2_13.tgz
_condor_stderr
_condor_stdout
card_rhalphabet_all_2016_floatZ.root
condor_exec.exe
docker_stderror
goodbase_28.root
goodtoys_28.root
runjob.sh
tmp
var
x509up_u51467
Mon Sep 23 21:28:34 UTC 2019
