Mon Sep 23 21:26:11 UTC 2019
CMSSW_10_2_13.tgz
_condor_stderr
_condor_stdout
card_rhalphabet_all_2016_floatZ.root
condor_exec.exe
docker_stderror
runjob.sh
tmp
var
x509up_u51467
Resetting caches
Done: ProjectRename
Execute with git status/log:
On branch deco
Your branch is up to date with 'origin/deco'.

nothing to commit (use -u to show untracked files)
commit dc006892e1fe57e608869cd5db512c039a22a0a6
Author: Martin <ka_hei_martin_kwok@brown.edu>
Date:   Mon Sep 23 13:53:29 2019 -0500

    Fix copy output
 <<< Combine >>> 
Will use saturated models to compute goodness of fit for a binned likelihood
>>> method used is GoodnessOfFit
>>> random number generator seed is 123456
Set Range of Parameter r To : (-20,20)
Set Default Value of Parameter r_z To : 1

 --- GoodnessOfFit --- 
Best fit test statistic: 134.915
Done in 0.22 min (cpu), 0.22 min (real)
 <<< Combine >>> 
Will use saturated models to compute goodness of fit for a binned likelihood
>>> method used is GoodnessOfFit
>>> random number generator seed is 43
Set Range of Parameter r To : (-20,20)
Set Default Value of Parameter r_z To : 1
Generate toy 1/10

 --- GoodnessOfFit --- 
Best fit test statistic: 95.2567
Done in 0.18 min (cpu), 0.18 min (real)
Generate toy 2/10

 --- GoodnessOfFit --- 
Best fit test statistic: 131.781
Done in 0.19 min (cpu), 0.19 min (real)
Generate toy 3/10

 --- GoodnessOfFit --- 
Best fit test statistic: 114.443
Done in 0.21 min (cpu), 0.21 min (real)
Generate toy 4/10

 --- GoodnessOfFit --- 
Best fit test statistic: 100.157
Done in 0.22 min (cpu), 0.22 min (real)
Generate toy 5/10

 --- GoodnessOfFit --- 
Best fit test statistic: 108.386
Done in 0.23 min (cpu), 0.23 min (real)
Generate toy 6/10

 --- GoodnessOfFit --- 
Best fit test statistic: 128.562
Done in 0.25 min (cpu), 0.25 min (real)
Generate toy 7/10

 --- GoodnessOfFit --- 
Best fit test statistic: 130.18
Done in 0.25 min (cpu), 0.25 min (real)
Generate toy 8/10

 --- GoodnessOfFit --- 
Best fit test statistic: 131.294
Done in 0.24 min (cpu), 0.24 min (real)
Generate toy 9/10

 --- GoodnessOfFit --- 
Best fit test statistic: 93.3888
Done in 0.26 min (cpu), 0.26 min (real)
Generate toy 10/10

 --- GoodnessOfFit --- 
Best fit test statistic: 117.03
Done in 0.25 min (cpu), 0.25 min (real)
mean   expected limit: r < 115.048 +/- 4.81524 @ 95%CL (10 toyMC)
median expected limit: r < 115.737 @ 95%CL (10 toyMC)
   68% expected band : 95.2567 < r < 131.781
   95% expected band : 93.3888 < r < 131.781
combine -M GoodnessOfFit /storage/local/data1/condor/execute/dir_14316/card_rhalphabet_all_2016_floatZ.root  --setParameterRange r=-20,20 --setParameters r_z=1 --algorithm saturated -n card_rhalphabet_all_2016_floatZ --freezeParameters r_z --redefineSignalPOIs r
cp higgsCombinecard_rhalphabet_all_2016_floatZ.GoodnessOfFit.mH120.root /storage/local/data1/condor/execute/dir_14316//goodbase_43.root
combine -M GoodnessOfFit /storage/local/data1/condor/execute/dir_14316/card_rhalphabet_all_2016_floatZ.root  --setParameterRange r=-20,20 --setParameters r_z=1 -s 43 -t 10 --toysFrequentist --algorithm saturated -n card_rhalphabet_all_2016_floatZ --freezeParameters r_z --redefineSignalPOIs r
cp higgsCombinecard_rhalphabet_all_2016_floatZ.GoodnessOfFit.mH120.43.root /storage/local/data1/condor/execute/dir_14316//goodtoys_43.root
GoodnessOfFit p-value 1.0
 FCN=10.2825 FROM MINOS     STATUS=SUCCESSFUL     25 CALLS         193 TOTAL
                     EDM=1.05549e-06    STRATEGY= 1      ERROR MATRIX ACCURATE 
  EXT PARAMETER                                   STEP         FIRST   
  NO.   NAME      VALUE            ERROR          SIZE      DERIVATIVE 
   1  p0           3.35527e+01   1.06103e+01  -1.12101e-05  -5.40058e-08
   2  p1           1.15126e+02   4.77764e+00   4.77764e+00   6.66978e-09
                               ERR DEF= 0.5
Inside /storage/local/data1/condor/execute/dir_14316:
CMSSW_10_2_13
CMSSW_10_2_13.tgz
_condor_stderr
_condor_stdout
card_rhalphabet_all_2016_floatZ.root
condor_exec.exe
docker_stderror
goodbase_43.root
goodness_saturated_card_rhalphabet_all_2016_floatZ.C
goodness_saturated_card_rhalphabet_all_2016_floatZ.pdf
goodtoys_43.root
runjob.sh
tmp
var
x509up_u51467
DELETING...
CMSSW_10_2_13.tgz
_condor_stderr
_condor_stdout
card_rhalphabet_all_2016_floatZ.root
condor_exec.exe
docker_stderror
goodbase_43.root
goodtoys_43.root
runjob.sh
tmp
var
x509up_u51467
Mon Sep 23 21:29:34 UTC 2019
