000 (33244129.049.000) 09/23 16:20:42 Job submitted from host: <131.225.188.57:9618?addrs=131.225.188.57-9618&noUDP&sock=5995_a65b_3>
...
001 (33244129.049.000) 09/23 16:26:33 Job executing on host: <131.225.191.69:9618?addrs=131.225.191.69-9618&noUDP&sock=3702_d7b1_3>
...
006 (33244129.049.000) 09/23 16:26:42 Image size of job updated: 14
	14  -  MemoryUsage of job (MB)
	15316  -  ResidentSetSize of job (KB)
...
006 (33244129.049.000) 09/23 16:27:42 Image size of job updated: 302
	302  -  MemoryUsage of job (MB)
	309800  -  ResidentSetSize of job (KB)
...
006 (33244129.049.000) 09/23 16:28:43 Image size of job updated: 317
	317  -  MemoryUsage of job (MB)
	325092  -  ResidentSetSize of job (KB)
...
006 (33244129.049.000) 09/23 16:29:43 Image size of job updated: 336
	336  -  MemoryUsage of job (MB)
	344396  -  ResidentSetSize of job (KB)
...
006 (33244129.049.000) 09/23 16:30:03 Image size of job updated: 342
	342  -  MemoryUsage of job (MB)
	351024  -  ResidentSetSize of job (KB)
...
005 (33244129.049.000) 09/23 16:30:05 Job terminated.
	(1) Normal termination (return value 0)
		Usr 0 00:03:02, Sys 0 00:00:06  -  Run Remote Usage
		Usr 0 00:00:00, Sys 0 00:00:00  -  Run Local Usage
		Usr 0 00:03:02, Sys 0 00:00:06  -  Total Remote Usage
		Usr 0 00:00:00, Sys 0 00:00:00  -  Total Local Usage
	26176  -  Run Bytes Sent By Job
	11537867  -  Run Bytes Received By Job
	26176  -  Total Bytes Sent By Job
	11537867  -  Total Bytes Received By Job
	Partitionable Resources :    Usage  Request Allocated 
	   Cpus                 :        0        1         1 
	   Disk (KB)            :    11317    12500    763236 
	   Memory (MB)          :      342     2048      2048 
...
