Mon Sep 23 21:26:06 UTC 2019
CMSSW_10_2_13.tgz
_condor_stderr
_condor_stdout
card_rhalphabet_all_2016_floatZ.root
condor_exec.exe
docker_stderror
runjob.sh
tmp
var
x509up_u51467
Resetting caches
Done: ProjectRename
Execute with git status/log:
On branch deco
Your branch is up to date with 'origin/deco'.

nothing to commit (use -u to show untracked files)
commit dc006892e1fe57e608869cd5db512c039a22a0a6
Author: Martin <ka_hei_martin_kwok@brown.edu>
Date:   Mon Sep 23 13:53:29 2019 -0500

    Fix copy output
 <<< Combine >>> 
Will use saturated models to compute goodness of fit for a binned likelihood
>>> method used is GoodnessOfFit
>>> random number generator seed is 123456
Set Range of Parameter r To : (-20,20)
Set Default Value of Parameter r_z To : 1

 --- GoodnessOfFit --- 
Best fit test statistic: 134.915
Done in 0.24 min (cpu), 0.24 min (real)
 <<< Combine >>> 
Will use saturated models to compute goodness of fit for a binned likelihood
>>> method used is GoodnessOfFit
>>> random number generator seed is 34
Set Range of Parameter r To : (-20,20)
Set Default Value of Parameter r_z To : 1
Generate toy 1/10

 --- GoodnessOfFit --- 
Best fit test statistic: 108.507
Done in 0.22 min (cpu), 0.22 min (real)
Generate toy 2/10

 --- GoodnessOfFit --- 
Best fit test statistic: 121.332
Done in 0.23 min (cpu), 0.23 min (real)
Generate toy 3/10

 --- GoodnessOfFit --- 
Best fit test statistic: 95.2648
Done in 0.25 min (cpu), 0.25 min (real)
Generate toy 4/10

 --- GoodnessOfFit --- 
Best fit test statistic: 142.188
Done in 0.26 min (cpu), 0.26 min (real)
Generate toy 5/10

 --- GoodnessOfFit --- 
Best fit test statistic: 113.133
Done in 0.26 min (cpu), 0.26 min (real)
Generate toy 6/10

 --- GoodnessOfFit --- 
Best fit test statistic: 101.988
Done in 0.27 min (cpu), 0.27 min (real)
Generate toy 7/10

 --- GoodnessOfFit --- 
Best fit test statistic: 120.4
Done in 0.28 min (cpu), 0.28 min (real)
Generate toy 8/10

 --- GoodnessOfFit --- 
Best fit test statistic: 110.769
Done in 0.28 min (cpu), 0.28 min (real)
Generate toy 9/10

 --- GoodnessOfFit --- 
Best fit test statistic: 132.924
Done in 0.28 min (cpu), 0.28 min (real)
Generate toy 10/10

 --- GoodnessOfFit --- 
Best fit test statistic: 111.716
Done in 0.31 min (cpu), 0.31 min (real)
mean   expected limit: r < 115.822 +/- 4.4172 @ 95%CL (10 toyMC)
median expected limit: r < 112.425 @ 95%CL (10 toyMC)
   68% expected band : 101.988 < r < 142.188
   95% expected band : 95.2648 < r < 142.188
combine -M GoodnessOfFit /storage/local/data1/condor/execute/dir_47382/card_rhalphabet_all_2016_floatZ.root  --setParameterRange r=-20,20 --setParameters r_z=1 --algorithm saturated -n card_rhalphabet_all_2016_floatZ --freezeParameters r_z --redefineSignalPOIs r
cp higgsCombinecard_rhalphabet_all_2016_floatZ.GoodnessOfFit.mH120.root /storage/local/data1/condor/execute/dir_47382//goodbase_34.root
combine -M GoodnessOfFit /storage/local/data1/condor/execute/dir_47382/card_rhalphabet_all_2016_floatZ.root  --setParameterRange r=-20,20 --setParameters r_z=1 -s 34 -t 10 --toysFrequentist --algorithm saturated -n card_rhalphabet_all_2016_floatZ --freezeParameters r_z --redefineSignalPOIs r
cp higgsCombinecard_rhalphabet_all_2016_floatZ.GoodnessOfFit.mH120.34.root /storage/local/data1/condor/execute/dir_47382//goodtoys_34.root
GoodnessOfFit p-value 0.9
 FCN=8.08266 FROM MINOS     STATUS=SUCCESSFUL     24 CALLS        1345 TOTAL
                     EDM=2.20285e-10    STRATEGY= 1      ERROR MATRIX ACCURATE 
  EXT PARAMETER                                   STEP         FIRST   
  NO.   NAME      VALUE            ERROR          SIZE      DERIVATIVE 
   1  p0           3.45982e+01   1.09409e+01   4.43096e-06  -3.96343e-08
   2  p1           1.16483e+02   4.80595e+00   4.80595e+00  -2.93072e-12
                               ERR DEF= 0.5
Inside /storage/local/data1/condor/execute/dir_47382:
CMSSW_10_2_13
CMSSW_10_2_13.tgz
_condor_stderr
_condor_stdout
card_rhalphabet_all_2016_floatZ.root
condor_exec.exe
docker_stderror
goodbase_34.root
goodness_saturated_card_rhalphabet_all_2016_floatZ.C
goodness_saturated_card_rhalphabet_all_2016_floatZ.pdf
goodtoys_34.root
runjob.sh
tmp
var
x509up_u51467
DELETING...
CMSSW_10_2_13.tgz
_condor_stderr
_condor_stdout
card_rhalphabet_all_2016_floatZ.root
condor_exec.exe
docker_stderror
goodbase_34.root
goodtoys_34.root
runjob.sh
tmp
var
x509up_u51467
Mon Sep 23 21:29:59 UTC 2019
