Mon Sep 23 21:25:14 UTC 2019
CMSSW_10_2_13.tgz
_condor_stderr
_condor_stdout
card_rhalphabet_all_2016_floatZ.root
condor_exec.exe
docker_stderror
runjob.sh
tmp
var
x509up_u51467
Resetting caches
Done: ProjectRename
Execute with git status/log:
On branch deco
Your branch is up to date with 'origin/deco'.

nothing to commit (use -u to show untracked files)
commit dc006892e1fe57e608869cd5db512c039a22a0a6
Author: Martin <ka_hei_martin_kwok@brown.edu>
Date:   Mon Sep 23 13:53:29 2019 -0500

    Fix copy output
 <<< Combine >>> 
Will use saturated models to compute goodness of fit for a binned likelihood
>>> method used is GoodnessOfFit
>>> random number generator seed is 123456
Set Range of Parameter r To : (-20,20)
Set Default Value of Parameter r_z To : 1

 --- GoodnessOfFit --- 
Best fit test statistic: 134.915
Done in 0.23 min (cpu), 0.23 min (real)
 <<< Combine >>> 
Will use saturated models to compute goodness of fit for a binned likelihood
>>> method used is GoodnessOfFit
>>> random number generator seed is 9
Set Range of Parameter r To : (-20,20)
Set Default Value of Parameter r_z To : 1
Generate toy 1/10

 --- GoodnessOfFit --- 
Best fit test statistic: 118.942
Done in 0.22 min (cpu), 0.22 min (real)
Generate toy 2/10

 --- GoodnessOfFit --- 
Best fit test statistic: 103.675
Done in 0.23 min (cpu), 0.23 min (real)
Generate toy 3/10

 --- GoodnessOfFit --- 
Best fit test statistic: 143.044
Done in 0.35 min (cpu), 0.35 min (real)
Generate toy 4/10

 --- GoodnessOfFit --- 
Best fit test statistic: 132.058
Done in 0.27 min (cpu), 0.27 min (real)
Generate toy 5/10

 --- GoodnessOfFit --- 
Best fit test statistic: 122.568
Done in 0.24 min (cpu), 0.24 min (real)
Generate toy 6/10

 --- GoodnessOfFit --- 
Best fit test statistic: 112.076
Done in 0.23 min (cpu), 0.23 min (real)
Generate toy 7/10

 --- GoodnessOfFit --- 
Best fit test statistic: 118.3
Done in 0.24 min (cpu), 0.24 min (real)
Generate toy 8/10

 --- GoodnessOfFit --- 
Best fit test statistic: 115.928
Done in 0.23 min (cpu), 0.23 min (real)
Generate toy 9/10

 --- GoodnessOfFit --- 
Best fit test statistic: 114.229
Done in 0.24 min (cpu), 0.24 min (real)
Generate toy 10/10

 --- GoodnessOfFit --- 
Best fit test statistic: 102.477
Done in 0.27 min (cpu), 0.27 min (real)
mean   expected limit: r < 118.33 +/- 3.8663 @ 95%CL (10 toyMC)
median expected limit: r < 117.114 @ 95%CL (10 toyMC)
   68% expected band : 103.675 < r < 143.044
   95% expected band : 102.477 < r < 143.044
combine -M GoodnessOfFit /storage/local/data1/condor/execute/dir_18340/card_rhalphabet_all_2016_floatZ.root  --setParameterRange r=-20,20 --setParameters r_z=1 --algorithm saturated -n card_rhalphabet_all_2016_floatZ --freezeParameters r_z --redefineSignalPOIs r
cp higgsCombinecard_rhalphabet_all_2016_floatZ.GoodnessOfFit.mH120.root /storage/local/data1/condor/execute/dir_18340//goodbase_9.root
combine -M GoodnessOfFit /storage/local/data1/condor/execute/dir_18340/card_rhalphabet_all_2016_floatZ.root  --setParameterRange r=-20,20 --setParameters r_z=1 -s 9 -t 10 --toysFrequentist --algorithm saturated -n card_rhalphabet_all_2016_floatZ --freezeParameters r_z --redefineSignalPOIs r
cp higgsCombinecard_rhalphabet_all_2016_floatZ.GoodnessOfFit.mH120.9.root /storage/local/data1/condor/execute/dir_18340//goodtoys_9.root
GoodnessOfFit p-value 0.9
 FCN=8.25118 FROM MINOS     STATUS=SUCCESSFUL     24 CALLS        1339 TOTAL
                     EDM=8.35267e-10    STRATEGY= 1      ERROR MATRIX ACCURATE 
  EXT PARAMETER                                   STEP         FIRST   
  NO.   NAME      VALUE            ERROR          SIZE      DERIVATIVE 
   1  p0           3.47202e+01   1.09795e+01  -9.70082e-06  -4.32826e-08
   2  p1           1.19131e+02   4.86074e+00   4.86074e+00   5.18314e-09
                               ERR DEF= 0.5
Inside /storage/local/data1/condor/execute/dir_18340:
CMSSW_10_2_13
CMSSW_10_2_13.tgz
_condor_stderr
_condor_stdout
card_rhalphabet_all_2016_floatZ.root
condor_exec.exe
docker_stderror
goodbase_9.root
goodness_saturated_card_rhalphabet_all_2016_floatZ.C
goodness_saturated_card_rhalphabet_all_2016_floatZ.pdf
goodtoys_9.root
runjob.sh
tmp
var
x509up_u51467
DELETING...
CMSSW_10_2_13.tgz
_condor_stderr
_condor_stdout
card_rhalphabet_all_2016_floatZ.root
condor_exec.exe
docker_stderror
goodbase_9.root
goodtoys_9.root
runjob.sh
tmp
var
x509up_u51467
Mon Sep 23 21:28:59 UTC 2019
