Mon Sep 23 21:25:46 UTC 2019
CMSSW_10_2_13.tgz
_condor_stderr
_condor_stdout
card_rhalphabet_all_2016_floatZ.root
condor_exec.exe
docker_stderror
runjob.sh
tmp
var
x509up_u51467
Resetting caches
Done: ProjectRename
Execute with git status/log:
On branch deco
Your branch is up to date with 'origin/deco'.

nothing to commit (use -u to show untracked files)
commit dc006892e1fe57e608869cd5db512c039a22a0a6
Author: Martin <ka_hei_martin_kwok@brown.edu>
Date:   Mon Sep 23 13:53:29 2019 -0500

    Fix copy output
 <<< Combine >>> 
Will use saturated models to compute goodness of fit for a binned likelihood
>>> method used is GoodnessOfFit
>>> random number generator seed is 123456
Set Range of Parameter r To : (-20,20)
Set Default Value of Parameter r_z To : 1

 --- GoodnessOfFit --- 
Best fit test statistic: 134.915
Done in 0.16 min (cpu), 0.17 min (real)
 <<< Combine >>> 
Will use saturated models to compute goodness of fit for a binned likelihood
>>> method used is GoodnessOfFit
>>> random number generator seed is 24
Set Range of Parameter r To : (-20,20)
Set Default Value of Parameter r_z To : 1
Generate toy 1/10

 --- GoodnessOfFit --- 
Best fit test statistic: 139.781
Done in 0.14 min (cpu), 0.14 min (real)
Generate toy 2/10

 --- GoodnessOfFit --- 
Best fit test statistic: 109.54
Done in 0.16 min (cpu), 0.16 min (real)
Generate toy 3/10

 --- GoodnessOfFit --- 
Best fit test statistic: 150.036
Done in 0.16 min (cpu), 0.16 min (real)
Generate toy 4/10

 --- GoodnessOfFit --- 
Best fit test statistic: 125.947
Done in 0.17 min (cpu), 0.17 min (real)
Generate toy 5/10

 --- GoodnessOfFit --- 
Best fit test statistic: 110.529
Done in 0.18 min (cpu), 0.18 min (real)
Generate toy 6/10

 --- GoodnessOfFit --- 
Best fit test statistic: 128.293
Done in 0.17 min (cpu), 0.17 min (real)
Generate toy 7/10

 --- GoodnessOfFit --- 
Best fit test statistic: 101.769
Done in 0.19 min (cpu), 0.19 min (real)
Generate toy 8/10

 --- GoodnessOfFit --- 
Best fit test statistic: 113.008
Done in 0.20 min (cpu), 0.20 min (real)
Generate toy 9/10

 --- GoodnessOfFit --- 
Best fit test statistic: 118.652
Done in 0.20 min (cpu), 0.21 min (real)
Generate toy 10/10

 --- GoodnessOfFit --- 
Best fit test statistic: 126.441
Done in 0.21 min (cpu), 0.21 min (real)
mean   expected limit: r < 122.4 +/- 4.67108 @ 95%CL (10 toyMC)
median expected limit: r < 122.3 @ 95%CL (10 toyMC)
   68% expected band : 109.54 < r < 150.036
   95% expected band : 101.769 < r < 150.036
combine -M GoodnessOfFit /storage/local/data1/condor/execute/dir_28312/card_rhalphabet_all_2016_floatZ.root  --setParameterRange r=-20,20 --setParameters r_z=1 --algorithm saturated -n card_rhalphabet_all_2016_floatZ --freezeParameters r_z --redefineSignalPOIs r
cp higgsCombinecard_rhalphabet_all_2016_floatZ.GoodnessOfFit.mH120.root /storage/local/data1/condor/execute/dir_28312//goodbase_24.root
combine -M GoodnessOfFit /storage/local/data1/condor/execute/dir_28312/card_rhalphabet_all_2016_floatZ.root  --setParameterRange r=-20,20 --setParameters r_z=1 -s 24 -t 10 --toysFrequentist --algorithm saturated -n card_rhalphabet_all_2016_floatZ --freezeParameters r_z --redefineSignalPOIs r
cp higgsCombinecard_rhalphabet_all_2016_floatZ.GoodnessOfFit.mH120.24.root /storage/local/data1/condor/execute/dir_28312//goodtoys_24.root
GoodnessOfFit p-value 0.8
 FCN=9.86254 FROM MINOS     STATUS=SUCCESSFUL     24 CALLS        1345 TOTAL
                     EDM=4.88319e-09    STRATEGY= 1      ERROR MATRIX ACCURATE 
  EXT PARAMETER                                   STEP         FIRST   
  NO.   NAME      VALUE            ERROR          SIZE      DERIVATIVE 
   1  p0           3.57187e+01   1.12953e+01  -1.14311e-05  -4.80353e-08
   2  p1           1.22660e+02   4.93280e+00   4.93280e+00  -6.17128e-12
                               ERR DEF= 0.5
Inside /storage/local/data1/condor/execute/dir_28312:
CMSSW_10_2_13
CMSSW_10_2_13.tgz
_condor_stderr
_condor_stdout
card_rhalphabet_all_2016_floatZ.root
condor_exec.exe
docker_stderror
goodbase_24.root
goodness_saturated_card_rhalphabet_all_2016_floatZ.C
goodness_saturated_card_rhalphabet_all_2016_floatZ.pdf
goodtoys_24.root
runjob.sh
tmp
var
x509up_u51467
DELETING...
CMSSW_10_2_13.tgz
_condor_stderr
_condor_stdout
card_rhalphabet_all_2016_floatZ.root
condor_exec.exe
docker_stderror
goodbase_24.root
goodtoys_24.root
runjob.sh
tmp
var
x509up_u51467
Mon Sep 23 21:28:32 UTC 2019
