Mon Sep 23 21:26:12 UTC 2019
CMSSW_10_2_13.tgz
_condor_stderr
_condor_stdout
card_rhalphabet_all_2016_floatZ.root
condor_exec.exe
docker_stderror
runjob.sh
tmp
var
x509up_u51467
Resetting caches
Done: ProjectRename
Execute with git status/log:
On branch deco
Your branch is up to date with 'origin/deco'.

nothing to commit (use -u to show untracked files)
commit dc006892e1fe57e608869cd5db512c039a22a0a6
Author: Martin <ka_hei_martin_kwok@brown.edu>
Date:   Mon Sep 23 13:53:29 2019 -0500

    Fix copy output
 <<< Combine >>> 
Will use saturated models to compute goodness of fit for a binned likelihood
>>> method used is GoodnessOfFit
>>> random number generator seed is 123456
Set Range of Parameter r To : (-20,20)
Set Default Value of Parameter r_z To : 1

 --- GoodnessOfFit --- 
Best fit test statistic: 134.915
Done in 0.21 min (cpu), 0.21 min (real)
 <<< Combine >>> 
Will use saturated models to compute goodness of fit for a binned likelihood
>>> method used is GoodnessOfFit
>>> random number generator seed is 39
Set Range of Parameter r To : (-20,20)
Set Default Value of Parameter r_z To : 1
Generate toy 1/10

 --- GoodnessOfFit --- 
Best fit test statistic: 85.5475
Done in 0.18 min (cpu), 0.18 min (real)
Generate toy 2/10

 --- GoodnessOfFit --- 
Best fit test statistic: 135.845
Done in 0.20 min (cpu), 0.20 min (real)
Generate toy 3/10

 --- GoodnessOfFit --- 
Best fit test statistic: 86.4292
Done in 0.21 min (cpu), 0.21 min (real)
Generate toy 4/10

 --- GoodnessOfFit --- 
Best fit test statistic: 97.9524
Done in 0.21 min (cpu), 0.21 min (real)
Generate toy 5/10

 --- GoodnessOfFit --- 
Best fit test statistic: 128.018
Done in 0.24 min (cpu), 0.24 min (real)
Generate toy 6/10

 --- GoodnessOfFit --- 
Best fit test statistic: 110.964
Done in 0.24 min (cpu), 0.24 min (real)
Generate toy 7/10

 --- GoodnessOfFit --- 
Best fit test statistic: 100.956
Done in 0.24 min (cpu), 0.24 min (real)
Generate toy 8/10

 --- GoodnessOfFit --- 
Best fit test statistic: 118.242
Done in 0.26 min (cpu), 0.26 min (real)
Generate toy 9/10

 --- GoodnessOfFit --- 
Best fit test statistic: 118.909
Done in 0.42 min (cpu), 0.42 min (real)
Generate toy 10/10

 --- GoodnessOfFit --- 
Best fit test statistic: 128.385
Done in 0.26 min (cpu), 0.26 min (real)
mean   expected limit: r < 111.125 +/- 5.62399 @ 95%CL (10 toyMC)
median expected limit: r < 114.603 @ 95%CL (10 toyMC)
   68% expected band : 86.4292 < r < 135.845
   95% expected band : 85.5475 < r < 135.845
combine -M GoodnessOfFit /storage/local/data1/condor/execute/dir_17537/card_rhalphabet_all_2016_floatZ.root  --setParameterRange r=-20,20 --setParameters r_z=1 --algorithm saturated -n card_rhalphabet_all_2016_floatZ --freezeParameters r_z --redefineSignalPOIs r
cp higgsCombinecard_rhalphabet_all_2016_floatZ.GoodnessOfFit.mH120.root /storage/local/data1/condor/execute/dir_17537//goodbase_39.root
combine -M GoodnessOfFit /storage/local/data1/condor/execute/dir_17537/card_rhalphabet_all_2016_floatZ.root  --setParameterRange r=-20,20 --setParameters r_z=1 -s 39 -t 10 --toysFrequentist --algorithm saturated -n card_rhalphabet_all_2016_floatZ --freezeParameters r_z --redefineSignalPOIs r
cp higgsCombinecard_rhalphabet_all_2016_floatZ.GoodnessOfFit.mH120.39.root /storage/local/data1/condor/execute/dir_17537//goodtoys_39.root
GoodnessOfFit p-value 0.9
 FCN=11.8878 FROM MINOS     STATUS=SUCCESSFUL     24 CALLS         230 TOTAL
                     EDM=2.45846e-07    STRATEGY= 1      ERROR MATRIX ACCURATE 
  EXT PARAMETER                                   STEP         FIRST   
  NO.   NAME      VALUE            ERROR          SIZE      DERIVATIVE 
   1  p0           3.36892e+01   1.06535e+01  -1.26985e-05  -6.00789e-08
   2  p1           1.10833e+02   4.68691e+00   4.68691e+00  -1.20787e-11
                               ERR DEF= 0.5
Inside /storage/local/data1/condor/execute/dir_17537:
CMSSW_10_2_13
CMSSW_10_2_13.tgz
_condor_stderr
_condor_stdout
card_rhalphabet_all_2016_floatZ.root
condor_exec.exe
docker_stderror
goodbase_39.root
goodness_saturated_card_rhalphabet_all_2016_floatZ.C
goodness_saturated_card_rhalphabet_all_2016_floatZ.pdf
goodtoys_39.root
runjob.sh
tmp
var
x509up_u51467
DELETING...
CMSSW_10_2_13.tgz
_condor_stderr
_condor_stdout
card_rhalphabet_all_2016_floatZ.root
condor_exec.exe
docker_stderror
goodbase_39.root
goodtoys_39.root
runjob.sh
tmp
var
x509up_u51467
Mon Sep 23 21:29:46 UTC 2019
