000 (33244129.012.000) 09/23 16:20:40 Job submitted from host: <131.225.188.57:9618?addrs=131.225.188.57-9618&noUDP&sock=5995_a65b_3>
...
001 (33244129.012.000) 09/23 16:25:16 Job executing on host: <131.225.191.79:9618?addrs=131.225.191.79-9618&noUDP&sock=7439_1d1d_3>
...
006 (33244129.012.000) 09/23 16:25:26 Image size of job updated: 1
	1  -  MemoryUsage of job (MB)
	1636  -  ResidentSetSize of job (KB)
...
006 (33244129.012.000) 09/23 16:26:27 Image size of job updated: 302
	302  -  MemoryUsage of job (MB)
	309464  -  ResidentSetSize of job (KB)
...
006 (33244129.012.000) 09/23 16:27:27 Image size of job updated: 317
	317  -  MemoryUsage of job (MB)
	324912  -  ResidentSetSize of job (KB)
...
006 (33244129.012.000) 09/23 16:28:28 Image size of job updated: 336
	336  -  MemoryUsage of job (MB)
	344292  -  ResidentSetSize of job (KB)
...
006 (33244129.012.000) 09/23 16:28:44 Image size of job updated: 342
	342  -  MemoryUsage of job (MB)
	350500  -  ResidentSetSize of job (KB)
...
005 (33244129.012.000) 09/23 16:28:45 Job terminated.
	(1) Normal termination (return value 0)
		Usr 0 00:03:02, Sys 0 00:00:06  -  Run Remote Usage
		Usr 0 00:00:00, Sys 0 00:00:00  -  Run Local Usage
		Usr 0 00:03:02, Sys 0 00:00:06  -  Total Remote Usage
		Usr 0 00:00:00, Sys 0 00:00:00  -  Total Local Usage
	24922  -  Run Bytes Sent By Job
	11537867  -  Run Bytes Received By Job
	24922  -  Total Bytes Sent By Job
	11537867  -  Total Bytes Received By Job
	Partitionable Resources :    Usage  Request Allocated 
	   Cpus                 :     0.02        1         1 
	   Disk (KB)            : 11316       12500    793484 
	   Memory (MB)          :   342        2048      2048 
...
