Mon Sep 23 21:25:57 UTC 2019
CMSSW_10_2_13.tgz
_condor_stderr
_condor_stdout
card_rhalphabet_all_2016_floatZ.root
condor_exec.exe
docker_stderror
runjob.sh
tmp
var
x509up_u51467
Resetting caches
Done: ProjectRename
Execute with git status/log:
On branch deco
Your branch is up to date with 'origin/deco'.

nothing to commit (use -u to show untracked files)
commit dc006892e1fe57e608869cd5db512c039a22a0a6
Author: Martin <ka_hei_martin_kwok@brown.edu>
Date:   Mon Sep 23 13:53:29 2019 -0500

    Fix copy output
 <<< Combine >>> 
Will use saturated models to compute goodness of fit for a binned likelihood
>>> method used is GoodnessOfFit
>>> random number generator seed is 123456
Set Range of Parameter r To : (-20,20)
Set Default Value of Parameter r_z To : 1

 --- GoodnessOfFit --- 
Best fit test statistic: 134.915
Done in 0.17 min (cpu), 0.17 min (real)
 <<< Combine >>> 
Will use saturated models to compute goodness of fit for a binned likelihood
>>> method used is GoodnessOfFit
>>> random number generator seed is 31
Set Range of Parameter r To : (-20,20)
Set Default Value of Parameter r_z To : 1
Generate toy 1/10

 --- GoodnessOfFit --- 
Best fit test statistic: 102.982
Done in 0.15 min (cpu), 0.15 min (real)
Generate toy 2/10

 --- GoodnessOfFit --- 
Best fit test statistic: 122.878
Done in 0.16 min (cpu), 0.16 min (real)
Generate toy 3/10

 --- GoodnessOfFit --- 
Best fit test statistic: 99.668
Done in 0.16 min (cpu), 0.17 min (real)
Generate toy 4/10

 --- GoodnessOfFit --- 
Best fit test statistic: 111.174
Done in 0.17 min (cpu), 0.17 min (real)
Generate toy 5/10

 --- GoodnessOfFit --- 
Best fit test statistic: 109.424
Done in 0.18 min (cpu), 0.18 min (real)
Generate toy 6/10

 --- GoodnessOfFit --- 
Best fit test statistic: 102.4
Done in 0.19 min (cpu), 0.19 min (real)
Generate toy 7/10

 --- GoodnessOfFit --- 
Best fit test statistic: 105.507
Done in 0.20 min (cpu), 0.20 min (real)
Generate toy 8/10

 --- GoodnessOfFit --- 
Best fit test statistic: 103.56
Done in 0.21 min (cpu), 0.22 min (real)
Generate toy 9/10

 --- GoodnessOfFit --- 
Best fit test statistic: 127.336
Done in 0.22 min (cpu), 0.22 min (real)
Generate toy 10/10

 --- GoodnessOfFit --- 
Best fit test statistic: 138.73
Done in 0.22 min (cpu), 0.22 min (real)
mean   expected limit: r < 112.366 +/- 4.1001 @ 95%CL (10 toyMC)
median expected limit: r < 107.465 @ 95%CL (10 toyMC)
   68% expected band : 102.4 < r < 138.73
   95% expected band : 99.668 < r < 138.73
combine -M GoodnessOfFit /storage/local/data1/condor/execute/dir_2460/card_rhalphabet_all_2016_floatZ.root  --setParameterRange r=-20,20 --setParameters r_z=1 --algorithm saturated -n card_rhalphabet_all_2016_floatZ --freezeParameters r_z --redefineSignalPOIs r
cp higgsCombinecard_rhalphabet_all_2016_floatZ.GoodnessOfFit.mH120.root /storage/local/data1/condor/execute/dir_2460//goodbase_31.root
combine -M GoodnessOfFit /storage/local/data1/condor/execute/dir_2460/card_rhalphabet_all_2016_floatZ.root  --setParameterRange r=-20,20 --setParameters r_z=1 -s 31 -t 10 --toysFrequentist --algorithm saturated -n card_rhalphabet_all_2016_floatZ --freezeParameters r_z --redefineSignalPOIs r
cp higgsCombinecard_rhalphabet_all_2016_floatZ.GoodnessOfFit.mH120.31.root /storage/local/data1/condor/execute/dir_2460//goodtoys_31.root
GoodnessOfFit p-value 0.9
 FCN=10.9629 FROM MINOS     STATUS=SUCCESSFUL     25 CALLS         242 TOTAL
                     EDM=6.47587e-07    STRATEGY= 1      ERROR MATRIX ACCURATE 
  EXT PARAMETER                                   STEP         FIRST   
  NO.   NAME      VALUE            ERROR          SIZE      DERIVATIVE 
   1  p0           3.40992e+01   1.07831e+01  -1.19049e-05  -5.48638e-08
   2  p1           1.13272e+02   4.73868e+00   4.73868e+00  -2.74686e-12
                               ERR DEF= 0.5
Inside /storage/local/data1/condor/execute/dir_2460:
CMSSW_10_2_13
CMSSW_10_2_13.tgz
_condor_stderr
_condor_stdout
card_rhalphabet_all_2016_floatZ.root
condor_exec.exe
docker_stderror
goodbase_31.root
goodness_saturated_card_rhalphabet_all_2016_floatZ.C
goodness_saturated_card_rhalphabet_all_2016_floatZ.pdf
goodtoys_31.root
runjob.sh
tmp
var
x509up_u51467
DELETING...
CMSSW_10_2_13.tgz
_condor_stderr
_condor_stdout
card_rhalphabet_all_2016_floatZ.root
condor_exec.exe
docker_stderror
goodbase_31.root
goodtoys_31.root
runjob.sh
tmp
var
x509up_u51467
Mon Sep 23 21:28:45 UTC 2019
