000 (33244129.023.000) 09/23 16:20:40 Job submitted from host: <131.225.188.57:9618?addrs=131.225.188.57-9618&noUDP&sock=5995_a65b_3>
...
001 (33244129.023.000) 09/23 16:25:44 Job executing on host: <131.225.206.28:9618?addrs=131.225.206.28-9618&noUDP&sock=4739_2367_3>
...
006 (33244129.023.000) 09/23 16:25:52 Image size of job updated: 2
	2  -  MemoryUsage of job (MB)
	2240  -  ResidentSetSize of job (KB)
...
006 (33244129.023.000) 09/23 16:26:54 Image size of job updated: 308
	308  -  MemoryUsage of job (MB)
	316180  -  ResidentSetSize of job (KB)
...
006 (33244129.023.000) 09/23 16:27:54 Image size of job updated: 325
	325  -  MemoryUsage of job (MB)
	333168  -  ResidentSetSize of job (KB)
...
006 (33244129.023.000) 09/23 16:28:34 Image size of job updated: 342
	342  -  MemoryUsage of job (MB)
	350628  -  ResidentSetSize of job (KB)
...
005 (33244129.023.000) 09/23 16:28:36 Job terminated.
	(1) Normal termination (return value 0)
		Usr 0 00:02:16, Sys 0 00:00:03  -  Run Remote Usage
		Usr 0 00:00:00, Sys 0 00:00:00  -  Run Local Usage
		Usr 0 00:02:16, Sys 0 00:00:03  -  Total Remote Usage
		Usr 0 00:00:00, Sys 0 00:00:00  -  Total Local Usage
	20656  -  Run Bytes Sent By Job
	11537867  -  Run Bytes Received By Job
	20656  -  Total Bytes Sent By Job
	11537867  -  Total Bytes Received By Job
	Partitionable Resources :    Usage  Request Allocated 
	   Cpus                 :        0        1         1 
	   Disk (KB)            :    11309    12500    318129 
	   Memory (MB)          :      342     2048      2048 
...
