000 (33244129.022.000) 09/23 16:20:40 Job submitted from host: <131.225.188.57:9618?addrs=131.225.188.57-9618&noUDP&sock=5995_a65b_3>
...
001 (33244129.022.000) 09/23 16:25:44 Job executing on host: <131.225.206.54:9618?addrs=131.225.206.54-9618&noUDP&sock=4557_4d2b_3>
...
006 (33244129.022.000) 09/23 16:25:52 Image size of job updated: 2
	2  -  MemoryUsage of job (MB)
	2260  -  ResidentSetSize of job (KB)
...
006 (33244129.022.000) 09/23 16:26:53 Image size of job updated: 307
	307  -  MemoryUsage of job (MB)
	314596  -  ResidentSetSize of job (KB)
...
006 (33244129.022.000) 09/23 16:27:54 Image size of job updated: 324
	324  -  MemoryUsage of job (MB)
	331880  -  ResidentSetSize of job (KB)
...
006 (33244129.022.000) 09/23 16:28:36 Image size of job updated: 340
	340  -  MemoryUsage of job (MB)
	349092  -  ResidentSetSize of job (KB)
...
005 (33244129.022.000) 09/23 16:28:39 Job terminated.
	(1) Normal termination (return value 0)
		Usr 0 00:02:13, Sys 0 00:00:03  -  Run Remote Usage
		Usr 0 00:00:00, Sys 0 00:00:00  -  Run Local Usage
		Usr 0 00:02:13, Sys 0 00:00:03  -  Total Remote Usage
		Usr 0 00:00:00, Sys 0 00:00:00  -  Total Local Usage
	24076  -  Run Bytes Sent By Job
	11537867  -  Run Bytes Received By Job
	24076  -  Total Bytes Sent By Job
	11537867  -  Total Bytes Received By Job
	Partitionable Resources :    Usage  Request Allocated 
	   Cpus                 :        0        1         1 
	   Disk (KB)            :    11312    12500    305224 
	   Memory (MB)          :      340     2048      2048 
...
