Mon Sep 23 21:25:12 UTC 2019
CMSSW_10_2_13.tgz
_condor_stderr
_condor_stdout
card_rhalphabet_all_2016_floatZ.root
condor_exec.exe
docker_stderror
runjob.sh
tmp
var
x509up_u51467
Resetting caches
Done: ProjectRename
Execute with git status/log:
On branch deco
Your branch is up to date with 'origin/deco'.

nothing to commit (use -u to show untracked files)
commit dc006892e1fe57e608869cd5db512c039a22a0a6
Author: Martin <ka_hei_martin_kwok@brown.edu>
Date:   Mon Sep 23 13:53:29 2019 -0500

    Fix copy output
 <<< Combine >>> 
Will use saturated models to compute goodness of fit for a binned likelihood
>>> method used is GoodnessOfFit
>>> random number generator seed is 123456
Set Range of Parameter r To : (-20,20)
Set Default Value of Parameter r_z To : 1

 --- GoodnessOfFit --- 
Best fit test statistic: 134.915
Done in 0.17 min (cpu), 0.17 min (real)
 <<< Combine >>> 
Will use saturated models to compute goodness of fit for a binned likelihood
>>> method used is GoodnessOfFit
>>> random number generator seed is 8
Set Range of Parameter r To : (-20,20)
Set Default Value of Parameter r_z To : 1
Generate toy 1/10

 --- GoodnessOfFit --- 
Best fit test statistic: 109.47
Done in 0.16 min (cpu), 0.16 min (real)
Generate toy 2/10

 --- GoodnessOfFit --- 
Best fit test statistic: 90.5477
Done in 0.14 min (cpu), 0.14 min (real)
Generate toy 3/10

 --- GoodnessOfFit --- 
Best fit test statistic: 116.578
Done in 0.17 min (cpu), 0.18 min (real)
Generate toy 4/10

 --- GoodnessOfFit --- 
Best fit test statistic: 87.5022
Done in 0.18 min (cpu), 0.18 min (real)
Generate toy 5/10

 --- GoodnessOfFit --- 
Best fit test statistic: 100.063
Done in 0.19 min (cpu), 0.19 min (real)
Generate toy 6/10

 --- GoodnessOfFit --- 
Best fit test statistic: 121.763
Done in 0.20 min (cpu), 0.20 min (real)
Generate toy 7/10

 --- GoodnessOfFit --- 
Best fit test statistic: 112.535
Done in 0.21 min (cpu), 0.21 min (real)
Generate toy 8/10

 --- GoodnessOfFit --- 
Best fit test statistic: 122.507
Done in 0.21 min (cpu), 0.21 min (real)
Generate toy 9/10

 --- GoodnessOfFit --- 
Best fit test statistic: 124.464
Done in 0.21 min (cpu), 0.22 min (real)
Generate toy 10/10

 --- GoodnessOfFit --- 
Best fit test statistic: 129.914
Done in 0.22 min (cpu), 0.22 min (real)
mean   expected limit: r < 111.534 +/- 4.60711 @ 95%CL (10 toyMC)
median expected limit: r < 114.556 @ 95%CL (10 toyMC)
   68% expected band : 90.5477 < r < 129.914
   95% expected band : 87.5022 < r < 129.914
combine -M GoodnessOfFit /storage/local/data1/condor/execute/dir_3895/card_rhalphabet_all_2016_floatZ.root  --setParameterRange r=-20,20 --setParameters r_z=1 --algorithm saturated -n card_rhalphabet_all_2016_floatZ --freezeParameters r_z --redefineSignalPOIs r
cp higgsCombinecard_rhalphabet_all_2016_floatZ.GoodnessOfFit.mH120.root /storage/local/data1/condor/execute/dir_3895//goodbase_8.root
combine -M GoodnessOfFit /storage/local/data1/condor/execute/dir_3895/card_rhalphabet_all_2016_floatZ.root  --setParameterRange r=-20,20 --setParameters r_z=1 -s 8 -t 10 --toysFrequentist --algorithm saturated -n card_rhalphabet_all_2016_floatZ --freezeParameters r_z --redefineSignalPOIs r
cp higgsCombinecard_rhalphabet_all_2016_floatZ.GoodnessOfFit.mH120.8.root /storage/local/data1/condor/execute/dir_3895//goodtoys_8.root
GoodnessOfFit p-value 1.0
 FCN=8.44125 FROM MINOS     STATUS=SUCCESSFUL     24 CALLS         218 TOTAL
                     EDM=3.19618e-07    STRATEGY= 1      ERROR MATRIX ACCURATE 
  EXT PARAMETER                                   STEP         FIRST   
  NO.   NAME      VALUE            ERROR          SIZE      DERIVATIVE 
   1  p0           3.35559e+01   1.06113e+01  -9.32091e-06  -4.46114e-08
   2  p1           1.11491e+02   4.70095e+00   4.70095e+00   7.83069e-09
                               ERR DEF= 0.5
Inside /storage/local/data1/condor/execute/dir_3895:
CMSSW_10_2_13
CMSSW_10_2_13.tgz
_condor_stderr
_condor_stdout
card_rhalphabet_all_2016_floatZ.root
condor_exec.exe
docker_stderror
goodbase_8.root
goodness_saturated_card_rhalphabet_all_2016_floatZ.C
goodness_saturated_card_rhalphabet_all_2016_floatZ.pdf
goodtoys_8.root
runjob.sh
tmp
var
x509up_u51467
DELETING...
CMSSW_10_2_13.tgz
_condor_stderr
_condor_stdout
card_rhalphabet_all_2016_floatZ.root
condor_exec.exe
docker_stderror
goodbase_8.root
goodtoys_8.root
runjob.sh
tmp
var
x509up_u51467
Mon Sep 23 21:28:03 UTC 2019
