Mon Sep 23 21:24:48 UTC 2019
CMSSW_10_2_13.tgz
_condor_stderr
_condor_stdout
card_rhalphabet_all_2016_floatZ.root
condor_exec.exe
docker_stderror
runjob.sh
tmp
var
x509up_u51467
Resetting caches
Done: ProjectRename
Execute with git status/log:
On branch deco
Your branch is up to date with 'origin/deco'.

nothing to commit (use -u to show untracked files)
commit dc006892e1fe57e608869cd5db512c039a22a0a6
Author: Martin <ka_hei_martin_kwok@brown.edu>
Date:   Mon Sep 23 13:53:29 2019 -0500

    Fix copy output
 <<< Combine >>> 
Will use saturated models to compute goodness of fit for a binned likelihood
>>> method used is GoodnessOfFit
>>> random number generator seed is 123456
Set Range of Parameter r To : (-20,20)
Set Default Value of Parameter r_z To : 1

 --- GoodnessOfFit --- 
Best fit test statistic: 134.915
Done in 0.24 min (cpu), 0.24 min (real)
 <<< Combine >>> 
Will use saturated models to compute goodness of fit for a binned likelihood
>>> method used is GoodnessOfFit
>>> random number generator seed is 0
Set Range of Parameter r To : (-20,20)
Set Default Value of Parameter r_z To : 1
Generate toy 1/10

 --- GoodnessOfFit --- 
Best fit test statistic: 96.3227
Done in 0.21 min (cpu), 0.21 min (real)
Generate toy 2/10

 --- GoodnessOfFit --- 
Best fit test statistic: 126.409
Done in 0.23 min (cpu), 0.23 min (real)
Generate toy 3/10

 --- GoodnessOfFit --- 
Best fit test statistic: 107.021
Done in 0.24 min (cpu), 0.24 min (real)
Generate toy 4/10

 --- GoodnessOfFit --- 
Best fit test statistic: 107.902
Done in 0.25 min (cpu), 0.25 min (real)
Generate toy 5/10

 --- GoodnessOfFit --- 
Best fit test statistic: 99.2007
Done in 0.24 min (cpu), 0.24 min (real)
Generate toy 6/10

 --- GoodnessOfFit --- 
Best fit test statistic: 106.1
Done in 0.26 min (cpu), 0.26 min (real)
Generate toy 7/10

 --- GoodnessOfFit --- 
Best fit test statistic: 128.862
Done in 0.28 min (cpu), 0.28 min (real)
Generate toy 8/10

 --- GoodnessOfFit --- 
Best fit test statistic: 108.014
Done in 0.29 min (cpu), 0.29 min (real)
Generate toy 9/10

 --- GoodnessOfFit --- 
Best fit test statistic: 125.62
Done in 0.29 min (cpu), 0.30 min (real)
Generate toy 10/10

 --- GoodnessOfFit --- 
Best fit test statistic: 124.421
Done in 0.32 min (cpu), 0.32 min (real)
mean   expected limit: r < 112.987 +/- 3.83535 @ 95%CL (10 toyMC)
median expected limit: r < 107.958 @ 95%CL (10 toyMC)
   68% expected band : 99.2007 < r < 128.862
   95% expected band : 96.3227 < r < 128.862
combine -M GoodnessOfFit /storage/local/data1/condor/execute/dir_36529/card_rhalphabet_all_2016_floatZ.root  --setParameterRange r=-20,20 --setParameters r_z=1 --algorithm saturated -n card_rhalphabet_all_2016_floatZ --freezeParameters r_z --redefineSignalPOIs r
cp higgsCombinecard_rhalphabet_all_2016_floatZ.GoodnessOfFit.mH120.root /storage/local/data1/condor/execute/dir_36529//goodbase_0.root
combine -M GoodnessOfFit /storage/local/data1/condor/execute/dir_36529/card_rhalphabet_all_2016_floatZ.root  --setParameterRange r=-20,20 --setParameters r_z=1 -s 0 -t 10 --toysFrequentist --algorithm saturated -n card_rhalphabet_all_2016_floatZ --freezeParameters r_z --redefineSignalPOIs r
cp higgsCombinecard_rhalphabet_all_2016_floatZ.GoodnessOfFit.mH120.0.root /storage/local/data1/condor/execute/dir_36529//goodtoys_0.root
GoodnessOfFit p-value 1.0
 FCN=10.273 FROM MINOS     STATUS=SUCCESSFUL     24 CALLS         243 TOTAL
                     EDM=6.4564e-07    STRATEGY= 1      ERROR MATRIX ACCURATE 
  EXT PARAMETER                                   STEP         FIRST   
  NO.   NAME      VALUE            ERROR          SIZE      DERIVATIVE 
   1  p0           3.35543e+01   1.06108e+01  -1.10954e-05  -5.30416e-08
   2  p1           1.13481e+02   4.74308e+00   4.74308e+00  -3.33201e-08
                               ERR DEF= 0.5
Inside /storage/local/data1/condor/execute/dir_36529:
CMSSW_10_2_13
CMSSW_10_2_13.tgz
_condor_stderr
_condor_stdout
card_rhalphabet_all_2016_floatZ.root
condor_exec.exe
docker_stderror
goodbase_0.root
goodness_saturated_card_rhalphabet_all_2016_floatZ.C
goodness_saturated_card_rhalphabet_all_2016_floatZ.pdf
goodtoys_0.root
runjob.sh
tmp
var
x509up_u51467
DELETING...
CMSSW_10_2_13.tgz
_condor_stderr
_condor_stdout
card_rhalphabet_all_2016_floatZ.root
condor_exec.exe
docker_stderror
goodbase_0.root
goodtoys_0.root
runjob.sh
tmp
var
x509up_u51467
Mon Sep 23 21:28:41 UTC 2019
