=======buildcard.py==========
===ifile = dak8/dak8_M2_2016_Feb26_tightMatch_ttvetoT_withDDT/data/hist_1DZbb_pt_scalesmear.root ==========
===odir  = dak8/dak8_M2_2016_Feb26_tightMatch_ttvetoT_withDDT/TF22_blind_qcdTF22uncV6_muonCRv7_SFAug8 ==========
===mode  = norm ==========
===time  = 2020-03-25 19:40 ==========
=== Using SF: ==========
BB_SF       1.0
BB_SF_ERR       0.23
V_SF       0.993
V_SF_ERR       0.043
shift_SF       1.001
shift_SF_ERR       0.012
smear_SF       1.084
smear_SF_ERR       0.0905
git log -n 1 
python buildRhalphabetZbb.py -i dak8/dak8_M2_2016_Feb26_tightMatch_ttvetoT_withDDT/data/hist_1DZbb_pt_scalesmear.root -o dak8/dak8_M2_2016_Feb26_tightMatch_ttvetoT_withDDT/TF22_blind_qcdTF22uncV6_muonCRv7_SFAug8 --nr 2 --np 2 --remove-unmatched --prefit  --suffix 2016 --blind  --year 2016 
python makeCardsZbb.py       -i dak8/dak8_M2_2016_Feb26_tightMatch_ttvetoT_withDDT/data/hist_1DZbb_pt_scalesmear.root -o dak8/dak8_M2_2016_Feb26_tightMatch_ttvetoT_withDDT/TF22_blind_qcdTF22uncV6_muonCRv7_SFAug8 --remove-unmatched --no-mcstat-shape  --suffix 2016 --blind  --year 2016  --addqcdCovMat 
python writeMuonCRDatacard.py       -i dak8/dak8_M2_2016_Feb26_tightMatch_ttvetoT_withDDT/muonCR/hist_1DZbb_muonCR.root -o dak8/dak8_M2_2016_Feb26_tightMatch_ttvetoT_withDDT/muonCR/ --no-mcstat-shape  --suffix 2016 --year 2016 
python writeMuonCRDatacard.py       -i dak8/dak8_M2_2016_Feb26_tightMatch_ttvetoT_withDDT/muonCR/hist_1DZbb_muonCR.root -o dak8/dak8_M2_2016_Feb26_tightMatch_ttvetoT_withDDT/TF22_blind_qcdTF22uncV6_muonCRv7_SFAug8 --no-mcstat-shape  --suffix 2016 --year 2016 
combineCards.py  cat1_2016=dak8/dak8_M2_2016_Feb26_tightMatch_ttvetoT_withDDT/TF22_blind_qcdTF22uncV6_muonCRv7_SFAug8card_rhalphabet_cat1.txt  cat2_2016=dak8/dak8_M2_2016_Feb26_tightMatch_ttvetoT_withDDT/TF22_blind_qcdTF22uncV6_muonCRv7_SFAug8card_rhalphabet_cat2.txt  cat3_2016=dak8/dak8_M2_2016_Feb26_tightMatch_ttvetoT_withDDT/TF22_blind_qcdTF22uncV6_muonCRv7_SFAug8card_rhalphabet_cat3.txt  cat4_2016=dak8/dak8_M2_2016_Feb26_tightMatch_ttvetoT_withDDT/TF22_blind_qcdTF22uncV6_muonCRv7_SFAug8card_rhalphabet_cat4.txt  cat5_2016=dak8/dak8_M2_2016_Feb26_tightMatch_ttvetoT_withDDT/TF22_blind_qcdTF22uncV6_muonCRv7_SFAug8card_rhalphabet_cat5.txt  cat6_2016=dak8/dak8_M2_2016_Feb26_tightMatch_ttvetoT_withDDT/TF22_blind_qcdTF22uncV6_muonCRv7_SFAug8card_rhalphabet_cat6.txt  muonCR_2016=dak8/dak8_M2_2016_Feb26_tightMatch_ttvetoT_withDDT/TF22_blind_qcdTF22uncV6_muonCRv7_SFAug8datacard_muonCR.txt  > dak8/dak8_M2_2016_Feb26_tightMatch_ttvetoT_withDDT/TF22_blind_qcdTF22uncV6_muonCRv7_SFAug8card_rhalphabet_all_2016.txt 
text2workspace.py  -m 125  --PO verbose dak8/dak8_M2_2016_Feb26_tightMatch_ttvetoT_withDDT/TF22_blind_qcdTF22uncV6_muonCRv7_SFAug8card_rhalphabet_all_2016.txt  -o dak8/dak8_M2_2016_Feb26_tightMatch_ttvetoT_withDDT/TF22_blind_qcdTF22uncV6_muonCRv7_SFAug8card_rhalphabet_all_2016_floatZ.root 
text2workspace.py  -m 125 -P HiggsAnalysis.CombinedLimit.TagAndProbeExtended:tagAndProbe --PO categories=zqq dak8/dak8_M2_2016_Feb26_tightMatch_ttvetoT_withDDT/TF22_blind_qcdTF22uncV6_muonCRv7_SFAug8card_rhalphabet_all_2016.txt  -o dak8/dak8_M2_2016_Feb26_tightMatch_ttvetoT_withDDT/TF22_blind_qcdTF22uncV6_muonCRv7_SFAug8card_rhalphabet_all_2016_floatZ_TNP.root 
