000 (2718679.000.000) 08/05 04:14:17 Job submitted from host: <131.225.188.55:9618?addrs=131.225.188.55-9618&noUDP&sock=5986_7a01_3>
...
001 (2718679.000.000) 08/05 04:14:38 Job executing on host: <131.225.191.181:9618?addrs=131.225.191.181-9618&noUDP&sock=4761_3a7d_3>
...
006 (2718679.000.000) 08/05 04:14:47 Image size of job updated: 37
	37  -  MemoryUsage of job (MB)
	38028  -  ResidentSetSize of job (KB)
...
006 (2718679.000.000) 08/05 04:15:47 Image size of job updated: 219
	219  -  MemoryUsage of job (MB)
	224748  -  ResidentSetSize of job (KB)
...
006 (2718679.000.000) 08/05 04:16:48 Image size of job updated: 275
	275  -  MemoryUsage of job (MB)
	282444  -  ResidentSetSize of job (KB)
...
005 (2718679.000.000) 08/05 04:16:54 Job terminated.
	(1) Normal termination (return value 0)
		Usr 0 00:01:19, Sys 0 00:00:06  -  Run Remote Usage
		Usr 0 00:00:00, Sys 0 00:00:00  -  Run Local Usage
		Usr 0 00:01:19, Sys 0 00:00:06  -  Total Remote Usage
		Usr 0 00:00:00, Sys 0 00:00:00  -  Total Local Usage
	197442  -  Run Bytes Sent By Job
	7741  -  Run Bytes Received By Job
	197442  -  Total Bytes Sent By Job
	7741  -  Total Bytes Received By Job
	Partitionable Resources :    Usage  Request Allocated 
	   Cpus                 :        0        1         1 
	   Disk (KB)            :      221        2    317191 
	   Memory (MB)          :      275     2048      2048 
...
