000 (32682042.000.000) 08/05 03:33:52 Job submitted from host: <131.225.188.57:9618?addrs=131.225.188.57-9618&noUDP&sock=5992_9792_3>
...
001 (32682042.000.000) 08/05 03:34:34 Job executing on host: <131.225.204.106:9618?addrs=131.225.204.106-9618&noUDP&sock=4544_6270_3>
...
006 (32682042.000.000) 08/05 03:34:43 Image size of job updated: 12
	12  -  MemoryUsage of job (MB)
	12604  -  ResidentSetSize of job (KB)
...
006 (32682042.000.000) 08/05 03:35:44 Image size of job updated: 207
	207  -  MemoryUsage of job (MB)
	212148  -  ResidentSetSize of job (KB)
...
006 (32682042.000.000) 08/05 03:36:39 Image size of job updated: 264
	264  -  MemoryUsage of job (MB)
	271220  -  ResidentSetSize of job (KB)
...
005 (32682042.000.000) 08/05 03:36:42 Job terminated.
	(1) Normal termination (return value 0)
		Usr 0 00:01:23, Sys 0 00:00:06  -  Run Remote Usage
		Usr 0 00:00:00, Sys 0 00:00:00  -  Run Local Usage
		Usr 0 00:01:23, Sys 0 00:00:06  -  Total Remote Usage
		Usr 0 00:00:00, Sys 0 00:00:00  -  Total Local Usage
	175711  -  Run Bytes Sent By Job
	7741  -  Run Bytes Received By Job
	175711  -  Total Bytes Sent By Job
	7741  -  Total Bytes Received By Job
	Partitionable Resources :    Usage  Request Allocated 
	   Cpus                 :     0.00        1         1 
	   Disk (KB)            :   200           2    321711 
	   Memory (MB)          :   264        2048      2048 
...
