000 (62347087.000.000) 08/05 04:12:57 Job submitted from host: <131.225.188.235:9618?addrs=131.225.188.235-9618&noUDP&sock=5290_1416_3>
...
001 (62347087.000.000) 08/05 04:13:08 Job executing on host: <131.225.191.181:9618?addrs=131.225.191.181-9618&noUDP&sock=4761_3a7d_3>
...
006 (62347087.000.000) 08/05 04:13:16 Image size of job updated: 20
	20  -  MemoryUsage of job (MB)
	20692  -  ResidentSetSize of job (KB)
...
004 (62347087.000.000) 08/05 04:13:19 Job was evicted.
	(0) Job was not checkpointed.
		Usr 0 00:00:00, Sys 0 00:00:00  -  Run Remote Usage
		Usr 0 00:00:00, Sys 0 00:00:00  -  Run Local Usage
	253  -  Run Bytes Sent By Job
	7741  -  Run Bytes Received By Job
	Partitionable Resources :    Usage  Request Allocated 
	   Cpus                 :     0.02        1         1 
	   Disk (KB)            : 28652           2    317191 
	   Memory (MB)          :    20        2048      2048 
...
009 (62347087.000.000) 08/05 04:13:19 Job was aborted by the user.
	via condor_rm (by user kkwok)
...
