000 (32682052.000.000) 08/05 04:51:39 Job submitted from host: <131.225.188.57:9618?addrs=131.225.188.57-9618&noUDP&sock=5992_9792_3>
...
001 (32682052.000.000) 08/05 04:52:08 Job executing on host: <131.225.191.181:9618?addrs=131.225.191.181-9618&noUDP&sock=4761_3a7d_3>
...
006 (32682052.000.000) 08/05 04:52:16 Image size of job updated: 28
	28  -  MemoryUsage of job (MB)
	29644  -  ResidentSetSize of job (KB)
...
006 (32682052.000.000) 08/05 04:53:17 Image size of job updated: 251
	251  -  MemoryUsage of job (MB)
	257932  -  ResidentSetSize of job (KB)
...
006 (32682052.000.000) 08/05 04:54:18 Image size of job updated: 308
	308  -  MemoryUsage of job (MB)
	315612  -  ResidentSetSize of job (KB)
...
006 (32682052.000.000) 08/05 04:54:36 Image size of job updated: 339
	339  -  MemoryUsage of job (MB)
	348044  -  ResidentSetSize of job (KB)
...
005 (32682052.000.000) 08/05 04:54:38 Job terminated.
	(1) Normal termination (return value 0)
		Usr 0 00:01:32, Sys 0 00:00:07  -  Run Remote Usage
		Usr 0 00:00:00, Sys 0 00:00:00  -  Run Local Usage
		Usr 0 00:01:32, Sys 0 00:00:07  -  Total Remote Usage
		Usr 0 00:00:00, Sys 0 00:00:00  -  Total Local Usage
	298468  -  Run Bytes Sent By Job
	7741  -  Run Bytes Received By Job
	298468  -  Total Bytes Sent By Job
	7741  -  Total Bytes Received By Job
	Partitionable Resources :    Usage  Request Allocated 
	   Cpus                 :        0        1         1 
	   Disk (KB)            :      319        2    317191 
	   Memory (MB)          :      339     2048      2048 
...
