On branch deco
Changes not staged for commit:
  (use "git add <file>..." to update what will be committed)
  (use "git checkout -- <file>..." to discard changes in working directory)

	modified:   base.root
	modified:   bernstein.py
	modified:   buildRhalphabetHbb.py
	modified:   buildcard.py
	modified:   limit.py
	modified:   plotDeltaLL2D.py
	modified:   plot_systematics.py
	modified:   submitJob_Ftest.py
	modified:   validateMLFit.py

no changes added to commit (use "git add" and/or "git commit -a")
commit 50bb522fd9cac6f195f38bcb1c98c9f510168e4d
Author: Martin <ka_hei_martin_kwok@brown.edu>
Date:   Thu Sep 26 16:01:20 2019 -0500

    add ftest running script
=======buildcard.py==========
===ifile = ddb2016_Jun24_v3/ddb_M2_full/data/hist_1DZbb_pt_scalesmear.root ==========
===odir  = ddb2016_Jun24_v3/ddb_M2_full/msd54/TF21_qcdTF22uncV6_muonCRv7_SFAug8_looserWZ_p80/ ==========
===mode  = norm ==========
===time  = 2019-09-30 14:24 ==========
===git status -uno =======
===git log =========== 
=== Using SF: ==========
BB_SF       1.0
BB_SF_ERR       0.23
V_SF       0.993
V_SF_ERR       0.043
shift_SF       1.001
shift_SF_ERR       0.012
smear_SF       1.084
smear_SF_ERR       0.0905
git log -n 1 
python buildRhalphabetHbb.py -i ddb2016_Jun24_v3/ddb_M2_full/data/hist_1DZbb_pt_scalesmear.root -o ddb2016_Jun24_v3/ddb_M2_full/msd54/TF21_qcdTF22uncV6_muonCRv7_SFAug8_looserWZ_p80/ --nr 2 --np 1 --remove-unmatched --prefit  --addHptShape --suffix 2016 --ifile-loose ddb2016_Jun24_v3/ddb_M2_full/looserWZ_p80//hist_1DZbb_pt_scalesmear_looserWZ.root  --year 2016 
python makeCardsHbb.py       -i ddb2016_Jun24_v3/ddb_M2_full/data/hist_1DZbb_pt_scalesmear.root -o ddb2016_Jun24_v3/ddb_M2_full/msd54/TF21_qcdTF22uncV6_muonCRv7_SFAug8_looserWZ_p80/ --remove-unmatched --no-mcstat-shape  --addHptShape --suffix 2016 --ifile-loose ddb2016_Jun24_v3/ddb_M2_full/looserWZ_p80//hist_1DZbb_pt_scalesmear_looserWZ.root  --year 2016  --addqcdCovMat 
python writeMuonCRDatacard.py       -i ddb2016_Jun24_v3/ddb_M2_full/muonCR/hist_1DZbb_muonCR.root -o ddb2016_Jun24_v3/ddb_M2_full/msd54/TF21_qcdTF22uncV6_muonCRv7_SFAug8_looserWZ_p80/ --no-mcstat-shape  --suffix 2016 --year 2016 
combineCards.py  cat1_2016=ddb2016_Jun24_v3/ddb_M2_full/msd54/TF21_qcdTF22uncV6_muonCRv7_SFAug8_looserWZ_p80/card_rhalphabet_cat1.txt  cat2_2016=ddb2016_Jun24_v3/ddb_M2_full/msd54/TF21_qcdTF22uncV6_muonCRv7_SFAug8_looserWZ_p80/card_rhalphabet_cat2.txt  cat3_2016=ddb2016_Jun24_v3/ddb_M2_full/msd54/TF21_qcdTF22uncV6_muonCRv7_SFAug8_looserWZ_p80/card_rhalphabet_cat3.txt  cat4_2016=ddb2016_Jun24_v3/ddb_M2_full/msd54/TF21_qcdTF22uncV6_muonCRv7_SFAug8_looserWZ_p80/card_rhalphabet_cat4.txt  cat5_2016=ddb2016_Jun24_v3/ddb_M2_full/msd54/TF21_qcdTF22uncV6_muonCRv7_SFAug8_looserWZ_p80/card_rhalphabet_cat5.txt  cat6_2016=ddb2016_Jun24_v3/ddb_M2_full/msd54/TF21_qcdTF22uncV6_muonCRv7_SFAug8_looserWZ_p80/card_rhalphabet_cat6.txt  muonCR_2016=ddb2016_Jun24_v3/ddb_M2_full/msd54/TF21_qcdTF22uncV6_muonCRv7_SFAug8_looserWZ_p80/datacard_muonCR.txt  > ddb2016_Jun24_v3/ddb_M2_full/msd54/TF21_qcdTF22uncV6_muonCRv7_SFAug8_looserWZ_p80/card_rhalphabet_all_2016.txt 
text2workspace.py -P HiggsAnalysis.CombinedLimit.PhysicsModel:multiSignalModel -m 125  --PO verbose --PO 'map=.*/*_hbb:r[1,0,20]' --PO 'map=.*/zqq:r_z[1,0,20]' ddb2016_Jun24_v3/ddb_M2_full/msd54/TF21_qcdTF22uncV6_muonCRv7_SFAug8_looserWZ_p80/card_rhalphabet_all_2016.txt  -o ddb2016_Jun24_v3/ddb_M2_full/msd54/TF21_qcdTF22uncV6_muonCRv7_SFAug8_looserWZ_p80/card_rhalphabet_all_2016_floatZ.root 
