000 (62803892.000.000) 09/25 11:05:23 Job submitted from host: <131.225.188.235:9618?addrs=131.225.188.235-9618&noUDP&sock=5250_a44d_3>
...
001 (62803892.000.000) 09/25 11:05:49 Job executing on host: <131.225.206.6:9618?addrs=131.225.206.6-9618&noUDP&sock=3142_baa8_3>
...
006 (62803892.000.000) 09/25 11:05:58 Image size of job updated: 17
	17  -  MemoryUsage of job (MB)
	17432  -  ResidentSetSize of job (KB)
...
006 (62803892.000.000) 09/25 11:06:58 Image size of job updated: 313
	313  -  MemoryUsage of job (MB)
	320816  -  ResidentSetSize of job (KB)
...
006 (62803892.000.000) 09/25 11:07:58 Image size of job updated: 332
	332  -  MemoryUsage of job (MB)
	340584  -  ResidentSetSize of job (KB)
...
006 (62803892.000.000) 09/25 11:08:35 Image size of job updated: 346
	346  -  MemoryUsage of job (MB)
	355016  -  ResidentSetSize of job (KB)
...
005 (62803892.000.000) 09/25 11:08:36 Job terminated.
	(1) Normal termination (return value 0)
		Usr 0 00:02:18, Sys 0 00:00:05  -  Run Remote Usage
		Usr 0 00:00:00, Sys 0 00:00:00  -  Run Local Usage
		Usr 0 00:02:18, Sys 0 00:00:05  -  Total Remote Usage
		Usr 0 00:00:00, Sys 0 00:00:00  -  Total Local Usage
	21756  -  Run Bytes Sent By Job
	11538050  -  Run Bytes Received By Job
	21756  -  Total Bytes Sent By Job
	11538050  -  Total Bytes Received By Job
	Partitionable Resources :    Usage  Request Allocated 
	   Cpus                 :     0.01        1         1 
	   Disk (KB)            : 11310       12500    301609 
	   Memory (MB)          :   346        2048      2048 
...
