Wed Sep 25 16:05:51 UTC 2019
CMSSW_10_2_13.tgz
_condor_stderr
_condor_stdout
card_rhalphabet_all_2016_floatZ.root
condor_exec.exe
docker_stderror
runjob.sh
tmp
var
x509up_u51467
Resetting caches
Done: ProjectRename
Execute with git status/log:
On branch deco
Your branch is up to date with 'origin/deco'.

nothing to commit (use -u to show untracked files)
commit f70fd769c051014e53716f652356306c4612a8f0
Author: Martin <ka_hei_martin_kwok@brown.edu>
Date:   Tue Sep 24 17:52:02 2019 -0500

    hard code ranges for now
 <<< Combine >>> 
Will use the Kolmogorov-Smirnov test to compute goodness of fit for a binned likelihood
>>> method used is GoodnessOfFit
>>> random number generator seed is 123456
Set Range of Parameter r To : (-20,20)
Warning: Did not find a parameter with name CMS_gghbb_scale_2018
Warning: Did not find a parameter with name CMS_gghbb_scalept_2018
Set Default Value of Parameter r_z To : 1

 --- GoodnessOfFit --- 
Kolmogorov-Smirnov test statistic: 0.0510902
Done in 0.15 min (cpu), 0.16 min (real)
 <<< Combine >>> 
Will use the Kolmogorov-Smirnov test to compute goodness of fit for a binned likelihood
>>> method used is GoodnessOfFit
>>> random number generator seed is 0
Set Range of Parameter r To : (-20,20)
Set Default Value of Parameter r_z To : 1
Generate toy 1/10

 --- GoodnessOfFit --- 
Kolmogorov-Smirnov test statistic: 0.0442977
Done in 0.15 min (cpu), 0.15 min (real)
Generate toy 2/10

 --- GoodnessOfFit --- 
Kolmogorov-Smirnov test statistic: 0.0501545
Done in 0.25 min (cpu), 0.25 min (real)
Generate toy 3/10

 --- GoodnessOfFit --- 
Kolmogorov-Smirnov test statistic: 0.0446613
Done in 0.16 min (cpu), 0.16 min (real)
Generate toy 4/10

 --- GoodnessOfFit --- 
Kolmogorov-Smirnov test statistic: 0.0526493
Done in 0.17 min (cpu), 0.17 min (real)
Generate toy 5/10

 --- GoodnessOfFit --- 
Kolmogorov-Smirnov test statistic: 0.0428945
Done in 0.17 min (cpu), 0.17 min (real)
Generate toy 6/10

 --- GoodnessOfFit --- 
Kolmogorov-Smirnov test statistic: 0.0541125
Done in 0.19 min (cpu), 0.19 min (real)
Generate toy 7/10

 --- GoodnessOfFit --- 
Kolmogorov-Smirnov test statistic: 0.0413247
Done in 0.18 min (cpu), 0.18 min (real)
Generate toy 8/10

 --- GoodnessOfFit --- 
Kolmogorov-Smirnov test statistic: 0.0405954
Done in 0.19 min (cpu), 0.19 min (real)
Generate toy 9/10

 --- GoodnessOfFit --- 
Kolmogorov-Smirnov test statistic: 0.03804
Done in 0.18 min (cpu), 0.18 min (real)
Generate toy 10/10

 --- GoodnessOfFit --- 
Kolmogorov-Smirnov test statistic: 0.0340548
Done in 0.21 min (cpu), 0.21 min (real)
mean   expected limit: r < 0.0442785 +/- 0.00202512 @ 95%CL (10 toyMC)
median expected limit: r < 0.0435961 @ 95%CL (10 toyMC)
   68% expected band : 0.03804 < r < 0.0541125
   95% expected band : 0.0340548 < r < 0.0541125
combine -M GoodnessOfFit /storage/local/data1/condor/execute/dir_26032/card_rhalphabet_all_2016_floatZ.root  --setParameterRange r=-20,20:CMS_gghbb_scale_2018=-7,7:CMS_gghbb_scalept_2018=-7,7  --setParameters r_z=1 --algorithm KS -n card_rhalphabet_all_2016_floatZ --freezeParameters r_z --redefineSignalPOIs r
cp higgsCombinecard_rhalphabet_all_2016_floatZ.GoodnessOfFit.mH120.root /storage/local/data1/condor/execute/dir_26032//goodbase_0.root
combine -M GoodnessOfFit /storage/local/data1/condor/execute/dir_26032/card_rhalphabet_all_2016_floatZ.root  --setParameterRange r=-20,20 --setParameters r_z=1 -s 0 -t 10  --algorithm KS -n card_rhalphabet_all_2016_floatZ --freezeParameters r_z --redefineSignalPOIs r
cp higgsCombinecard_rhalphabet_all_2016_floatZ.GoodnessOfFit.mH120.0.root /storage/local/data1/condor/execute/dir_26032//goodtoys_0.root
GoodnessOfFit p-value 0.8
Inside /storage/local/data1/condor/execute/dir_26032:
CMSSW_10_2_13
CMSSW_10_2_13.tgz
_condor_stderr
_condor_stdout
card_rhalphabet_all_2016_floatZ.root
condor_exec.exe
docker_stderror
goodbase_0.root
goodness_KS_card_rhalphabet_all_2016_floatZ.C
goodness_KS_card_rhalphabet_all_2016_floatZ.pdf
goodtoys_0.root
runjob.sh
tmp
var
x509up_u51467
DELETING...
CMSSW_10_2_13.tgz
_condor_stderr
_condor_stdout
card_rhalphabet_all_2016_floatZ.root
condor_exec.exe
docker_stderror
goodbase_0.root
goodtoys_0.root
runjob.sh
tmp
var
x509up_u51467
Wed Sep 25 16:08:33 UTC 2019
