000 (2718665.000.000) 08/05 03:33:56 Job submitted from host: <131.225.188.55:9618?addrs=131.225.188.55-9618&noUDP&sock=5986_7a01_3>
...
001 (2718665.000.000) 08/05 03:35:00 Job executing on host: <131.225.206.53:9618?addrs=131.225.206.53-9618&noUDP&sock=4622_e2d3_3>
...
006 (2718665.000.000) 08/05 03:35:09 Image size of job updated: 9
	9  -  MemoryUsage of job (MB)
	9436  -  ResidentSetSize of job (KB)
...
006 (2718665.000.000) 08/05 03:36:09 Image size of job updated: 207
	207  -  MemoryUsage of job (MB)
	212416  -  ResidentSetSize of job (KB)
...
006 (2718665.000.000) 08/05 03:37:10 Image size of job updated: 265
	265  -  MemoryUsage of job (MB)
	271964  -  ResidentSetSize of job (KB)
...
006 (2718665.000.000) 08/05 03:37:20 Image size of job updated: 265
	265  -  MemoryUsage of job (MB)
	272120  -  ResidentSetSize of job (KB)
...
005 (2718665.000.000) 08/05 03:37:21 Job terminated.
	(1) Normal termination (return value 0)
		Usr 0 00:01:34, Sys 0 00:00:08  -  Run Remote Usage
		Usr 0 00:00:00, Sys 0 00:00:00  -  Run Local Usage
		Usr 0 00:01:34, Sys 0 00:00:08  -  Total Remote Usage
		Usr 0 00:00:00, Sys 0 00:00:00  -  Total Local Usage
	263397  -  Run Bytes Sent By Job
	7721  -  Run Bytes Received By Job
	263397  -  Total Bytes Sent By Job
	7721  -  Total Bytes Received By Job
	Partitionable Resources :    Usage  Request Allocated 
	   Cpus                 :        0        1         1 
	   Disk (KB)            :      285        2    318325 
	   Memory (MB)          :      265     2048      2048 
...
