Sat Aug  3 05:05:53 UTC 2019
_condor_stdout
condor_exec.exe
docker_stderror
runjob.sh
tmp
var
x509up_u51467
WARNING: In non-interactive mode release checks e.g. deprecated releases, production architectures are disabled.
Cloning into 'ZPrimePlusJet'...
Execute with git status/log:
# On branch PerBinEff
nothing to commit (use -u to show untracked files)
commit 74b43e3a0a89bbbfcbbd50f58f3fbeb2d6aa908b
Author: Martin <ka_hei_martin_kwok@brown.edu>
Date:   Sat Aug 3 00:00:34 2019 -0500

    update 2016 QCD samples
Error in <TUnixSystem::FindDynamicLibrary>: /storage/local/data1/condor/execute/dir_465/CMSSW_8_1_0/lib/slc6_amd64_gcc530/libHiggsAnalysisCombinedLimit.so does not exist in /storage/local/data1/condor/execute/dir_465/CMSSW_8_1_0/src/ZPrimePlusJet/lib:/storage/local/data1/condor/execute/dir_465/CMSSW_8_1_0/biglib/slc6_amd64_gcc530:/storage/local/data1/condor/execute/dir_465/CMSSW_8_1_0/lib/slc6_amd64_gcc530:/storage/local/data1/condor/execute/dir_465/CMSSW_8_1_0/external/slc6_amd64_gcc530/lib:/cvmfs/cms.cern.ch/slc6_amd64_gcc530/cms/cmssw/CMSSW_8_1_0/biglib/slc6_amd64_gcc530:/cvmfs/cms.cern.ch/slc6_amd64_gcc530/cms/cmssw/CMSSW_8_1_0/lib/slc6_amd64_gcc530:/cvmfs/cms.cern.ch/slc6_amd64_gcc530/cms/cmssw/CMSSW_8_1_0/external/slc6_amd64_gcc530/lib:/cvmfs/cms.cern.ch/slc6_amd64_gcc530/external/llvm/3.8.0-giojec4/lib64:/cvmfs/cms.cern.ch/slc6_amd64_gcc530/external/gcc/5.3.0/lib64:/cvmfs/cms.cern.ch/slc6_amd64_gcc530/external/gcc/5.3.0/lib:.:/cvmfs/cms.cern.ch/slc6_amd64_gcc530/lcg/root/6.06.08-giojec3/lib:/lib64/tls/x86_64:/lib64/tls:/lib64/x86_64:/lib64:/usr/lib64/tls/x86_64:/usr/lib64/tls:/usr/lib64/x86_64:/usr/lib64
TH2F::Sumw2:0: RuntimeWarning: Sum of squares of weights structure already created
TH2F::Sumw2:0: RuntimeWarning: Sum of squares of weights structure already created
TH2F::Sumw2:0: RuntimeWarning: Sum of squares of weights structure already created
TH2F::Sumw2:0: RuntimeWarning: Sum of squares of weights structure already created
TH2F::Sumw2:0: RuntimeWarning: Sum of squares of weights structure already created
TH2F::Sumw2:0: RuntimeWarning: Sum of squares of weights structure already created
Error in <TTree::SetBranchStatus>: unknown branch -> puWeight_down
Error in <TTree::SetBranchStatus>: unknown branch -> puWeight_up
Error in <TTree::SetBranchStatus>: unknown branch -> AK8Puppijet0_deepdoubleb
Error in <TTree::SetBranchStatus>: unknown branch -> AK8Puppijet0_deepdoubleb_nomasssculptpen
Error in <TTree::SetBranchStatus>: unknown branch -> kfactorEWK
Error in <TTree::SetBranchStatus>: unknown branch -> kfactorQCD
Error in <TTree::SetBranchStatus>: unknown branch -> AK4Puppijet0_deepcsvb
Error in <TTree::SetBranchStatus>: unknown branch -> AK4Puppijet1_deepcsvb
Error in <TTree::SetBranchStatus>: unknown branch -> AK4Puppijet0_deepcsvbb
Error in <TTree::SetBranchStatus>: unknown branch -> AK4Puppijet1_deepcsvbb
Error in <TTree::SetBranchStatus>: unknown branch -> AK4Puppijet2_deepcsvb
Error in <TTree::SetBranchStatus>: unknown branch -> AK4Puppijet3_deepcsvb
Error in <TTree::SetBranchStatus>: unknown branch -> AK4Puppijet2_deepcsvbb
Error in <TTree::SetBranchStatus>: unknown branch -> AK4Puppijet3_deepcsvbb
Error in <TChain::SetBranchAddress>: unknown branch -> puWeight_down
Error in <TChain::SetBranchAddress>: unknown branch -> puWeight_up
Error in <TChain::SetBranchAddress>: unknown branch -> AK8Puppijet0_deepdoubleb
Error in <TChain::SetBranchAddress>: unknown branch -> AK8Puppijet0_deepdoubleb_nomasssculptpen
Error in <TChain::SetBranchAddress>: unknown branch -> kfactorEWK
Error in <TChain::SetBranchAddress>: unknown branch -> kfactorQCD
Error in <TChain::SetBranchAddress>: unknown branch -> AK4Puppijet0_deepcsvb
Error in <TChain::SetBranchAddress>: unknown branch -> AK4Puppijet1_deepcsvb
Error in <TChain::SetBranchAddress>: unknown branch -> AK4Puppijet0_deepcsvbb
Error in <TChain::SetBranchAddress>: unknown branch -> AK4Puppijet1_deepcsvbb
Error in <TChain::SetBranchAddress>: unknown branch -> AK4Puppijet2_deepcsvb
Error in <TChain::SetBranchAddress>: unknown branch -> AK4Puppijet3_deepcsvb
Error in <TChain::SetBranchAddress>: unknown branch -> AK4Puppijet2_deepcsvbb
Error in <TChain::SetBranchAddress>: unknown branch -> AK4Puppijet3_deepcsvbb
TH2F::Sumw2:0: RuntimeWarning: Sum of squares of weights structure already created
TH2F::Sumw2:0: RuntimeWarning: Sum of squares of weights structure already created
TH2F::Sumw2:0: RuntimeWarning: Sum of squares of weights structure already created
TH2F::Sumw2:0: RuntimeWarning: Sum of squares of weights structure already created
TH2F::Sumw2:0: RuntimeWarning: Sum of squares of weights structure already created
TH2F::Sumw2:0: RuntimeWarning: Sum of squares of weights structure already created
Error in <TTree::SetBranchStatus>: unknown branch -> puWeight_down
Error in <TTree::SetBranchStatus>: unknown branch -> puWeight_up
Error in <TTree::SetBranchStatus>: unknown branch -> AK8Puppijet0_deepdoubleb
Error in <TTree::SetBranchStatus>: unknown branch -> AK8Puppijet0_deepdoubleb_nomasssculptpen
Error in <TTree::SetBranchStatus>: unknown branch -> kfactorEWK
Error in <TTree::SetBranchStatus>: unknown branch -> kfactorQCD
Error in <TTree::SetBranchStatus>: unknown branch -> AK4Puppijet0_deepcsvb
Error in <TTree::SetBranchStatus>: unknown branch -> AK4Puppijet1_deepcsvb
Error in <TTree::SetBranchStatus>: unknown branch -> AK4Puppijet0_deepcsvbb
Error in <TTree::SetBranchStatus>: unknown branch -> AK4Puppijet1_deepcsvbb
Error in <TTree::SetBranchStatus>: unknown branch -> AK4Puppijet2_deepcsvb
Error in <TTree::SetBranchStatus>: unknown branch -> AK4Puppijet3_deepcsvb
Error in <TTree::SetBranchStatus>: unknown branch -> AK4Puppijet2_deepcsvbb
Error in <TTree::SetBranchStatus>: unknown branch -> AK4Puppijet3_deepcsvbb
Error in <TChain::SetBranchAddress>: unknown branch -> puWeight_down
Error in <TChain::SetBranchAddress>: unknown branch -> puWeight_up
Error in <TChain::SetBranchAddress>: unknown branch -> AK8Puppijet0_deepdoubleb
Error in <TChain::SetBranchAddress>: unknown branch -> AK8Puppijet0_deepdoubleb_nomasssculptpen
Error in <TChain::SetBranchAddress>: unknown branch -> kfactorEWK
Error in <TChain::SetBranchAddress>: unknown branch -> kfactorQCD
Error in <TChain::SetBranchAddress>: unknown branch -> AK4Puppijet0_deepcsvb
Error in <TChain::SetBranchAddress>: unknown branch -> AK4Puppijet1_deepcsvb
Error in <TChain::SetBranchAddress>: unknown branch -> AK4Puppijet0_deepcsvbb
Error in <TChain::SetBranchAddress>: unknown branch -> AK4Puppijet1_deepcsvbb
Error in <TChain::SetBranchAddress>: unknown branch -> AK4Puppijet2_deepcsvb
Error in <TChain::SetBranchAddress>: unknown branch -> AK4Puppijet3_deepcsvb
Error in <TChain::SetBranchAddress>: unknown branch -> AK4Puppijet2_deepcsvbb
Error in <TChain::SetBranchAddress>: unknown branch -> AK4Puppijet3_deepcsvbb
TH2F::Sumw2:0: RuntimeWarning: Sum of squares of weights structure already created
TH2F::Sumw2:0: RuntimeWarning: Sum of squares of weights structure already created
TH2F::Sumw2:0: RuntimeWarning: Sum of squares of weights structure already created
TH2F::Sumw2:0: RuntimeWarning: Sum of squares of weights structure already created
TH2F::Sumw2:0: RuntimeWarning: Sum of squares of weights structure already created
TH2F::Sumw2:0: RuntimeWarning: Sum of squares of weights structure already created
Error in <TTree::SetBranchStatus>: unknown branch -> puWeight_down
Error in <TTree::SetBranchStatus>: unknown branch -> puWeight_up
Error in <TTree::SetBranchStatus>: unknown branch -> AK8Puppijet0_deepdoubleb
Error in <TTree::SetBranchStatus>: unknown branch -> AK8Puppijet0_deepdoubleb_nomasssculptpen
Error in <TTree::SetBranchStatus>: unknown branch -> kfactorEWK
Error in <TTree::SetBranchStatus>: unknown branch -> kfactorQCD
Error in <TTree::SetBranchStatus>: unknown branch -> AK4Puppijet0_deepcsvb
Error in <TTree::SetBranchStatus>: unknown branch -> AK4Puppijet1_deepcsvb
Error in <TTree::SetBranchStatus>: unknown branch -> AK4Puppijet0_deepcsvbb
Error in <TTree::SetBranchStatus>: unknown branch -> AK4Puppijet1_deepcsvbb
Error in <TTree::SetBranchStatus>: unknown branch -> AK4Puppijet2_deepcsvb
Error in <TTree::SetBranchStatus>: unknown branch -> AK4Puppijet3_deepcsvb
Error in <TTree::SetBranchStatus>: unknown branch -> AK4Puppijet2_deepcsvbb
Error in <TTree::SetBranchStatus>: unknown branch -> AK4Puppijet3_deepcsvbb
Error in <TChain::SetBranchAddress>: unknown branch -> puWeight_down
Error in <TChain::SetBranchAddress>: unknown branch -> puWeight_up
Error in <TChain::SetBranchAddress>: unknown branch -> AK8Puppijet0_deepdoubleb
Error in <TChain::SetBranchAddress>: unknown branch -> AK8Puppijet0_deepdoubleb_nomasssculptpen
Error in <TChain::SetBranchAddress>: unknown branch -> kfactorEWK
Error in <TChain::SetBranchAddress>: unknown branch -> kfactorQCD
Error in <TChain::SetBranchAddress>: unknown branch -> AK4Puppijet0_deepcsvb
Error in <TChain::SetBranchAddress>: unknown branch -> AK4Puppijet1_deepcsvb
Error in <TChain::SetBranchAddress>: unknown branch -> AK4Puppijet0_deepcsvbb
Error in <TChain::SetBranchAddress>: unknown branch -> AK4Puppijet1_deepcsvbb
Error in <TChain::SetBranchAddress>: unknown branch -> AK4Puppijet2_deepcsvb
Error in <TChain::SetBranchAddress>: unknown branch -> AK4Puppijet3_deepcsvb
Error in <TChain::SetBranchAddress>: unknown branch -> AK4Puppijet2_deepcsvbb
Error in <TChain::SetBranchAddress>: unknown branch -> AK4Puppijet3_deepcsvbb
Selecting doubleB pass/fail plots for this region   =  topR6_N2
N plots = 22 
plots =   ['h_msd_v_pt_ak8_topR6_N2_pass', 'h_msd_v_pt_ak8_topR6_N2_pass_JESUp', 'h_msd_v_pt_ak8_topR6_N2_pass_JESDown', 'h_msd_v_pt_ak8_topR6_N2_pass_JERUp', 'h_msd_v_pt_ak8_topR6_N2_pass_JERDown', 'h_msd_v_pt_ak8_topR6_N2_pass_triggerUp', 'h_msd_v_pt_ak8_topR6_N2_pass_triggerDown', 'h_msd_v_pt_ak8_topR6_N2_pass_PuUp', 'h_msd_v_pt_ak8_topR6_N2_pass_PuDown', 'h_msd_v_pt_ak8_topR6_N2_pass_matched', 'h_msd_v_pt_ak8_topR6_N2_pass_unmatched', 'h_msd_v_pt_ak8_topR6_N2_fail', 'h_msd_v_pt_ak8_topR6_N2_fail_JESUp', 'h_msd_v_pt_ak8_topR6_N2_fail_JESDown', 'h_msd_v_pt_ak8_topR6_N2_fail_JERUp', 'h_msd_v_pt_ak8_topR6_N2_fail_JERDown', 'h_msd_v_pt_ak8_topR6_N2_fail_triggerUp', 'h_msd_v_pt_ak8_topR6_N2_fail_triggerDown', 'h_msd_v_pt_ak8_topR6_N2_fail_PuUp', 'h_msd_v_pt_ak8_topR6_N2_fail_PuDown', 'h_msd_v_pt_ak8_topR6_N2_fail_matched', 'h_msd_v_pt_ak8_topR6_N2_fail_unmatched']
Signals... 
constructing with tree name =  otree
Using triggerEff file =  $ZPRIMEPLUSJET_BASE/analysis/ggH/RUNTriggerEfficiencies_SingleMuon_Run2016_V2p1_v03.root
Using SF {'shift_SF_ERR': 0.012, 'smear_SF': 1.084, 'smear_SF_ERR': 0.0905, 'shift_SF': 1.001, 'V_SF_ERR': 0.043, 'BB_SF': 1.0, 'V_SF': 0.993, 'BB_SF_ERR': 0.3}
[40.0, 47.0, 54.0, 61.0, 68.0, 75.0, 82.0, 89.0, 96.0, 103.0, 110.0, 117.0, 124.0, 131.0, 138.0, 145.0, 152.0, 159.0, 166.0, 173.0, 180.0, 187.0, 194.0, 201.0]

***********************************************************************************************************************************
hqq125
*********************************************************************************************************************************** 

134437
Using weights directly from analysis/ggH/puWeights_All.root to reweight MC pu 134437  total events
0  iSplit
500  maxSplit
0  min event
268  max event
268  nentPerJob
load tree 0
get entry 0
<ROOT.TNetXNGFile object ("root://cmseos.fnal.gov//eos/uscms/store/user/lpchbb/zprimebits-v12.05/GluGluHToBB_M125_13TeV_powheg_pythia8_CKKW_1000pb_weighted.root") at 0x4f5afa0>
0


constructing with tree name =  otree
Using triggerEff file =  $ZPRIMEPLUSJET_BASE/analysis/ggH/RUNTriggerEfficiencies_SingleMuon_Run2016_V2p1_v03.root
Using SF {'shift_SF_ERR': 0.012, 'smear_SF': 1.084, 'smear_SF_ERR': 0.0905, 'shift_SF': 1.001, 'V_SF_ERR': 0.043, 'BB_SF': 1.0, 'V_SF': 0.993, 'BB_SF_ERR': 0.3}
[40.0, 47.0, 54.0, 61.0, 68.0, 75.0, 82.0, 89.0, 96.0, 103.0, 110.0, 117.0, 124.0, 131.0, 138.0, 145.0, 152.0, 159.0, 166.0, 173.0, 180.0, 187.0, 194.0, 201.0]

***********************************************************************************************************************************
tthqq125
*********************************************************************************************************************************** 

1405379
Using weights directly from analysis/ggH/puWeights_All.root to reweight MC pu 1405379  total events
0  iSplit
500  maxSplit
0  min event
2810  max event
2810  nentPerJob
load tree 0
get entry 0
<ROOT.TNetXNGFile object ("root://cmseos.fnal.gov//eos/uscms/store/user/lpchbb/zprimebits-v12.04/cvernier/ttHTobb_M125_13TeV_powheg_pythia8_1000pb_weighted.root") at 0x68a4bc0>
0


constructing with tree name =  otree
Using triggerEff file =  $ZPRIMEPLUSJET_BASE/analysis/ggH/RUNTriggerEfficiencies_SingleMuon_Run2016_V2p1_v03.root
Using SF {'shift_SF_ERR': 0.012, 'smear_SF': 1.084, 'smear_SF_ERR': 0.0905, 'shift_SF': 1.001, 'V_SF_ERR': 0.043, 'BB_SF': 1.0, 'V_SF': 0.993, 'BB_SF_ERR': 0.3}
[40.0, 47.0, 54.0, 61.0, 68.0, 75.0, 82.0, 89.0, 96.0, 103.0, 110.0, 117.0, 124.0, 131.0, 138.0, 145.0, 152.0, 159.0, 166.0, 173.0, 180.0, 187.0, 194.0, 201.0]

***********************************************************************************************************************************
vbfhqq125
*********************************************************************************************************************************** 

231792
Using weights directly from analysis/ggH/puWeights_All.root to reweight MC pu 231792  total events
0  iSplit
500  maxSpTH2F::Sumw2:0: RuntimeWarning: Sum of squares of weights structure already created
TH2F::Sumw2:0: RuntimeWarning: Sum of squares of weights structure already created
TH2F::Sumw2:0: RuntimeWarning: Sum of squares of weights structure already created
TH2F::Sumw2:0: RuntimeWarning: Sum of squares of weights structure already created
TH2F::Sumw2:0: RuntimeWarning: Sum of squares of weights structure already created
TH2F::Sumw2:0: RuntimeWarning: Sum of squares of weights structure already created
Error in <TTree::SetBranchStatus>: unknown branch -> puWeight_down
Error in <TTree::SetBranchStatus>: unknown branch -> puWeight_up
Error in <TTree::SetBranchStatus>: unknown branch -> AK8Puppijet0_deepdoubleb
Error in <TTree::SetBranchStatus>: unknown branch -> AK8Puppijet0_deepdoubleb_nomasssculptpen
Error in <TTree::SetBranchStatus>: unknown branch -> kfactorEWK
Error in <TTree::SetBranchStatus>: unknown branch -> kfactorQCD
Error in <TTree::SetBranchStatus>: unknown branch -> AK4Puppijet0_deepcsvb
Error in <TTree::SetBranchStatus>: unknown branch -> AK4Puppijet1_deepcsvb
Error in <TTree::SetBranchStatus>: unknown branch -> AK4Puppijet0_deepcsvbb
Error in <TTree::SetBranchStatus>: unknown branch -> AK4Puppijet1_deepcsvbb
Error in <TTree::SetBranchStatus>: unknown branch -> AK4Puppijet2_deepcsvb
Error in <TTree::SetBranchStatus>: unknown branch -> AK4Puppijet3_deepcsvb
Error in <TTree::SetBranchStatus>: unknown branch -> AK4Puppijet2_deepcsvbb
Error in <TTree::SetBranchStatus>: unknown branch -> AK4Puppijet3_deepcsvbb
Error in <TChain::SetBranchAddress>: unknown branch -> puWeight_down
Error in <TChain::SetBranchAddress>: unknown branch -> puWeight_up
Error in <TChain::SetBranchAddress>: unknown branch -> AK8Puppijet0_deepdoubleb
Error in <TChain::SetBranchAddress>: unknown branch -> AK8Puppijet0_deepdoubleb_nomasssculptpen
Error in <TChain::SetBranchAddress>: unknown branch -> kfactorEWK
Error in <TChain::SetBranchAddress>: unknown branch -> kfactorQCD
Error in <TChain::SetBranchAddress>: unknown branch -> AK4Puppijet0_deepcsvb
Error in <TChain::SetBranchAddress>: unknown branch -> AK4Puppijet1_deepcsvb
Error in <TChain::SetBranchAddress>: unknown branch -> AK4Puppijet0_deepcsvbb
Error in <TChain::SetBranchAddress>: unknown branch -> AK4Puppijet1_deepcsvbb
Error in <TChain::SetBranchAddress>: unknown branch -> AK4Puppijet2_deepcsvb
Error in <TChain::SetBranchAddress>: unknown branch -> AK4Puppijet3_deepcsvb
Error in <TChain::SetBranchAddress>: unknown branch -> AK4Puppijet2_deepcsvbb
Error in <TChain::SetBranchAddress>: unknown branch -> AK4Puppijet3_deepcsvbb
Error in <TTree::SetBranchStatus>: unknown branch -> puWeight_down
Error in <TTree::SetBranchStatus>: unknown branch -> puWeight_up
Error in <TTree::SetBranchStatus>: unknown branch -> AK8Puppijet0_deepdoubleb
Error in <TTree::SetBranchStatus>: unknown branch -> AK8Puppijet0_deepdoubleb_nomasssculptpen
Error in <TTree::SetBranchStatus>: unknown branch -> kfactorEWK
Error in <TTree::SetBranchStatus>: unknown branch -> kfactorQCD
Error in <TTree::SetBranchStatus>: unknown branch -> AK4Puppijet0_deepcsvb
Error in <TTree::SetBranchStatus>: unknown branch -> AK4Puppijet1_deepcsvb
Error in <TTree::SetBranchStatus>: unknown branch -> AK4Puppijet0_deepcsvbb
Error in <TTree::SetBranchStatus>: unknown branch -> AK4Puppijet1_deepcsvbb
Error in <TTree::SetBranchStatus>: unknown branch -> AK4Puppijet2_deepcsvb
Error in <TTree::SetBranchStatus>: unknown branch -> AK4Puppijet3_deepcsvb
Error in <TTree::SetBranchStatus>: unknown branch -> AK4Puppijet2_deepcsvbb
Error in <TTree::SetBranchStatus>: unknown branch -> AK4Puppijet3_deepcsvbb
Error in <TTree::SetBranchStatus>: unknown branch -> puWeight_down
Error in <TTree::SetBranchStatus>: unknown branch -> puWeight_up
Error in <TTree::SetBranchStatus>: unknown branch -> AK8Puppijet0_deepdoubleb
Error in <TTree::SetBranchStatus>: unknown branch -> AK8Puppijet0_deepdoubleb_nomasssculptpen
Error in <TTree::SetBranchStatus>: unknown branch -> kfactorEWK
Error in <TTree::SetBranchStatus>: unknown branch -> kfactorQCD
Error in <TTree::SetBranchStatus>: unknown branch -> AK4Puppijet0_deepcsvb
Error in <TTree::SetBranchStatus>: unknown branch -> AK4Puppijet1_deepcsvb
Error in <TTree::SetBranchStatus>: unknown branch -> AK4Puppijet0_deepcsvbb
Error in <TTree::SetBranchStatus>: unknown branch -> AK4Puppijet1_deepcsvbb
Error in <TTree::SetBranchStatus>: unknown branch -> AK4Puppijet2_deepcsvb
Error in <TTree::SetBranchStatus>: unknown branch -> AK4Puppijet3_deepcsvb
Error in <TTree::SetBranchStatus>: unknown branch -> AK4Puppijet2_deepcsvbb
Error in <TTree::SetBranchStatus>: unknown branch -> AK4Puppijet3_deepcsvbb
TH2F::Sumw2:0: RuntimeWarning: Sum of squares of weights structure already created
TH2F::Sumw2:0: RuntimeWarning: Sum of squares of weights structure already created
TH2F::Sumw2:0: RuntimeWarning: Sum of squares of weights structure already created
TH2F::Sumw2:0: RuntimeWarning: Sum of squares of weights structure already created
TH2F::Sumw2:0: RuntimeWarning: Sum of squares of weights structure already created
TH2F::Sumw2:0: RuntimeWarning: Sum of squares of weights structure already created
Error in <TTree::SetBranchStatus>: unknown branch -> puWeight_down
Error in <TTree::SetBranchStatus>: unknown branch -> puWeight_up
Error in <TTree::SetBranchStatus>: unknown branch -> AK8Puppijet0_deepdoubleb
Error in <TTree::SetBranchStatus>: unknown branch -> AK8Puppijet0_deepdoubleb_nomasssculptpen
Error in <TTree::SetBranchStatus>: unknown branch -> kfactorEWK
Error in <TTree::SetBranchStatus>: unknown branch -> kfactorQCD
Error in <TTree::SetBranchStatus>: unknown branch -> AK4Puppijet0_deepcsvb
Error in <TTree::SetBranchStatus>: unknown branch -> AK4Puppijet1_deepcsvb
Error in <TTree::SetBranchStatus>: unknown branch -> AK4Puppijet0_deepcsvbb
Error in <TTree::SetBranchStatus>: unknown branch -> AK4Puppijet1_deepcsvbb
Error in <TTree::SetBranchStatus>: unknown branch -> AK4Puppijet2_deepcsvb
Error in <TTree::SetBranchStatus>: unknown branch -> AK4Puppijet3_deepcsvb
Error in <TTree::SetBranchStatus>: unknown branch -> AK4Puppijet2_deepcsvbb
Error in <TTree::SetBranchStatus>: unknown branch -> AK4Puppijet3_deepcsvbb
Error in <TChain::SetBranchAddress>: unknown branch -> puWeight_down
Error in <TChain::SetBranchAddress>: unknown branch -> puWeight_up
Error in <TChain::SetBranchAddress>: unknown branch -> AK8Puppijet0_deepdoubleb
Error in <TChain::SetBranchAddress>: unknown branch -> AK8Puppijet0_deepdoubleb_nomasssculptpen
Error in <TChain::SetBranchAddress>: unknown branch -> kfactorEWK
Error in <TChain::SetBranchAddress>: unknown branch -> kfactorQCD
Error in <TChain::SetBranchAddress>: unknown branch -> AK4Puppijet0_deepcsvb
Error in <TChain::SetBranchAddress>: unknown branch -> AK4Puppijet1_deepcsvb
Error in <TChain::SetBranchAddress>: unknown branch -> AK4Puppijet0_deepcsvbb
Error in <TChain::SetBranchAddress>: unknown branch -> AK4Puppijet1_deepcsvbb
Error in <TChain::SetBranchAddress>: unknown branch -> AK4Puppijet2_deepcsvb
Error in <TChain::SetBranchAddress>: unknown branch -> AK4Puppijet3_deepcsvb
Error in <TChain::SetBranchAddress>: unknown branch -> AK4Puppijet2_deepcsvbb
Error in <TChain::SetBranchAddress>: unknown branch -> AK4Puppijet3_deepcsvbb
Error in <TTree::SetBranchStatus>: unknown branch -> puWeight_down
Error in <TTree::SetBranchStatus>: unknown branch -> puWeight_up
Error in <TTree::SetBranchStatus>: unknown branch -> AK8Puppijet0_deepdoubleb
Error in <TTree::SetBranchStatus>: unknown branch -> AK8Puppijet0_deepdoubleb_nomasssculptpen
Error in <TTree::SetBranchStatus>: unknown branch -> kfactorEWK
Error in <TTree::SetBranchStatus>: unknown branch -> kfactorQCD
Error in <TTree::SetBranchStatus>: unknown branch -> AK4Puppijet0_deepcsvb
Error in <TTree::SetBranchStatus>: unknown branch -> AK4Puppijet1_deepcsvb
Error in <TTree::SetBranchStatus>: unknown branch -> AK4Puppijet0_deepcsvbb
Error in <TTree::SetBranchStatus>: unknown branch -> AK4Puppijet1_deepcsvbb
Error in <TTree::SetBranchStatus>: unknown branch -> AK4Puppijet2_deepcsvb
Error in <TTree::SetBranchStatus>: unknown branch -> AK4Puppijet3_deepcsvb
Error in <TTree::SetBranchStatus>: unknown branch -> AK4Puppijet2_deepcsvbb
Error in <TTree::SetBranchStatus>: unknown branch -> AK4Puppijet3_deepcsvbb
Error in <TTree::SetBranchStatus>: unknown branch -> puWeight_down
Error in <TTree::SetBranchStatus>: unknown branch -> puWeight_up
Error in <TTree::SetBranchStatus>: unknown branch -> AK8Puppijet0_deepdoubleb
Error in <TTree::SetBranchStatus>: unknown branch -> AK8Puppijet0_deepdoubleb_nomasssculptpen
Error in <TTree::SetBranchStatus>: unknown branch -> kfactorEWK
Error in <TTree::SetBranchStatus>: unknown branch -> kfactorQCD
Error in <TTree::SetBranchStatus>: unknown branch -> AK4Puppijet0_deepcsvb
Error in <TTree::SetBranchStatus>: unknown branch -> AK4Puppijet1_deepcsvb
Error in <TTree::SetBranchStatus>: unknown branch -> AK4Puppijet0_deepcsvbb
Error in <TTree::SetBranchStatus>: unknown branch -> AK4Puppijet1_deepcsvbb
Error in <TTree::SetBranchStatus>: unknown branch -> AK4Puppijet2_deepcsvb
Error in <TTree::SetBranchStatus>: unknown branch -> AK4Puppijet3_deepcsvb
Error in <TTree::SetBranchStatus>: unknown branch -> AK4Puppijet2_deepcsvbb
Error in <TTree::SetBranchStatus>: unknown branch -> AK4Puppijet3_deepcsvbb
TH2F::Sumw2:0: RuntimeWarning: Sum of squares of weights structure already created
TH2F::Sumw2:0: RuntimeWarning: Sum of squares of weights structure already created
TH2F::Sumw2:0: RuntimeWarning: Sum of squares of weights structure already created
TH2F::Sumw2:0: RuntimeWarning: Sum of squares of weights structure already created
TH2F::Sumw2:0: RuntimeWarning: Sum of squares of weights structure already created
TH2F::Sumw2:0: RuntimeWarning: Sum of squares of weights structure already created
Error in <TTree::SetBranchStatus>: unknown branch -> puWeight_down
Error in <TTree::SetBranchStatus>: unknown branch -> puWeight_up
Error in <TTree::SetBranchStatus>: unknown branch -> AK8Puppijet0_deepdoubleb
Error in <TTree::SetBranchStatus>: unknown branch -> AK8Puppijet0_deepdoubleb_nomasssculptpen
Error in <TTree::SetBranchStatus>: unknown branch -> kfactorEWK
Error in <TTree::SetBranchStatus>: unknown branch -> kfactorQCD
Error in <TTree::SetBranchStatus>: unknown branch -> AK4Puppijet0_deepcsvb
Error in <TTree::SetBranchStatus>: unknown branch -> AK4Puppijet1_deepcsvb
Error in <TTree::SetBranchStatus>: unknown branch -> AK4Puppijet0_deepcsvbb
Error in <TTree::SetBranchStatus>: unknown branch -> AK4Puppijet1_deepcsvbb
Error in <TTree::SetBranchStatus>: unknown branch -> AK4Puppijet2_deepcsvb
Error in <TTree::SetBranchStatus>: unknown branch -> AK4Puppijet3_deepcsvb
Error in <TTree::SetBranchStatus>: unknown branch -> AK4Puppijet2_deepcsvbb
Error in <TTree::SetBranchStatus>: unknown branch -> AK4Puppijet3_deepcsvbb
Error in <TChain::SetBranchAddress>: unknown branch -> puWeight_down
Error in <TChain::SetBranchAddress>: unknown branch -> puWeight_up
Error in <TChain::SetBranchAddress>: unknown branch -> AK8Puppijet0_deepdoubleb
Error in <TChain::SetBranchAddress>: unknown branch -> AK8Puppijet0_deepdoubleb_nomasssculptpen
Error in <TChain::SetBranchAddress>: unknown branch -> kfactorEWK
Error in <TChain::SetBranchAddress>: unknown branch -> kfactorQCD
Error in <TChain::SetBranchAddress>: unknown branch -> AK4Puppijet0_deepcsvb
Error in <TChain::SetBranchAddress>: unknown branch -> AK4Puppijet1_deepcsvb
Error in <TChain::SetBranchAddress>: unknown branch -> AK4Puppijet0_deepcsvbb
Error in <TChain::SetBranchAddress>: unknown branch -> AK4Puppijet1_deepcsvbb
Error in <TChain::SetBranchAddress>: unknown branch -> AK4Puppijet2_deepcsvb
Error in <TChain::SetBranchAddress>: unknown branch -> AK4Puppijet3_deepcsvb
Error in <TChain::SetBranchAddress>: unknown branch -> AK4Puppijet2_deepcsvbb
Error in <TChain::SetBranchAddress>: unknown branch -> AK4Puppijet3_deepcsvbb
TH2F::Sumw2:0: RuntimeWarning: Sum of squares of weights structure already created
TH2F::Sumw2:0: RuntimeWarning: Sum of squares of weights structure already created
TH2F::Sumw2:0: RuntimeWarning: Sum of squares of weights structure already created
TH2F::Sumw2:0: RuntimeWarning: Sum of squares of weights structure already created
TH2F::Sumw2:0: RuntimeWarning: Sum of squares of weights structure already created
TH2F::Sumw2:0: RuntimeWarning: Sum of squares of weights structure already created
Error in <TTree::SetBranchStatus>: unknown branch -> puWeight_down
Error in <TTree::SetBranchStatus>: unknown branch -> puWeight_up
Error in <TTree::SetBranchStatus>: unknown branch -> AK8Puppijet0_deepdoubleb
Error in <TTree::SetBranchStatus>: unknown branch -> AK8Puppijet0_deepdoubleb_nomasssculptpen
Error in <TTree::SetBranchStatus>: unknown branch -> kfactorEWK
Error in <TTree::SetBranchStatus>: unknown branch -> kfactorQCD
Error in <TTree::SetBranchStatus>: unknown branch -> AK4Puppijet0_deepcsvb
Error in <TTree::SetBranchStatus>: unknown branch -> AK4Puppijet1_deepcsvb
Error in <TTree::SetBranchStatus>: unknown branch -> AK4Puppijet0_deepcsvbb
Error in <TTree::SetBranchStatus>: unknown branch -> AK4Puppijet1_deepcsvbb
Error in <TTree::SetBranchStatus>: unknown branch -> AK4Puppijet2_deepcsvb
Error in <TTree::SetBranchStatus>: unknown branch -> AK4Puppijet3_deepcsvb
Error in <TTree::SetBranchStatus>: unknown branch -> AK4Puppijet2_deepcsvbb
Error in <TTree::SetBranchStatus>: unknown branch -> AK4Puppijet3_deepcsvbb
Error in <TChain::SetBranchAddress>: unknown branch -> puWeight_down
Error in <TChain::SetBranchAddress>: unknown branch -> puWeight_up
Error in <TChain::SetBranchAddress>: unknown branch -> AK8Puppijet0_deepdoubleb
Error in <TChain::SetBranchAddress>: unknown branch -> AK8Puppijet0_deepdoubleb_nomasssculptpen
Error in <TChain::SetBranchAddress>: unknown branch -> kfactorEWK
Error in <TChain::SetBranchAddress>: unknown branch -> kfactorQCD
Error in <TChain::SetBranchAddress>: unknown branch -> AK4Puppijet0_deepcsvb
Error in <TChain::SetBranchAddress>: unknown branch -> AK4Puppijet1_deepcsvb
Error in <TChain::SetBranchAddress>: unknown branch -> AK4Puppijet0_deepcsvbb
Error in <TChain::SetBranchAddress>: unknown branch -> AK4Puppijet1_deepcsvbb
Error in <TChain::SetBranchAddress>: unknown branch -> AK4Puppijet2_deepcsvb
Error in <TChain::SetBranchAddress>: unknown branch -> AK4Puppijet3_deepcsvb
Error in <TChain::SetBranchAddress>: unknown branch -> AK4Puppijet2_deepcsvbb
Error in <TChain::SetBranchAddress>: unknown branch -> AK4Puppijet3_deepcsvbb
lit
0  min event
463  max event
463  nentPerJob
load tree 0
get entry 0
<ROOT.TNetXNGFile object ("root://cmseos.fnal.gov//eos/uscms/store/user/lpchbb/zprimebits-v12.04/cvernier/VBFHToBB_M_125_13TeV_powheg_pythia8_weightfix_all_1000pb_weighted.root") at 0x79c69b0>
0


constructing with tree name =  otree
Using triggerEff file =  $ZPRIMEPLUSJET_BASE/analysis/ggH/RUNTriggerEfficiencies_SingleMuon_Run2016_V2p1_v03.root
Using SF {'shift_SF_ERR': 0.012, 'smear_SF': 1.084, 'smear_SF_ERR': 0.0905, 'shift_SF': 1.001, 'V_SF_ERR': 0.043, 'BB_SF': 1.0, 'V_SF': 0.993, 'BB_SF_ERR': 0.3}
[40.0, 47.0, 54.0, 61.0, 68.0, 75.0, 82.0, 89.0, 96.0, 103.0, 110.0, 117.0, 124.0, 131.0, 138.0, 145.0, 152.0, 159.0, 166.0, 173.0, 180.0, 187.0, 194.0, 201.0]

***********************************************************************************************************************************
whqq125
*********************************************************************************************************************************** 

72338
Using weights directly from analysis/ggH/puWeights_All.root to reweight MC pu 72338  total events
0  iSplit
500  maxSplit
0  min event
144  max event
144  nentPerJob
load tree 0
get entry 0
<ROOT.TNetXNGFile object ("root://cmseos.fnal.gov//eos/uscms/store/user/lpchbb/zprimebits-v12.04/cvernier/WminusH_HToBB_WToQQ_M125_13TeV_powheg_pythia8_1000pb_weighted.root") at 0x7b529a0>
0


constructing with tree name =  otree
Using triggerEff file =  $ZPRIMEPLUSJET_BASE/analysis/ggH/RUNTriggerEfficiencies_SingleMuon_Run2016_V2p1_v03.root
Using SF {'shift_SF_ERR': 0.012, 'smear_SF': 1.084, 'smear_SF_ERR': 0.0905, 'shift_SF': 1.001, 'V_SF_ERR': 0.043, 'BB_SF': 1.0, 'V_SF': 0.993, 'BB_SF_ERR': 0.3}
[40.0, 47.0, 54.0, 61.0, 68.0, 75.0, 82.0, 89.0, 96.0, 103.0, 110.0, 117.0, 124.0, 131.0, 138.0, 145.0, 152.0, 159.0, 166.0, 173.0, 180.0, 187.0, 194.0, 201.0]

***********************************************************************************************************************************
zhqq125
*********************************************************************************************************************************** 

112132
Using weights directly from analysis/ggH/puWeights_All.root to reweight MC pu 112132  total events
0  iSplit
500  maxSplit
0  min event
224  max event
224  nentPerJob
load tree 0
get entry 0
<ROOT.TNetXNGFile object ("root://cmseos.fnal.gov//eos/uscms/store/user/lpchbb/zprimebits-v12.04/cvernier/ZH_HToBB_ZToQQ_M125_13TeV_powheg_pythia8_1000pb_weighted.root") at 0x93281a0>
0


Backgrounds...
constructing with tree name =  otree
Using triggerEff file =  $ZPRIMEPLUSJET_BASE/analysis/ggH/RUNTriggerEfficiencies_SingleMuon_Run2016_V2p1_v03.root
Using SF {'shift_SF_ERR': 0.012, 'smear_SF': 1.084, 'smear_SF_ERR': 0.0905, 'shift_SF': 1.001, 'V_SF_ERR': 0.043, 'BB_SF': 1.0, 'V_SF': 0.993, 'BB_SF_ERR': 0.3}
[40.0, 47.0, 54.0, 61.0, 68.0, 75.0, 82.0, 89.0, 96.0, 103.0, 110.0, 117.0, 124.0, 131.0, 138.0, 145.0, 152.0, 159.0, 166.0, 173.0, 180.0, 187.0, 194.0, 201.0]

***********************************************************************************************************************************
wqq
*********************************************************************************************************************************** 

1526532
Using weights directly from analysis/ggH/puWeights_All.root to reweight MC pu 1526532  total events
0  iSplit
500  maxSplit
0  min event
3053  max event
3053  nentPerJob
load tree 0
get entry 0
<ROOT.TNetXNGFile object ("root://cmseos.fnal.gov//eos/uscms/store/user/lpchbb/zprimebits-v12.04/cvernier/WJetsToQQ_HT180_13TeV_1000pb_weighted_v1204.root") at 0x9385c00>
0


constructing with tree name =  otree
Using triggerEff file =  $ZPRIMEPLUSJET_BASE/analysis/ggH/RUNTriggerEfficiencies_SingleMuon_Run2016_V2p1_v03.root
Using SF {'shift_SF_ERR': 0.012, 'smear_SF': 1.084, 'smear_SF_ERR': 0.0905, 'shift_SF': 1.001, 'V_SF_ERR': 0.043, 'BB_SF': 1.0, 'V_SF': 0.993, 'BB_SF_ERR': 0.3}
[40.0, 47.0, 54.0, 61.0, 68.0, 75.0, 82.0, 89.0, 96.0, 103.0, 110.0, 117.0, 124.0, 131.0, 138.0, 145.0, 152.0, TH2F::Sumw2:0: RuntimeWarning: Sum of squares of weights structure already created
TH2F::Sumw2:0: RuntimeWarning: Sum of squares of weights structure already created
TH2F::Sumw2:0: RuntimeWarning: Sum of squares of weights structure already created
TH2F::Sumw2:0: RuntimeWarning: Sum of squares of weights structure already created
TH2F::Sumw2:0: RuntimeWarning: Sum of squares of weights structure already created
TH2F::Sumw2:0: RuntimeWarning: Sum of squares of weights structure already created
Error in <TTree::SetBranchStatus>: unknown branch -> puWeight_down
Error in <TTree::SetBranchStatus>: unknown branch -> puWeight_up
Error in <TTree::SetBranchStatus>: unknown branch -> AK8Puppijet0_deepdoubleb
Error in <TTree::SetBranchStatus>: unknown branch -> AK8Puppijet0_deepdoubleb_nomasssculptpen
Error in <TTree::SetBranchStatus>: unknown branch -> kfactorEWK
Error in <TTree::SetBranchStatus>: unknown branch -> kfactorQCD
Error in <TTree::SetBranchStatus>: unknown branch -> AK4Puppijet0_deepcsvb
Error in <TTree::SetBranchStatus>: unknown branch -> AK4Puppijet1_deepcsvb
Error in <TTree::SetBranchStatus>: unknown branch -> AK4Puppijet0_deepcsvbb
Error in <TTree::SetBranchStatus>: unknown branch -> AK4Puppijet1_deepcsvbb
Error in <TTree::SetBranchStatus>: unknown branch -> AK4Puppijet2_deepcsvb
Error in <TTree::SetBranchStatus>: unknown branch -> AK4Puppijet3_deepcsvb
Error in <TTree::SetBranchStatus>: unknown branch -> AK4Puppijet2_deepcsvbb
Error in <TTree::SetBranchStatus>: unknown branch -> AK4Puppijet3_deepcsvbb
Error in <TChain::SetBranchAddress>: unknown branch -> puWeight_down
Error in <TChain::SetBranchAddress>: unknown branch -> puWeight_up
Error in <TChain::SetBranchAddress>: unknown branch -> AK8Puppijet0_deepdoubleb
Error in <TChain::SetBranchAddress>: unknown branch -> AK8Puppijet0_deepdoubleb_nomasssculptpen
Error in <TChain::SetBranchAddress>: unknown branch -> kfactorEWK
Error in <TChain::SetBranchAddress>: unknown branch -> kfactorQCD
Error in <TChain::SetBranchAddress>: unknown branch -> AK4Puppijet0_deepcsvb
Error in <TChain::SetBranchAddress>: unknown branch -> AK4Puppijet1_deepcsvb
Error in <TChain::SetBranchAddress>: unknown branch -> AK4Puppijet0_deepcsvbb
Error in <TChain::SetBranchAddress>: unknown branch -> AK4Puppijet1_deepcsvbb
Error in <TChain::SetBranchAddress>: unknown branch -> AK4Puppijet2_deepcsvb
Error in <TChain::SetBranchAddress>: unknown branch -> AK4Puppijet3_deepcsvb
Error in <TChain::SetBranchAddress>: unknown branch -> AK4Puppijet2_deepcsvbb
Error in <TChain::SetBranchAddress>: unknown branch -> AK4Puppijet3_deepcsvbb
Error in <TTree::SetBranchStatus>: unknown branch -> puWeight_down
Error in <TTree::SetBranchStatus>: unknown branch -> puWeight_up
Error in <TTree::SetBranchStatus>: unknown branch -> AK8Puppijet0_deepdoubleb
Error in <TTree::SetBranchStatus>: unknown branch -> AK8Puppijet0_deepdoubleb_nomasssculptpen
Error in <TTree::SetBranchStatus>: unknown branch -> kfactorEWK
Error in <TTree::SetBranchStatus>: unknown branch -> kfactorQCD
Error in <TTree::SetBranchStatus>: unknown branch -> AK4Puppijet0_deepcsvb
Error in <TTree::SetBranchStatus>: unknown branch -> AK4Puppijet1_deepcsvb
Error in <TTree::SetBranchStatus>: unknown branch -> AK4Puppijet0_deepcsvbb
Error in <TTree::SetBranchStatus>: unknown branch -> AK4Puppijet1_deepcsvbb
Error in <TTree::SetBranchStatus>: unknown branch -> AK4Puppijet2_deepcsvb
Error in <TTree::SetBranchStatus>: unknown branch -> AK4Puppijet3_deepcsvb
Error in <TTree::SetBranchStatus>: unknown branch -> AK4Puppijet2_deepcsvbb
Error in <TTree::SetBranchStatus>: unknown branch -> AK4Puppijet3_deepcsvbb
Error in <TTree::SetBranchStatus>: unknown branch -> puWeight_down
Error in <TTree::SetBranchStatus>: unknown branch -> puWeight_up
Error in <TTree::SetBranchStatus>: unknown branch -> AK8Puppijet0_deepdoubleb
Error in <TTree::SetBranchStatus>: unknown branch -> AK8Puppijet0_deepdoubleb_nomasssculptpen
Error in <TTree::SetBranchStatus>: unknown branch -> kfactorEWK
Error in <TTree::SetBranchStatus>: unknown branch -> kfactorQCD
Error in <TTree::SetBranchStatus>: unknown branch -> AK4Puppijet0_deepcsvb
Error in <TTree::SetBranchStatus>: unknown branch -> AK4Puppijet1_deepcsvb
Error in <TTree::SetBranchStatus>: unknown branch -> AK4Puppijet0_deepcsvbb
Error in <TTree::SetBranchStatus>: unknown branch -> AK4Puppijet1_deepcsvbb
Error in <TTree::SetBranchStatus>: unknown branch -> AK4Puppijet2_deepcsvb
Error in <TTree::SetBranchStatus>: unknown branch -> AK4Puppijet3_deepcsvb
Error in <TTree::SetBranchStatus>: unknown branch -> AK4Puppijet2_deepcsvbb
Error in <TTree::SetBranchStatus>: unknown branch -> AK4Puppijet3_deepcsvbb
159.0, 166.0, 173.0, 180.0, 187.0, 194.0, 201.0]

***********************************************************************************************************************************
zqq
*********************************************************************************************************************************** 

723629
Using weights directly from analysis/ggH/puWeights_All.root to reweight MC pu 723629  total events
0  iSplit
500  maxSplit
0  min event
1447  max event
1447  nentPerJob
load tree 0
get entry 0
<ROOT.TNetXNGFile object ("root://cmseos.fnal.gov//eos/uscms/store/user/lpchbb/zprimebits-v12.04/cvernier/DYJetsToQQ_HT180_13TeV_1000pb_weighted_v1204.root") at 0xa0e7ae0>
0


constructing with tree name =  otree
Using triggerEff file =  $ZPRIMEPLUSJET_BASE/analysis/ggH/RUNTriggerEfficiencies_SingleMuon_Run2016_V2p1_v03.root
Using SF {'shift_SF_ERR': 0.012, 'smear_SF': 1.084, 'smear_SF_ERR': 0.0905, 'shift_SF': 1.001, 'V_SF_ERR': 0.043, 'BB_SF': 1.0, 'V_SF': 0.993, 'BB_SF_ERR': 0.3}
[40.0, 47.0, 54.0, 61.0, 68.0, 75.0, 82.0, 89.0, 96.0, 103.0, 110.0, 117.0, 124.0, 131.0, 138.0, 145.0, 152.0, 159.0, 166.0, 173.0, 180.0, 187.0, 194.0, 201.0]

***********************************************************************************************************************************
vvqq
*********************************************************************************************************************************** 

143358
Using weights directly from analysis/ggH/puWeights_All.root to reweight MC pu 143358  total events
0  iSplit
500  maxSplit
0  min event
286  max event
286  nentPerJob
load tree 0
get entry 0
<ROOT.TNetXNGFile object ("root://cmseos.fnal.gov//eos/uscms/store/user/lpchbb/zprimebits-v12.04/cvernier/WWTo4Q_13TeV_powheg_1000pb_weighted.root") at 0xb721020>
0
[ 0.0% doneTH2F::Sumw2:0: RuntimeWarning: Sum of squares of weights structure already created
TH2F::Sumw2:0: RuntimeWarning: Sum of squares of weights structure already created
TH2F::Sumw2:0: RuntimeWarning: Sum of squares of weights structure already created
TH2F::Sumw2:0: RuntimeWarning: Sum of squares of weights structure already created
TH2F::Sumw2:0: RuntimeWarning: Sum of squares of weights structure already created
TH2F::Sumw2:0: RuntimeWarning: Sum of squares of weights structure already created
Error in <TTree::SetBranchStatus>: unknown branch -> puWeight_down
Error in <TTree::SetBranchStatus>: unknown branch -> puWeight_up
Error in <TTree::SetBranchStatus>: unknown branch -> AK8Puppijet0_deepdoubleb
Error in <TTree::SetBranchStatus>: unknown branch -> AK8Puppijet0_deepdoubleb_nomasssculptpen
Error in <TTree::SetBranchStatus>: unknown branch -> kfactorEWK
Error in <TTree::SetBranchStatus>: unknown branch -> kfactorQCD
Error in <TTree::SetBranchStatus>: unknown branch -> AK4Puppijet0_deepcsvb
Error in <TTree::SetBranchStatus>: unknown branch -> AK4Puppijet1_deepcsvb
Error in <TTree::SetBranchStatus>: unknown branch -> AK4Puppijet0_deepcsvbb
Error in <TTree::SetBranchStatus>: unknown branch -> AK4Puppijet1_deepcsvbb
Error in <TTree::SetBranchStatus>: unknown branch -> AK4Puppijet2_deepcsvb
Error in <TTree::SetBranchStatus>: unknown branch -> AK4Puppijet3_deepcsvb
Error in <TTree::SetBranchStatus>: unknown branch -> AK4Puppijet2_deepcsvbb
Error in <TTree::SetBranchStatus>: unknown branch -> AK4Puppijet3_deepcsvbb
Error in <TChain::SetBranchAddress>: unknown branch -> puWeight_down
Error in <TChain::SetBranchAddress>: unknown branch -> puWeight_up
Error in <TChain::SetBranchAddress>: unknown branch -> AK8Puppijet0_deepdoubleb
Error in <TChain::SetBranchAddress>: unknown branch -> AK8Puppijet0_deepdoubleb_nomasssculptpen
Error in <TChain::SetBranchAddress>: unknown branch -> kfactorEWK
Error in <TChain::SetBranchAddress>: unknown branch -> kfactorQCD
Error in <TChain::SetBranchAddress>: unknown branch -> AK4Puppijet0_deepcsvb
Error in <TChain::SetBranchAddress>: unknown branch -> AK4Puppijet1_deepcsvb
Error in <TChain::SetBranchAddress>: unknown branch -> AK4Puppijet0_deepcsvbb
Error in <TChain::SetBranchAddress>: unknown branch -> AK4Puppijet1_deepcsvbb
Error in <TChain::SetBranchAddress>: unknown branch -> AK4Puppijet2_deepcsvb
Error in <TChain::SetBranchAddress>: unknown branch -> AK4Puppijet3_deepcsvb
Error in <TChain::SetBranchAddress>: unknown branch -> AK4Puppijet2_deepcsvbb
Error in <TChain::SetBranchAddress>: unknown branch -> AK4Puppijet3_deepcsvbb
TH2F::Sumw2:0: RuntimeWarning: Sum of squares of weights structure already created
TH2F::Sumw2:0: RuntimeWarning: Sum of squares of weights structure already created
TH2F::Sumw2:0: RuntimeWarning: Sum of squares of weights structure already created
TH2F::Sumw2:0: RuntimeWarning: Sum of squares of weights structure already created
TH2F::Sumw2:0: RuntimeWarning: Sum of squares of weights structure already created
TH2F::Sumw2:0: RuntimeWarning: Sum of squares of weights structure already created
Error in <TTree::SetBranchStatus>: unknown branch -> puWeight_down
Error in <TTree::SetBranchStatus>: unknown branch -> puWeight_up
Error in <TTree::SetBranchStatus>: unknown branch -> AK8Puppijet0_deepdoubleb
Error in <TTree::SetBranchStatus>: unknown branch -> AK8Puppijet0_deepdoubleb_nomasssculptpen
Error in <TTree::SetBranchStatus>: unknown branch -> kfactorEWK
Error in <TTree::SetBranchStatus>: unknown branch -> kfactorQCD
Error in <TTree::SetBranchStatus>: unknown branch -> AK4Puppijet0_deepcsvb
Error in <TTree::SetBranchStatus>: unknown branch -> AK4Puppijet1_deepcsvb
Error in <TTree::SetBranchStatus>: unknown branch -> AK4Puppijet0_deepcsvbb
Error in <TTree::SetBranchStatus>: unknown branch -> AK4Puppijet1_deepcsvbb
Error in <TTree::SetBranchStatus>: unknown branch -> AK4Puppijet2_deepcsvb
Error in <TTree::SetBranchStatus>: unknown branch -> AK4Puppijet3_deepcsvb
Error in <TTree::SetBranchStatus>: unknown branch -> AK4Puppijet2_deepcsvbb
Error in <TTree::SetBranchStatus>: unknown branch -> AK4Puppijet3_deepcsvbb
Error in <TChain::SetBranchAddress>: unknown branch -> puWeight_down
Error in <TChain::SetBranchAddress>: unknown branch -> puWeight_up
Error in <TChain::SetBranchAddress>: unknown branch -> AK8Puppijet0_deepdoubleb
Error in <TChain::SetBranchAddress>: unknown branch -> AK8Puppijet0_deepdoubleb_nomasssculptpen
Error in <TChain::SetBranchAddress>: unknown branch -> kfactorEWK
Error in <TChain::SetBranchAddress>: unknown branch -> kfactorQCD
Error in <TChain::SetBranchAddress>: unknown branch -> AK4Puppijet0_deepcsvb
Error in <TChain::SetBranchAddress>: unknown branch -> AK4Puppijet1_deepcsvb
Error in <TChain::SetBranchAddress>: unknown branch -> AK4Puppijet0_deepcsvbb
Error in <TChain::SetBranchAddress>: unknown branch -> AK4Puppijet1_deepcsvbb
Error in <TChain::SetBranchAddress>: unknown branch -> AK4Puppijet2_deepcsvb
Error in <TChain::SetBranchAddress>: unknown branch -> AK4Puppijet3_deepcsvb
Error in <TChain::SetBranchAddress>: unknown branch -> AK4Puppijet2_deepcsvbb
Error in <TChain::SetBranchAddress>: unknown branch -> AK4Puppijet3_deepcsvbb
Error in <TTree::SetBranchStatus>: unknown branch -> puWeight_down
Error in <TTree::SetBranchStatus>: unknown branch -> puWeight_up
Error in <TTree::SetBranchStatus>: unknown branch -> AK8Puppijet0_deepdoubleb
Error in <TTree::SetBranchStatus>: unknown branch -> AK8Puppijet0_deepdoubleb_nomasssculptpen
Error in <TTree::SetBranchStatus>: unknown branch -> kfactorEWK
Error in <TTree::SetBranchStatus>: unknown branch -> kfactorQCD
Error in <TTree::SetBranchStatus>: unknown branch -> AK4Puppijet0_deepcsvb
Error in <TTree::SetBranchStatus>: unknown branch -> AK4Puppijet1_deepcsvb
Error in <TTree::SetBranchStatus>: unknown branch -> AK4Puppijet0_deepcsvbb
Error in <TTree::SetBranchStatus>: unknown branch -> AK4Puppijet1_deepcsvbb
Error in <TTree::SetBranchStatus>: unknown branch -> AK4Puppijet2_deepcsvb
Error in <TTree::SetBranchStatus>: unknown branch -> AK4Puppijet3_deepcsvb
Error in <TTree::SetBranchStatus>: unknown branch -> AK4Puppijet2_deepcsvbb
Error in <TTree::SetBranchStatus>: unknown branch -> AK4Puppijet3_deepcsvbb
Error in <TTree::SetBranchStatus>: unknown branch -> puWeight_down
Error in <TTree::SetBranchStatus>: unknown branch -> puWeight_up
Error in <TTree::SetBranchStatus>: unknown branch -> AK8Puppijet0_deepdoubleb
Error in <TTree::SetBranchStatus>: unknown branch -> AK8Puppijet0_deepdoubleb_nomasssculptpen
Error in <TTree::SetBranchStatus>: unknown branch -> kfactorEWK
Error in <TTree::SetBranchStatus>: unknown branch -> kfactorQCD
Error in <TTree::SetBranchStatus>: unknown branch -> AK4Puppijet0_deepcsvb
Error in <TTree::SetBranchStatus>: unknown branch -> AK4Puppijet1_deepcsvb
Error in <TTree::SetBranchStatus>: unknown branch -> AK4Puppijet0_deepcsvbb
Error in <TTree::SetBranchStatus>: unknown branch -> AK4Puppijet1_deepcsvbb
Error in <TTree::SetBranchStatus>: unknown branch -> AK4Puppijet2_deepcsvb
Error in <TTree::SetBranchStatus>: unknown branch -> AK4Puppijet3_deepcsvb
Error in <TTree::SetBranchStatus>: unknown branch -> AK4Puppijet2_deepcsvbb
Error in <TTree::SetBranchStatus>: unknown branch -> AK4Puppijet3_deepcsvbb
TH2F::Sumw2:0: RuntimeWarning: Sum of squares of weights structure already created
TH2F::Sumw2:0: RuntimeWarning: Sum of squares of weights structure already created
TH2F::Sumw2:0: RuntimeWarning: Sum of squares of weights structure already created
TH2F::Sumw2:0: RuntimeWarning: Sum of squares of weights structure already created
TH2F::Sumw2:0: RuntimeWarning: Sum of squares of weights structure already created
TH2F::Sumw2:0: RuntimeWarning: Sum of squares of weights structure already created
Error in <TTree::SetBranchStatus>: unknown branch -> puWeight_down
Error in <TTree::SetBranchStatus>: unknown branch -> puWeight_up
Error in <TTree::SetBranchStatus>: unknown branch -> AK8Puppijet0_deepdoubleb
Error in <TTree::SetBranchStatus>: unknown branch -> AK8Puppijet0_deepdoubleb_nomasssculptpen
Error in <TTree::SetBranchStatus>: unknown branch -> kfactorEWK
Error in <TTree::SetBranchStatus>: unknown branch -> kfactorQCD
Error in <TTree::SetBranchStatus>: unknown branch -> AK4Puppijet0_deepcsvb
Error in <TTree::SetBranchStatus>: unknown branch -> AK4Puppijet1_deepcsvb
Error in <TTree::SetBranchStatus>: unknown branch -> AK4Puppijet0_deepcsvbb
Error in <TTree::SetBranchStatus>: unknown branch -> AK4Puppijet1_deepcsvbb
Error in <TTree::SetBranchStatus>: unknown branch -> AK4Puppijet2_deepcsvb
Error in <TTree::SetBranchStatus>: unknown branch -> AK4Puppijet3_deepcsvb
Error in <TTree::SetBranchStatus>: unknown branch -> AK4Puppijet2_deepcsvbb
Error in <TTree::SetBranchStatus>: unknown branch -> AK4Puppijet3_deepcsvbb
Error in <TChain::SetBranchAddress>: unknown branch -> puWeight_down
Error in <TChain::SetBranchAddress>: unknown branch -> puWeight_up
Error in <TChain::SetBranchAddress>: unknown branch -> AK8Puppijet0_deepdoubleb
Error in <TChain::SetBranchAddress>: unknown branch -> AK8Puppijet0_deepdoubleb_nomasssculptpen
Error in <TChain::SetBranchAddress>: unknown branch -> kfactorEWK
Error in <TChain::SetBranchAddress>: unknown branch -> kfactorQCD
Error in <TChain::SetBranchAddress>: unknown branch -> AK4Puppijet0_deepcsvb
Error in <TChain::SetBranchAddress>: unknown branch -> AK4Puppijet1_deepcsvb
Error in <TChain::SetBranchAddress>: unknown branch -> AK4Puppijet0_deepcsvbb
Error in <TChain::SetBranchAddress>: unknown branch -> AK4Puppijet1_deepcsvbb
Error in <TChain::SetBranchAddress>: unknown branch -> AK4Puppijet2_deepcsvb
Error in <TChain::SetBranchAddress>: unknown branch -> AK4Puppijet3_deepcsvb
Error in <TChain::SetBranchAddress>: unknown branch -> AK4Puppijet2_deepcsvbb
Error in <TChain::SetBranchAddress>: unknown branch -> AK4Puppijet3_deepcsvbb
Error in <TTree::SetBranchStatus>: unknown branch -> puWeight_down
Error in <TTree::SetBranchStatus>: unknown branch -> puWeight_up
Error in <TTree::SetBranchStatus>: unknown branch -> AK8Puppijet0_deepdoubleb
Error in <TTree::SetBranchStatus>: unknown branch -> AK8Puppijet0_deepdoubleb_nomasssculptpen
Error in <TTree::SetBranchStatus>: unknown branch -> kfactorEWK
Error in <TTree::SetBranchStatus>: unknown branch -> kfactorQCD
Error in <TTree::SetBranchStatus>: unknown branch -> AK4Puppijet0_deepcsvb
Error in <TTree::SetBranchStatus>: unknown branch -> AK4Puppijet1_deepcsvb
Error in <TTree::SetBranchStatus>: unknown branch -> AK4Puppijet0_deepcsvbb
Error in <TTree::SetBranchStatus>: unknown branch -> AK4Puppijet1_deepcsvbb
Error in <TTree::SetBranchStatus>: unknown branch -> AK4Puppijet2_deepcsvb
Error in <TTree::SetBranchStatus>: unknown branch -> AK4Puppijet3_deepcsvb
Error in <TTree::SetBranchStatus>: unknown branch -> AK4Puppijet2_deepcsvbb
Error in <TTree::SetBranchStatus>: unknown branch -> AK4Puppijet3_deepcsvbb
Error in <TTree::SetBranchStatus>: unknown branch -> puWeight_down
Error in <TTree::SetBranchStatus>: unknown branch -> puWeight_up
Error in <TTree::SetBranchStatus>: unknown branch -> AK8Puppijet0_deepdoubleb
Error in <TTree::SetBranchStatus>: unknown branch -> AK8Puppijet0_deepdoubleb_nomasssculptpen
Error in <TTree::SetBranchStatus>: unknown branch -> kfactorEWK
Error in <TTree::SetBranchStatus>: unknown branch -> kfactorQCD
Error in <TTree::SetBranchStatus>: unknown branch -> AK4Puppijet0_deepcsvb
Error in <TTree::SetBranchStatus>: unknown branch -> AK4Puppijet1_deepcsvb
Error in <TTree::SetBranchStatus>: unknown branch -> AK4Puppijet0_deepcsvbb
Error in <TTree::SetBranchStatus>: unknown branch -> AK4Puppijet1_deepcsvbb
Error in <TTree::SetBranchStatus>: unknown branch -> AK4Puppijet2_deepcsvb
Error in <TTree::SetBranchStatus>: unknown branch -> AK4Puppijet3_deepcsvb
Error in <TTree::SetBranchStatus>: unknown branch -> AK4Puppijet2_deepcsvbb
Error in <TTree::SetBranchStatus>: unknown branch -> AK4Puppijet3_deepcsvbb


constructing with tree name =  otree
Using triggerEff file =  $ZPRIMEPLUSJET_BASE/analysis/ggH/RUNTriggerEfficiencies_SingleMuon_Run2016_V2p1_v03.root
Using SF {'shift_SF_ERR': 0.012, 'smear_SF': 1.084, 'smear_SF_ERR': 0.0905, 'shift_SF': 1.001, 'V_SF_ERR': 0.043, 'BB_SF': 1.0, 'V_SF': 0.993, 'BB_SF_ERR': 0.3}
[40.0, 47.0, 54.0, 61.0, 68.0, 75.0, 82.0, 89.0, 96.0, 103.0, 110.0, 117.0, 124.0, 131.0, 138.0, 145.0, 152.0, 159.0, 166.0, 173.0, 180.0, 187.0, 194.0, 201.0]

***********************************************************************************************************************************
tqq
*********************************************************************************************************************************** 

10143457
Using weights directly from analysis/ggH/puWeights_All.root to reweight MC pu 10143457  total events
0  iSplit
500  maxSplit
0  min event
20286  max event
20286  nentPerJob
load tree 0
get entry 0
<ROOT.TNetXNGFile object ("root://cmseos.fnal.gov//eos/uscms/store/user/lpchbb/zprimebits-v12.04/cvernier/TT_powheg_1000pb_weighted_v1204.root") at 0xb7057d0>
0


constructing with tree name =  otree
Using triggerEff file =  $ZPRIMEPLUSJET_BASE/analysis/ggH/RUNTriggerEfficiencies_SingleMuon_Run2016_V2p1_v03.root
Using SF {'shift_SF_ERR': 0.012, 'smear_SF': 1.084, 'smear_SF_ERR': 0.0905, 'shift_SF': 1.001, 'V_SF_ERR': 0.043, 'BB_SF': 1.0, 'V_SF': 0.993, 'BB_SF_ERR': 0.3}
[40.0, 47.0, 54.0, 61.0, 68.0, 75.0, 82.0, 89.0, 96.0, 103.0, 110.0, 117.0, 124.0, 131.0, 138.0, 145.0, 152.0, 159.0, 166.0, 173.0, 180.0, 187.0, 194.0, 201.0]

***********************************************************************************************************************************
stqq
*********************************************************************************************************************************** 

619453
Using weights directly from analysis/ggH/puWeights_All.root to reweight MC pu 619453  total events
0  iSplit
500  maxSplit
0  min event
1238  max event
1238  nentPerJob
load tree 0
get entry 0
<ROOT.TNetXNGFile object ("root://cmseos.fnal.gov//eos/uscms/store/user/lpchbb/zprimebits-v12.04/cvernier/ST_t_channel_antitop_4f_inclusiveDecays_TuneCUETP8M2T4_13TeV_powhegV2_madspin_1000pb_weighted.root") at 0xdec61d0>
0


constructing with tree name =  otree
Using triggerEff file =  $ZPRIMEPLUSJET_BASE/analysis/ggH/RUNTriggerEfficiencies_SingleMuon_Run2016_V2p1_v03.root
Using SF {'shift_SF_ERR': 0.012, 'smear_SF': 1.084, 'smear_SF_ERR': 0.0905, 'shift_SF': 1.001, 'V_SF_ERR': 0.043, 'BB_SF': 1.0, 'V_SF': 0.993, 'BB_SF_ERR': 0.3}
[40.0, 47.0, 54.0, 61.0, 68.0, 75.0, 82.0, 89.0, 96.0, 103.0, 110.0, 117.0, 124.0, 131.0, 138.0, 145.0, 152.0, 159.0, 166.0, 173.0, 180.0, 187.0, 194.0, 201.0]

***********************************************************************************************************************************
qcd
*********************************************************************************************************************************** 

79455314
Using weights directly from analysis/ggH/puWeights_All.root to reweight MC pu 79455314  total events
0  iSplit
500  maxSplit
0  min event
158910  max event
158910  nentPerJob
load tree 0
get entry 0
<ROOT.TNetXNGFile object ("root://cmseos.fnal.gov//eos/uscms/store/user/lpchbb/zprimebits-v12.04/cvernier/QCD_HT100to200_13TeV_1000pb_weighted.root") at 0xf363100>
0
[ 0.0% doneError in <TTree::SetBranchStatus>: unknown branch -> puWeight_down
Error in <TTree::SetBranchStatus>: unknown branch -> puWeight_up
Error in <TTree::SetBranchStatus>: unknown branch -> AK8Puppijet0_deepdoubleb
Error in <TTree::SetBranchStatus>: unknown branch -> AK8Puppijet0_deepdoubleb_nomasssculptpen
Error in <TTree::SetBranchStatus>: unknown branch -> kfactorEWK
Error in <TTree::SetBranchStatus>: unknown branch -> kfactorQCD
Error in <TTree::SetBranchStatus>: unknown branch -> AK4Puppijet0_deepcsvb
Error in <TTree::SetBranchStatus>: unknown branch -> AK4Puppijet1_deepcsvb
Error in <TTree::SetBranchStatus>: unknown branch -> AK4Puppijet0_deepcsvbb
Error in <TTree::SetBranchStatus>: unknown branch -> AK4Puppijet1_deepcsvbb
Error in <TTree::SetBranchStatus>: unknown branch -> AK4Puppijet2_deepcsvb
Error in <TTree::SetBranchStatus>: unknown branch -> AK4Puppijet3_deepcsvb
Error in <TTree::SetBranchStatus>: unknown branch -> AK4Puppijet2_deepcsvbb
Error in <TTree::SetBranchStatus>: unknown branch -> AK4Puppijet3_deepcsvbb
Error in <TTree::SetBranchStatus>: unknown branch -> puWeight_down
Error in <TTree::SetBranchStatus>: unknown branch -> puWeight_up
Error in <TTree::SetBranchStatus>: unknown branch -> AK8Puppijet0_deepdoubleb
Error in <TTree::SetBranchStatus>: unknown branch -> AK8Puppijet0_deepdoubleb_nomasssculptpen
Error in <TTree::SetBranchStatus>: unknown branch -> kfactorEWK
Error in <TTree::SetBranchStatus>: unknown branch -> kfactorQCD
Error in <TTree::SetBranchStatus>: unknown branch -> AK4Puppijet0_deepcsvb
Error in <TTree::SetBranchStatus>: unknown branch -> AK4Puppijet1_deepcsvb
Error in <TTree::SetBranchStatus>: unknown branch -> AK4Puppijet0_deepcsvbb
Error in <TTree::SetBranchStatus>: unknown branch -> AK4Puppijet1_deepcsvbb
Error in <TTree::SetBranchStatus>: unknown branch -> AK4Puppijet2_deepcsvb
Error in <TTree::SetBranchStatus>: unknown branch -> AK4Puppijet3_deepcsvb
Error in <TTree::SetBranchStatus>: unknown branch -> AK4Puppijet2_deepcsvbb
Error in <TTree::SetBranchStatus>: unknown branch -> AK4Puppijet3_deepcsvbb
TH2F::Sumw2:0: RuntimeWarning: Sum of squares of weights structure already created
TH2F::Sumw2:0: RuntimeWarning: Sum of squares of weights structure already created
TH2F::Sumw2:0: RuntimeWarning: Sum of squares of weights structure already created
TH2F::Sumw2:0: RuntimeWarning: Sum of squares of weights structure already created
TH2F::Sumw2:0: RuntimeWarning: Sum of squares of weights structure already created
TH2F::Sumw2:0: RuntimeWarning: Sum of squares of weights structure already created
Error in <TTree::SetBranchStatus>: unknown branch -> puWeight_down
Error in <TTree::SetBranchStatus>: unknown branch -> puWeight_up
Error in <TTree::SetBranchStatus>: unknown branch -> AK8Puppijet0_deepdoubleb
Error in <TTree::SetBranchStatus>: unknown branch -> AK8Puppijet0_deepdoubleb_nomasssculptpen
Error in <TTree::SetBranchStatus>: unknown branch -> kfactorEWK
Error in <TTree::SetBranchStatus>: unknown branch -> kfactorQCD
Error in <TTree::SetBranchStatus>: unknown branch -> AK4Puppijet0_deepcsvb
Error in <TTree::SetBranchStatus>: unknown branch -> AK4Puppijet1_deepcsvb
Error in <TTree::SetBranchStatus>: unknown branch -> AK4Puppijet0_deepcsvbb
Error in <TTree::SetBranchStatus>: unknown branch -> AK4Puppijet1_deepcsvbb
Error in <TTree::SetBranchStatus>: unknown branch -> AK4Puppijet2_deepcsvb
Error in <TTree::SetBranchStatus>: unknown branch -> AK4Puppijet3_deepcsvb
Error in <TTree::SetBranchStatus>: unknown branch -> AK4Puppijet2_deepcsvbb
Error in <TTree::SetBranchStatus>: unknown branch -> AK4Puppijet3_deepcsvbb
Error in <TChain::SetBranchAddress>: unknown branch -> puWeight_down
Error in <TChain::SetBranchAddress>: unknown branch -> puWeight_up
Error in <TChain::SetBranchAddress>: unknown branch -> AK8Puppijet0_deepdoubleb
Error in <TChain::SetBranchAddress>: unknown branch -> AK8Puppijet0_deepdoubleb_nomasssculptpen
Error in <TChain::SetBranchAddress>: unknown branch -> kfactorEWK
Error in <TChain::SetBranchAddress>: unknown branch -> kfactorQCD
Error in <TChain::SetBranchAddress>: unknown branch -> AK4Puppijet0_deepcsvb
Error in <TChain::SetBranchAddress>: unknown branch -> AK4Puppijet1_deepcsvb
Error in <TChain::SetBranchAddress>: unknown branch -> AK4Puppijet0_deepcsvbb
Error in <TChain::SetBranchAddress>: unknown branch -> AK4Puppijet1_deepcsvbb
Error in <TChain::SetBranchAddress>: unknown branch -> AK4Puppijet2_deepcsvb
Error in <TChain::SetBranchAddress>: unknown branch -> AK4Puppijet3_deepcsvb
Error in <TChain::SetBranchAddress>: unknown branch -> AK4Puppijet2_deepcsvbb
Error in <TChain::SetBranchAddress>: unknown branch -> AK4Puppijet3_deepcsvbb


constructing with tree name =  otree
Using triggerEff file =  $ZPRIMEPLUSJET_BASE/analysis/ggH/RUNTriggerEfficiencies_SingleMuon_Run2016_V2p1_v03.root
Using SF {'shift_SF_ERR': 0.012, 'smear_SF': 1.084, 'smear_SF_ERR': 0.0905, 'shift_SF': 1.001, 'V_SF_ERR': 0.043, 'BB_SF': 1.0, 'V_SF': 0.993, 'BB_SF_ERR': 0.3}
[40.0, 47.0, 54.0, 61.0, 68.0, 75.0, 82.0, 89.0, 96.0, 103.0, 110.0, 117.0, 124.0, 131.0, 138.0, 145.0, 152.0, 159.0, 166.0, 173.0, 180.0, 187.0, 194.0, 201.0]

***********************************************************************************************************************************
zll
*********************************************************************************************************************************** 

116515
Using weights directly from analysis/ggH/puWeights_All.root to reweight MC pu 116515  total events
0  iSplit
500  maxSplit
0  min event
233  max event
233  nentPerJob
load tree 0
get entry 0
<ROOT.TNetXNGFile object ("root://cmseos.fnal.gov//eos/uscms/store/user/lpchbb/zprimebits-v12.04/cvernier/DYJetsToLL_M_50_13TeV_ext_1000pb_weighted.root") at 0xf2eef40>
0
[ 0.0% doneTH2F::Sumw2:0: RuntimeWarning: Sum of squares of weights structure already created
TH2F::Sumw2:0: RuntimeWarning: Sum of squares of weights structure already created
TH2F::Sumw2:0: RuntimeWarning: Sum of squares of weights structure already created
TH2F::Sumw2:0: RuntimeWarning: Sum of squares of weights structure already created
TH2F::Sumw2:0: RuntimeWarning: Sum of squares of weights structure already created
TH2F::Sumw2:0: RuntimeWarning: Sum of squares of weights structure already created
Error in <TTree::SetBranchStatus>: unknown branch -> puWeight_down
Error in <TTree::SetBranchStatus>: unknown branch -> puWeight_up
Error in <TTree::SetBranchStatus>: unknown branch -> AK8Puppijet0_deepdoubleb
Error in <TTree::SetBranchStatus>: unknown branch -> AK8Puppijet0_deepdoubleb_nomasssculptpen
Error in <TTree::SetBranchStatus>: unknown branch -> kfactorEWK
Error in <TTree::SetBranchStatus>: unknown branch -> kfactorQCD
Error in <TTree::SetBranchStatus>: unknown branch -> AK4Puppijet0_deepcsvb
Error in <TTree::SetBranchStatus>: unknown branch -> AK4Puppijet1_deepcsvb
Error in <TTree::SetBranchStatus>: unknown branch -> AK4Puppijet0_deepcsvbb
Error in <TTree::SetBranchStatus>: unknown branch -> AK4Puppijet1_deepcsvbb
Error in <TTree::SetBranchStatus>: unknown branch -> AK4Puppijet2_deepcsvb
Error in <TTree::SetBranchStatus>: unknown branch -> AK4Puppijet3_deepcsvb
Error in <TTree::SetBranchStatus>: unknown branch -> AK4Puppijet2_deepcsvbb
Error in <TTree::SetBranchStatus>: unknown branch -> AK4Puppijet3_deepcsvbb
Error in <TChain::SetBranchAddress>: unknown branch -> puWeight_down
Error in <TChain::SetBranchAddress>: unknown branch -> puWeight_up
Error in <TChain::SetBranchAddress>: unknown branch -> AK8Puppijet0_deepdoubleb
Error in <TChain::SetBranchAddress>: unknown branch -> AK8Puppijet0_deepdoubleb_nomasssculptpen
Error in <TChain::SetBranchAddress>: unknown branch -> kfactorEWK
Error in <TChain::SetBranchAddress>: unknown branch -> kfactorQCD
Error in <TChain::SetBranchAddress>: unknown branch -> AK4Puppijet0_deepcsvb
Error in <TChain::SetBranchAddress>: unknown branch -> AK4Puppijet1_deepcsvb
Error in <TChain::SetBranchAddress>: unknown branch -> AK4Puppijet0_deepcsvbb
Error in <TChain::SetBranchAddress>: unknown branch -> AK4Puppijet1_deepcsvbb
Error in <TChain::SetBranchAddress>: unknown branch -> AK4Puppijet2_deepcsvb
Error in <TChain::SetBranchAddress>: unknown branch -> AK4Puppijet3_deepcsvb
Error in <TChain::SetBranchAddress>: unknown branch -> AK4Puppijet2_deepcsvbb
Error in <TChain::SetBranchAddress>: unknown branch -> AK4Puppijet3_deepcsvbb
Error in <TTree::SetBranchStatus>: unknown branch -> puWeight_down
Error in <TTree::SetBranchStatus>: unknown branch -> puWeight_up
Error in <TTree::SetBranchStatus>: unknown branch -> AK8Puppijet0_deepdoubleb
Error in <TTree::SetBranchStatus>: unknown branch -> AK8Puppijet0_deepdoubleb_nomasssculptpen
Error in <TTree::SetBranchStatus>: unknown branch -> kfactorEWK
Error in <TTree::SetBranchStatus>: unknown branch -> kfactorQCD
Error in <TTree::SetBranchStatus>: unknown branch -> AK4Puppijet0_deepcsvb
Error in <TTree::SetBranchStatus>: unknown branch -> AK4Puppijet1_deepcsvb
Error in <TTree::SetBranchStatus>: unknown branch -> AK4Puppijet0_deepcsvbb
Error in <TTree::SetBranchStatus>: unknown branch -> AK4Puppijet1_deepcsvbb
Error in <TTree::SetBranchStatus>: unknown branch -> AK4Puppijet2_deepcsvb
Error in <TTree::SetBranchStatus>: unknown branch -> AK4Puppijet3_deepcsvb
Error in <TTree::SetBranchStatus>: unknown branch -> AK4Puppijet2_deepcsvbb
Error in <TTree::SetBranchStatus>: unknown branch -> AK4Puppijet3_deepcsvbb
Error in <TTree::SetBranchStatus>: unknown branch -> puWeight_down
Error in <TTree::SetBranchStatus>: unknown branch -> puWeight_up
Error in <TTree::SetBranchStatus>: unknown branch -> AK8Puppijet0_deepdoubleb
Error in <TTree::SetBranchStatus>: unknown branch -> AK8Puppijet0_deepdoubleb_nomasssculptpen
Error in <TTree::SetBranchStatus>: unknown branch -> kfactorEWK
Error in <TTree::SetBranchStatus>: unknown branch -> kfactorQCD
Error in <TTree::SetBranchStatus>: unknown branch -> AK4Puppijet0_deepcsvb
Error in <TTree::SetBranchStatus>: unknown branch -> AK4Puppijet1_deepcsvb
Error in <TTree::SetBranchStatus>: unknown branch -> AK4Puppijet0_deepcsvbb
Error in <TTree::SetBranchStatus>: unknown branch -> AK4Puppijet1_deepcsvbb
Error in <TTree::SetBranchStatus>: unknown branch -> AK4Puppijet2_deepcsvb
Error in <TTree::SetBranchStatus>: unknown branch -> AK4Puppijet3_deepcsvb
Error in <TTree::SetBranchStatus>: unknown branch -> AK4Puppijet2_deepcsvbb
Error in <TTree::SetBranchStatus>: unknown branch -> AK4Puppijet3_deepcsvbb


Data...
constructing with tree name =  otree
Using triggerEff file =  $ZPRIMEPLUSJET_BASE/analysis/ggH/RUNTriggerEfficiencies_SingleMuon_Run2016_V2p1_v03.root
Using SF {'shift_SF_ERR': 0.012, 'smear_SF': 1.084, 'smear_SF_ERR': 0.0905, 'shift_SF': 1.001, 'V_SF_ERR': 0.043, 'BB_SF': 1.0, 'V_SF': 0.993, 'BB_SF_ERR': 0.3}
[40.0, 47.0, 54.0, 61.0, 68.0, 75.0, 82.0, 89.0, 96.0, 103.0, 110.0, 117.0, 124.0, 131.0, 138.0, 145.0, 152.0, 159.0, 166.0, 173.0, 180.0, 187.0, 194.0, 201.0]

***********************************************************************************************************************************
data_obs
*********************************************************************************************************************************** 

119059417
119059417  total events
0  iSplit
500  maxSplit
0  min event
238118  max event
238118  nentPerJob
load tree 0
get entry 0
<ROOT.TNetXNGFile object ("root://cmseos.fnal.gov//eos/uscms/store/user/lpchbb/zprimebits-v12.05/JetHTRun2016B_03Feb2017_ver2_v2_v3.root") at 0x1076ccd0>
0


All done.

 *** Break *** segmentation violation
./condor_exec.exe: line 20:    78 Segmentation fault      (core dumped) python ${CMSSW_BASE}/src/ZPrimePlusJet/fitting/PbbJet/Hbb_create.py -o ${MAINDIR}/ --i-split $1 --max-split $2 --dbtagcut 0.89 --lumi 35.9
Inside /storage/local/data1/condor/execute/dir_465:
CMSSW_8_1_0
_condor_stdout
condor_exec.exe
core.78
docker_stderror
hist_1DZbb_pt_scalesmear_0.root
runjob.sh
tmp
var
x509up_u51467
DELETING...
_condor_stdout
condor_exec.exe
docker_stderror
hist_1DZbb_pt_scalesmear_0.root
runjob.sh
tmp
var
x509up_u51467
Sat Aug  3 05:09:36 UTC 2019
