000 (2717290.000.000) 08/04 01:24:04 Job submitted from host: <131.225.188.55:9618?addrs=131.225.188.55-9618&noUDP&sock=5986_7a01_3>
...
001 (2717290.000.000) 08/04 01:24:45 Job executing on host: <131.225.204.113:9618?addrs=131.225.204.113-9618&noUDP&sock=4536_e5ae_3>
...
006 (2717290.000.000) 08/04 01:24:54 Image size of job updated: 5
	5  -  MemoryUsage of job (MB)
	5968  -  ResidentSetSize of job (KB)
...
006 (2717290.000.000) 08/04 01:25:54 Image size of job updated: 180
	180  -  MemoryUsage of job (MB)
	184832  -  ResidentSetSize of job (KB)
...
006 (2717290.000.000) 08/04 01:26:54 Image size of job updated: 263
	263  -  MemoryUsage of job (MB)
	270100  -  ResidentSetSize of job (KB)
...
006 (2717290.000.000) 08/04 01:27:55 Image size of job updated: 265
	265  -  MemoryUsage of job (MB)
	271952  -  ResidentSetSize of job (KB)
...
006 (2717290.000.000) 08/04 01:28:56 Image size of job updated: 265
	265  -  MemoryUsage of job (MB)
	272052  -  ResidentSetSize of job (KB)
...
006 (2717290.000.000) 08/04 01:29:15 Image size of job updated: 265
	265  -  MemoryUsage of job (MB)
	272076  -  ResidentSetSize of job (KB)
...
005 (2717290.000.000) 08/04 01:29:16 Job terminated.
	(1) Normal termination (return value 0)
		Usr 0 00:01:41, Sys 0 00:00:11  -  Run Remote Usage
		Usr 0 00:00:00, Sys 0 00:00:00  -  Run Local Usage
		Usr 0 00:01:41, Sys 0 00:00:11  -  Total Remote Usage
		Usr 0 00:00:00, Sys 0 00:00:00  -  Total Local Usage
	260262  -  Run Bytes Sent By Job
	7725  -  Run Bytes Received By Job
	260262  -  Total Bytes Sent By Job
	7725  -  Total Bytes Received By Job
	Partitionable Resources :    Usage  Request Allocated 
	   Cpus                 :     0.00        1         1 
	   Disk (KB)            :   282           2    315213 
	   Memory (MB)          :   265        2048      2048 
...
