Thu Sep 26 17:12:28 UTC 2019
CMSSW_10_2_13.tgz
_condor_stderr
_condor_stdout
card_rhalphabet_all_2016_floatZ.root
condor_exec.exe
docker_stderror
runjob.sh
tmp
var
x509up_u51467
Resetting caches
Done: ProjectRename
Execute with git status/log:
On branch deco
Your branch is up to date with 'origin/deco'.

nothing to commit (use -u to show untracked files)
commit 12e72f7a2b0f7e602d97c8f6c954d85c88f462de
Author: Martin <ka_hei_martin_kwok@brown.edu>
Date:   Wed Sep 25 13:13:36 2019 -0500

    Allow AD test
 <<< Combine >>> 
Will use saturated models to compute goodness of fit for a binned likelihood
>>> method used is GoodnessOfFit
>>> random number generator seed is 123456
Set Range of Parameter r To : (-20,20)
Set Default Value of Parameter r_z To : 1

 --- GoodnessOfFit --- 
Best fit test statistic: 139.234
Done in 0.20 min (cpu), 0.20 min (real)
 <<< Combine >>> 
Will use saturated models to compute goodness of fit for a binned likelihood
>>> method used is GoodnessOfFit
>>> random number generator seed is 0
Set Range of Parameter r To : (-20,20)
Set Default Value of Parameter r_z To : 1
Generate toy 1/10

 --- GoodnessOfFit --- 
Best fit test statistic: 89.0703
Done in 0.18 min (cpu), 0.18 min (real)
Generate toy 2/10

 --- GoodnessOfFit --- 
Best fit test statistic: 121.878
Done in 0.18 min (cpu), 0.18 min (real)
Generate toy 3/10

 --- GoodnessOfFit --- 
Best fit test statistic: 113.917
Done in 0.20 min (cpu), 0.20 min (real)
Generate toy 4/10

 --- GoodnessOfFit --- 
Best fit test statistic: 112.331
Done in 0.20 min (cpu), 0.21 min (real)
Generate toy 5/10

 --- GoodnessOfFit --- 
Best fit test statistic: 93.6967
Done in 0.21 min (cpu), 0.21 min (real)
Generate toy 6/10

 --- GoodnessOfFit --- 
Best fit test statistic: 119.006
Done in 0.22 min (cpu), 0.22 min (real)
Generate toy 7/10

 --- GoodnessOfFit --- 
Best fit test statistic: 106.969
Done in 0.22 min (cpu), 0.22 min (real)
Generate toy 8/10

 --- GoodnessOfFit --- 
Best fit test statistic: 103.2
Done in 0.25 min (cpu), 0.25 min (real)
Generate toy 9/10

 --- GoodnessOfFit --- 
Best fit test statistic: 103.224
Done in 0.24 min (cpu), 0.24 min (real)
Generate toy 10/10

 --- GoodnessOfFit --- 
Best fit test statistic: 128.086
Done in 0.25 min (cpu), 0.25 min (real)
mean   expected limit: r < 109.138 +/- 3.89849 @ 95%CL (10 toyMC)
median expected limit: r < 109.65 @ 95%CL (10 toyMC)
   68% expected band : 93.6967 < r < 128.086
   95% expected band : 89.0703 < r < 128.086
combine -M GoodnessOfFit /storage/local/data1/condor/execute/dir_14456/card_rhalphabet_all_2016_floatZ.root  --setParameterRange r=-20,20  --setParameters r_z=1 --algorithm saturated -n card_rhalphabet_all_2016_floatZ --freezeParameters r_z --redefineSignalPOIs r
cp higgsCombinecard_rhalphabet_all_2016_floatZ.GoodnessOfFit.mH120.root /storage/local/data1/condor/execute/dir_14456//goodbase_0.root
combine -M GoodnessOfFit /storage/local/data1/condor/execute/dir_14456/card_rhalphabet_all_2016_floatZ.root  --setParameterRange r=-20,20  --setParameters r_z=1 -s 0 -t 10 --toysFrequentist --algorithm saturated -n card_rhalphabet_all_2016_floatZ --freezeParameters r_z --redefineSignalPOIs r
cp higgsCombinecard_rhalphabet_all_2016_floatZ.GoodnessOfFit.mH120.0.root /storage/local/data1/condor/execute/dir_14456//goodtoys_0.root
GoodnessOfFit p-value 1.0
 FCN=5.05415 FROM MINOS     STATUS=SUCCESSFUL     24 CALLS         262 TOTAL
                     EDM=5.15882e-07    STRATEGY= 1      ERROR MATRIX ACCURATE 
  EXT PARAMETER                                   STEP         FIRST   
  NO.   NAME      VALUE            ERROR          SIZE      DERIVATIVE 
   1  p0           3.41734e+01   1.08066e+01  -6.14587e-06  -2.84855e-08
   2  p1           1.09788e+02   4.66457e+00   4.66457e+00  -3.25032e-12
                               ERR DEF= 0.5
Inside /storage/local/data1/condor/execute/dir_14456:
CMSSW_10_2_13
CMSSW_10_2_13.tgz
_condor_stderr
_condor_stdout
card_rhalphabet_all_2016_floatZ.root
condor_exec.exe
docker_stderror
goodbase_0.root
goodness_saturated_card_rhalphabet_all_2016_floatZ.C
goodness_saturated_card_rhalphabet_all_2016_floatZ.pdf
goodtoys_0.root
runjob.sh
tmp
var
x509up_u51467
DELETING...
CMSSW_10_2_13.tgz
_condor_stderr
_condor_stdout
card_rhalphabet_all_2016_floatZ.root
condor_exec.exe
docker_stderror
goodbase_0.root
goodtoys_0.root
runjob.sh
tmp
var
x509up_u51467
Thu Sep 26 17:15:48 UTC 2019
