000 (33269306.000.000) 09/26 12:12:10 Job submitted from host: <131.225.188.57:9618?addrs=131.225.188.57-9618&noUDP&sock=5995_a65b_3>
...
001 (33269306.000.000) 09/26 12:12:27 Job executing on host: <131.225.205.176:9618?addrs=131.225.205.176-9618&noUDP&sock=3521_b10d_3>
...
006 (33269306.000.000) 09/26 12:12:35 Image size of job updated: 19
	19  -  MemoryUsage of job (MB)
	19556  -  ResidentSetSize of job (KB)
...
006 (33269306.000.000) 09/26 12:13:35 Image size of job updated: 287
	287  -  MemoryUsage of job (MB)
	294152  -  ResidentSetSize of job (KB)
...
006 (33269306.000.000) 09/26 12:14:36 Image size of job updated: 314
	314  -  MemoryUsage of job (MB)
	321888  -  ResidentSetSize of job (KB)
...
006 (33269306.000.000) 09/26 12:15:36 Image size of job updated: 332
	332  -  MemoryUsage of job (MB)
	340332  -  ResidentSetSize of job (KB)
...
006 (33269306.000.000) 09/26 12:15:50 Image size of job updated: 337
	337  -  MemoryUsage of job (MB)
	345900  -  ResidentSetSize of job (KB)
...
005 (33269306.000.000) 09/26 12:15:50 Job terminated.
	(1) Normal termination (return value 0)
		Usr 0 00:02:58, Sys 0 00:00:05  -  Run Remote Usage
		Usr 0 00:00:00, Sys 0 00:00:00  -  Run Local Usage
		Usr 0 00:02:58, Sys 0 00:00:05  -  Total Remote Usage
		Usr 0 00:00:00, Sys 0 00:00:00  -  Total Local Usage
	29160  -  Run Bytes Sent By Job
	11542161  -  Run Bytes Received By Job
	29160  -  Total Bytes Sent By Job
	11542161  -  Total Bytes Received By Job
	Partitionable Resources :    Usage  Request Allocated 
	   Cpus                 :     0.00        1         1 
	   Disk (KB)            : 11326       12500   1650847 
	   Memory (MB)          :   337        2048      2048 
...
