Wed Oct  2 18:17:56 UTC 2019
CMSSW_10_2_13.tgz
_condor_stderr
_condor_stdout
card_rhalphabet_all_2016_floatZ.root
condor_exec.exe
docker_stderror
runjob.sh
tmp
var
x509up_u51467
Resetting caches
Done: ProjectRename
Execute with git status/log:
On branch deco
Your branch is up to date with 'origin/deco'.

nothing to commit (use -u to show untracked files)
commit 50bb522fd9cac6f195f38bcb1c98c9f510168e4d
Author: Martin <ka_hei_martin_kwok@brown.edu>
Date:   Thu Sep 26 16:01:20 2019 -0500

    add ftest running script
 <<< Combine >>> 
Will use saturated models to compute goodness of fit for a binned likelihood
>>> method used is GoodnessOfFit
>>> random number generator seed is 123456
Set Range of Parameter r To : (-20,20)
Set Default Value of Parameter r_z To : 1

 --- GoodnessOfFit --- 
Best fit test statistic: 131.229
Done in 0.08 min (cpu), 0.15 min (real)
 <<< Combine >>> 
Will use saturated models to compute goodness of fit for a binned likelihood
>>> method used is GoodnessOfFit
>>> random number generator seed is 0
Set Range of Parameter r To : (-20,20)
Set Default Value of Parameter r_z To : 1
Generate toy 1/10

 --- GoodnessOfFit --- 
Best fit test statistic: 100.881
Done in 0.06 min (cpu), 0.06 min (real)
Generate toy 2/10

 --- GoodnessOfFit --- 
Best fit test statistic: 106.422
Done in 0.06 min (cpu), 0.06 min (real)
Generate toy 3/10

 --- GoodnessOfFit --- 
Best fit test statistic: 115.907
Done in 0.06 min (cpu), 0.06 min (real)
Generate toy 4/10

 --- GoodnessOfFit --- 
Best fit test statistic: 91.2535
Done in 0.07 min (cpu), 0.07 min (real)
Generate toy 5/10

 --- GoodnessOfFit --- 
Best fit test statistic: 96.5796
Done in 0.07 min (cpu), 0.07 min (real)
Generate toy 6/10

 --- GoodnessOfFit --- 
Best fit test statistic: 112.563
Done in 0.07 min (cpu), 0.07 min (real)
Generate toy 7/10

 --- GoodnessOfFit --- 
Best fit test statistic: 130.808
Done in 0.08 min (cpu), 0.08 min (real)
Generate toy 8/10

 --- GoodnessOfFit --- 
Best fit test statistic: 121.337
Done in 0.08 min (cpu), 0.08 min (real)
Generate toy 9/10

 --- GoodnessOfFit --- 
Best fit test statistic: 110.04
Done in 0.08 min (cpu), 0.08 min (real)
Generate toy 10/10

 --- GoodnessOfFit --- 
Best fit test statistic: 121.246
Done in 0.08 min (cpu), 0.08 min (real)
mean   expected limit: r < 110.704 +/- 3.87578 @ 95%CL (10 toyMC)
median expected limit: r < 111.301 @ 95%CL (10 toyMC)
   68% expected band : 96.5796 < r < 130.808
   95% expected band : 91.2535 < r < 130.808
combine -M GoodnessOfFit /storage/local/data1/condor/execute/dir_22657/card_rhalphabet_all_2016_floatZ.root  --setParameterRange r=-20,20  --setParameters r_z=1 --algorithm saturated -n card_rhalphabet_all_2016_floatZ --freezeParameters r_z --redefineSignalPOIs r
cp higgsCombinecard_rhalphabet_all_2016_floatZ.GoodnessOfFit.mH120.root /storage/local/data1/condor/execute/dir_22657//goodbase_0.root
combine -M GoodnessOfFit /storage/local/data1/condor/execute/dir_22657/card_rhalphabet_all_2016_floatZ.root  --setParameterRange r=-20,20  --setParameters r_z=1 -s 0 -t 10 --toysFrequentist --algorithm saturated -n card_rhalphabet_all_2016_floatZ --freezeParameters r_z --redefineSignalPOIs r
cp higgsCombinecard_rhalphabet_all_2016_floatZ.GoodnessOfFit.mH120.0.root /storage/local/data1/condor/execute/dir_22657//goodtoys_0.root
GoodnessOfFit p-value 1.0
 FCN=5.60902 FROM MINOS     STATUS=SUCCESSFUL     24 CALLS         234 TOTAL
                     EDM=2.92275e-07    STRATEGY= 1      ERROR MATRIX ACCURATE 
  EXT PARAMETER                                   STEP         FIRST   
  NO.   NAME      VALUE            ERROR          SIZE      DERIVATIVE 
   1  p0           3.30296e+01   1.04449e+01  -6.45313e-06  -3.19137e-08
   2  p1           1.11384e+02   4.69867e+00   4.69867e+00  -1.69855e-11
                               ERR DEF= 0.5
Inside /storage/local/data1/condor/execute/dir_22657:
CMSSW_10_2_13
CMSSW_10_2_13.tgz
_condor_stderr
_condor_stdout
card_rhalphabet_all_2016_floatZ.root
condor_exec.exe
docker_stderror
goodbase_0.root
goodness_saturated_card_rhalphabet_all_2016_floatZ.C
goodness_saturated_card_rhalphabet_all_2016_floatZ.pdf
goodtoys_0.root
runjob.sh
tmp
var
x509up_u51467
DELETING...
CMSSW_10_2_13.tgz
_condor_stderr
_condor_stdout
card_rhalphabet_all_2016_floatZ.root
condor_exec.exe
docker_stderror
goodbase_0.root
goodtoys_0.root
runjob.sh
tmp
var
x509up_u51467
Wed Oct  2 18:19:53 UTC 2019
