000 (3393443.000.000) 10/02 13:17:45 Job submitted from host: <131.225.188.55:9618?addrs=131.225.188.55-9618&noUDP&sock=5992_9792_3>
...
001 (3393443.000.000) 10/02 13:17:54 Job executing on host: <131.225.191.175:9618?addrs=131.225.191.175-9618&noUDP&sock=4555_edfa_3>
...
006 (3393443.000.000) 10/02 13:18:03 Image size of job updated: 13
	13  -  MemoryUsage of job (MB)
	13708  -  ResidentSetSize of job (KB)
...
006 (3393443.000.000) 10/02 13:19:03 Image size of job updated: 297
	297  -  MemoryUsage of job (MB)
	304640  -  ResidentSetSize of job (KB)
...
006 (3393443.000.000) 10/02 13:19:54 Image size of job updated: 316
	316  -  MemoryUsage of job (MB)
	324236  -  ResidentSetSize of job (KB)
...
005 (3393443.000.000) 10/02 13:19:54 Job terminated.
	(1) Normal termination (return value 0)
		Usr 0 00:01:11, Sys 0 00:00:04  -  Run Remote Usage
		Usr 0 00:00:00, Sys 0 00:00:00  -  Run Local Usage
		Usr 0 00:01:11, Sys 0 00:00:04  -  Total Remote Usage
		Usr 0 00:00:00, Sys 0 00:00:00  -  Total Local Usage
	23656  -  Run Bytes Sent By Job
	11545665  -  Run Bytes Received By Job
	23656  -  Total Bytes Sent By Job
	11545665  -  Total Bytes Received By Job
	Partitionable Resources :    Usage  Request Allocated 
	   Cpus                 :     0.00        1         1 
	   Disk (KB)            : 11319       12500    331190 
	   Memory (MB)          :   316        2048      2048 
...
